18:23:13 DEBUG : Logs will be stored at 'C:/Users/jacka/lab6_2_try2/workspace/IDE.log'.
18:23:16 INFO  : Launching XSCT server: xsct.bat -n  -interactive C:\Users\jacka\lab6_2_try2\workspace\temp_xsdb_launch_script.tcl
18:23:16 INFO  : Platform repository initialization has completed.
18:23:17 INFO  : Registering command handlers for Vitis TCF services
18:23:19 INFO  : XSCT server has started successfully.
18:23:19 INFO  : Successfully done setting XSCT server connection channel  
18:23:19 INFO  : plnx-install-location is set to ''
18:23:19 INFO  : Successfully done setting workspace for the tool. 
18:23:19 INFO  : Successfully done query RDI_DATADIR 
18:25:06 INFO  : Result from executing command 'getProjects': mb_usb_hdmi_top
18:25:06 INFO  : Result from executing command 'getPlatforms': 
18:25:06 WARN  : An unexpected exception occurred in the module 'platform project logging'
18:25:06 INFO  : Platform 'mb_usb_hdmi_top' is added to custom repositories.
18:25:08 INFO  : Platform 'mb_usb_hdmi_top' is added to custom repositories.
18:35:07 INFO  : Hardware specification for platform project 'mb_usb_hdmi_top' is updated.
18:35:17 INFO  : Result from executing command 'removePlatformRepo': 
18:36:08 INFO  : Result from executing command 'getProjects': mb_usb_hdmi_top
18:36:08 INFO  : Result from executing command 'getPlatforms': 
18:36:08 INFO  : Checking for BSP changes to sync application flags for project 'mb_usb'...
18:37:52 INFO  : Connected to target on host '127.0.0.1' and port '3121'.
18:37:53 INFO  : Jtag cable 'RealDigital Boo 887100000007A' is selected.
18:37:53 INFO  : 'jtag frequency' command is executed.
18:37:53 INFO  : 'targets -set -filter {jtag_cable_name =~ "RealDigital Boo 887100000007A" && level==0 && jtag_device_ctx=="jsn1-0362f093-0"}' command is executed.
18:37:54 INFO  : Device configured successfully with "C:/Users/jacka/lab6_2_try2/workspace/mb_usb/_ide/bitstream/mb_usb_hdmi_top.bit"
18:37:54 INFO  : Context for processor 'microblaze_0' is selected.
18:37:54 INFO  : Hardware design and registers information is loaded from 'C:/Users/jacka/lab6_2_try2/workspace/mb_usb_hdmi_top/export/mb_usb_hdmi_top/hw/mb_usb_hdmi_top.xsa'.
18:37:54 INFO  : 'configparams mdm-detect-bscan-mask 2' command is executed.
18:37:54 INFO  : Context for processor 'microblaze_0' is selected.
18:37:54 INFO  : System reset is completed.
18:37:57 INFO  : 'after 3000' command is executed.
18:37:57 INFO  : Context for processor 'microblaze_0' is selected.
18:37:57 INFO  : The application 'C:/Users/jacka/lab6_2_try2/workspace/mb_usb/Debug/mb_usb.elf' is downloaded to processor 'microblaze_0'.
18:37:57 INFO  : ----------------XSDB Script----------------
connect -url tcp:127.0.0.1:3121
targets -set -filter {jtag_cable_name =~ "RealDigital Boo 887100000007A" && level==0 && jtag_device_ctx=="jsn1-0362f093-0"}
fpga -file C:/Users/jacka/lab6_2_try2/workspace/mb_usb/_ide/bitstream/mb_usb_hdmi_top.bit
targets -set -nocase -filter {name =~ "*microblaze*#0" && bscan=="USER2" }
loadhw -hw C:/Users/jacka/lab6_2_try2/workspace/mb_usb_hdmi_top/export/mb_usb_hdmi_top/hw/mb_usb_hdmi_top.xsa -regs
configparams mdm-detect-bscan-mask 2
targets -set -nocase -filter {name =~ "*microblaze*#0" && bscan=="USER2" }
rst -system
after 3000
targets -set -nocase -filter {name =~ "*microblaze*#0" && bscan=="USER2" }
dow C:/Users/jacka/lab6_2_try2/workspace/mb_usb/Debug/mb_usb.elf
----------------End of Script----------------

18:37:57 INFO  : Context for processor 'microblaze_0' is selected.
18:37:57 INFO  : 'con' command is executed.
18:37:57 INFO  : ----------------XSDB Script (After Launch)----------------
targets -set -nocase -filter {name =~ "*microblaze*#0" && bscan=="USER2" }
con
----------------End of Script----------------

18:37:57 INFO  : Disconnected from the channel tcfchan#3.
18:50:27 DEBUG : Logs will be stored at 'C:/Users/jacka/lab6_2_try2/workspace/IDE.log'.
18:50:28 INFO  : Launching XSCT server: xsct.bat -n  -interactive C:\Users\jacka\lab6_2_try2\workspace\temp_xsdb_launch_script.tcl
18:50:40 INFO  : XSCT server has started successfully.
18:50:40 INFO  : plnx-install-location is set to ''
18:50:40 INFO  : Successfully done setting XSCT server connection channel  
18:50:40 INFO  : Successfully done setting workspace for the tool. 
18:50:51 INFO  : Registering command handlers for Vitis TCF services
18:50:51 INFO  : Platform repository initialization has completed.
18:51:10 INFO  : Successfully done query RDI_DATADIR 
19:03:34 INFO  : Result from executing command 'removePlatformRepo': 
19:06:18 INFO  : Result from executing command 'getProjects': mb_usb_hdmi_top
19:06:19 INFO  : Result from executing command 'getPlatforms': 
19:06:19 INFO  : Checking for BSP changes to sync application flags for project 'mb_usb'...
19:07:12 INFO  : Connected to target on host '127.0.0.1' and port '3121'.
19:07:13 INFO  : Jtag cable 'RealDigital Boo 887100000007A' is selected.
19:07:13 INFO  : 'jtag frequency' command is executed.
19:07:14 INFO  : 'targets -set -filter {jtag_cable_name =~ "RealDigital Boo 887100000007A" && level==0 && jtag_device_ctx=="jsn1-0362f093-0"}' command is executed.
19:07:16 INFO  : Device configured successfully with "C:/Users/jacka/lab6_2_try2/workspace/mb_usb/_ide/bitstream/mb_usb_hdmi_top.bit"
19:07:16 INFO  : Context for processor 'microblaze_0' is selected.
19:07:16 INFO  : Hardware design and registers information is loaded from 'C:/Users/jacka/lab6_2_try2/workspace/mb_usb_hdmi_top/export/mb_usb_hdmi_top/hw/mb_usb_hdmi_top.xsa'.
19:07:16 INFO  : 'configparams mdm-detect-bscan-mask 2' command is executed.
19:07:16 INFO  : Context for processor 'microblaze_0' is selected.
19:07:16 INFO  : System reset is completed.
19:07:19 INFO  : 'after 3000' command is executed.
19:07:19 INFO  : Context for processor 'microblaze_0' is selected.
19:07:19 INFO  : The application 'C:/Users/jacka/lab6_2_try2/workspace/mb_usb/Debug/mb_usb.elf' is downloaded to processor 'microblaze_0'.
19:07:19 INFO  : ----------------XSDB Script----------------
connect -url tcp:127.0.0.1:3121
targets -set -filter {jtag_cable_name =~ "RealDigital Boo 887100000007A" && level==0 && jtag_device_ctx=="jsn1-0362f093-0"}
fpga -file C:/Users/jacka/lab6_2_try2/workspace/mb_usb/_ide/bitstream/mb_usb_hdmi_top.bit
targets -set -nocase -filter {name =~ "*microblaze*#0" && bscan=="USER2" }
loadhw -hw C:/Users/jacka/lab6_2_try2/workspace/mb_usb_hdmi_top/export/mb_usb_hdmi_top/hw/mb_usb_hdmi_top.xsa -regs
configparams mdm-detect-bscan-mask 2
targets -set -nocase -filter {name =~ "*microblaze*#0" && bscan=="USER2" }
rst -system
after 3000
targets -set -nocase -filter {name =~ "*microblaze*#0" && bscan=="USER2" }
dow C:/Users/jacka/lab6_2_try2/workspace/mb_usb/Debug/mb_usb.elf
----------------End of Script----------------

19:07:19 INFO  : Context for processor 'microblaze_0' is selected.
19:07:20 INFO  : 'con' command is executed.
19:07:20 INFO  : ----------------XSDB Script (After Launch)----------------
targets -set -nocase -filter {name =~ "*microblaze*#0" && bscan=="USER2" }
con
----------------End of Script----------------

19:07:20 INFO  : Disconnected from the channel tcfchan#3.
19:20:43 INFO  : Hardware specification for platform project 'mb_usb_hdmi_top' is updated.
19:21:06 INFO  : Result from executing command 'removePlatformRepo': 
19:21:25 INFO  : Result from executing command 'getProjects': mb_usb_hdmi_top
19:21:25 INFO  : Result from executing command 'getPlatforms': 
19:21:25 INFO  : Checking for BSP changes to sync application flags for project 'mb_usb'...
19:21:32 INFO  : The hardware specification used by project 'mb_usb' is out of sync with the platform. Resource files extracted from the hardware specification will be updated.
19:21:32 INFO  : The file 'C:\Users\jacka\lab6_2_try2\workspace\mb_usb\_ide\bitstream\mb_usb_hdmi_top.bit' stored in project is removed.
19:21:32 INFO  : The file 'C:\Users\jacka\lab6_2_try2\workspace\mb_usb\_ide\bitstream\mb_usb_hdmi_top.mmi' stored in project is removed.
19:21:32 INFO  : The updated bitstream files are copied from platform to folder 'C:\Users\jacka\lab6_2_try2\workspace\mb_usb\_ide\bitstream' in project 'mb_usb'.
19:22:13 INFO  : Connected to target on host '127.0.0.1' and port '3121'.
19:22:13 INFO  : Jtag cable 'RealDigital Boo 887100000007A' is selected.
19:22:13 INFO  : 'jtag frequency' command is executed.
19:22:14 INFO  : 'targets -set -filter {jtag_cable_name =~ "RealDigital Boo 887100000007A" && level==0 && jtag_device_ctx=="jsn1-0362f093-0"}' command is executed.
19:22:15 INFO  : Device configured successfully with "C:/Users/jacka/lab6_2_try2/workspace/mb_usb/_ide/bitstream/mb_usb_hdmi_top.bit"
19:22:15 INFO  : Context for processor 'microblaze_0' is selected.
19:22:15 INFO  : Hardware design and registers information is loaded from 'C:/Users/jacka/lab6_2_try2/workspace/mb_usb_hdmi_top/export/mb_usb_hdmi_top/hw/mb_usb_hdmi_top.xsa'.
19:22:15 INFO  : 'configparams mdm-detect-bscan-mask 2' command is executed.
19:22:15 INFO  : Context for processor 'microblaze_0' is selected.
19:22:15 INFO  : System reset is completed.
19:22:18 INFO  : 'after 3000' command is executed.
19:22:18 INFO  : Context for processor 'microblaze_0' is selected.
19:22:18 INFO  : The application 'C:/Users/jacka/lab6_2_try2/workspace/mb_usb/Debug/mb_usb.elf' is downloaded to processor 'microblaze_0'.
19:22:18 INFO  : ----------------XSDB Script----------------
connect -url tcp:127.0.0.1:3121
targets -set -filter {jtag_cable_name =~ "RealDigital Boo 887100000007A" && level==0 && jtag_device_ctx=="jsn1-0362f093-0"}
fpga -file C:/Users/jacka/lab6_2_try2/workspace/mb_usb/_ide/bitstream/mb_usb_hdmi_top.bit
targets -set -nocase -filter {name =~ "*microblaze*#0" && bscan=="USER2" }
loadhw -hw C:/Users/jacka/lab6_2_try2/workspace/mb_usb_hdmi_top/export/mb_usb_hdmi_top/hw/mb_usb_hdmi_top.xsa -regs
configparams mdm-detect-bscan-mask 2
targets -set -nocase -filter {name =~ "*microblaze*#0" && bscan=="USER2" }
rst -system
after 3000
targets -set -nocase -filter {name =~ "*microblaze*#0" && bscan=="USER2" }
dow C:/Users/jacka/lab6_2_try2/workspace/mb_usb/Debug/mb_usb.elf
----------------End of Script----------------

19:22:18 INFO  : Context for processor 'microblaze_0' is selected.
19:22:18 INFO  : 'con' command is executed.
19:22:18 INFO  : ----------------XSDB Script (After Launch)----------------
targets -set -nocase -filter {name =~ "*microblaze*#0" && bscan=="USER2" }
con
----------------End of Script----------------

19:22:19 INFO  : Disconnected from the channel tcfchan#6.
19:38:47 INFO  : Hardware specification for platform project 'mb_usb_hdmi_top' is updated.
19:38:57 INFO  : Result from executing command 'removePlatformRepo': 
19:39:13 INFO  : Result from executing command 'getProjects': mb_usb_hdmi_top
19:39:13 INFO  : Result from executing command 'getPlatforms': 
19:39:15 INFO  : Checking for BSP changes to sync application flags for project 'mb_usb'...
19:39:20 INFO  : The hardware specification used by project 'mb_usb' is out of sync with the platform. Resource files extracted from the hardware specification will be updated.
19:39:20 INFO  : The file 'C:\Users\jacka\lab6_2_try2\workspace\mb_usb\_ide\bitstream\mb_usb_hdmi_top.bit' stored in project is removed.
19:39:20 INFO  : The file 'C:\Users\jacka\lab6_2_try2\workspace\mb_usb\_ide\bitstream\mb_usb_hdmi_top.mmi' stored in project is removed.
19:39:20 INFO  : The updated bitstream files are copied from platform to folder 'C:\Users\jacka\lab6_2_try2\workspace\mb_usb\_ide\bitstream' in project 'mb_usb'.
19:39:55 INFO  : Connected to target on host '127.0.0.1' and port '3121'.
19:39:55 INFO  : Jtag cable 'RealDigital Boo 887100000007A' is selected.
19:39:55 INFO  : 'jtag frequency' command is executed.
19:39:55 INFO  : 'targets -set -filter {jtag_cable_name =~ "RealDigital Boo 887100000007A" && level==0 && jtag_device_ctx=="jsn1-0362f093-0"}' command is executed.
19:39:57 INFO  : Device configured successfully with "C:/Users/jacka/lab6_2_try2/workspace/mb_usb/_ide/bitstream/mb_usb_hdmi_top.bit"
19:39:57 INFO  : Context for processor 'microblaze_0' is selected.
19:39:57 INFO  : Hardware design and registers information is loaded from 'C:/Users/jacka/lab6_2_try2/workspace/mb_usb_hdmi_top/export/mb_usb_hdmi_top/hw/mb_usb_hdmi_top.xsa'.
19:39:57 INFO  : 'configparams mdm-detect-bscan-mask 2' command is executed.
19:39:57 INFO  : Context for processor 'microblaze_0' is selected.
19:39:57 INFO  : System reset is completed.
19:40:00 INFO  : 'after 3000' command is executed.
19:40:00 INFO  : Context for processor 'microblaze_0' is selected.
19:40:00 INFO  : The application 'C:/Users/jacka/lab6_2_try2/workspace/mb_usb/Debug/mb_usb.elf' is downloaded to processor 'microblaze_0'.
19:40:00 INFO  : ----------------XSDB Script----------------
connect -url tcp:127.0.0.1:3121
targets -set -filter {jtag_cable_name =~ "RealDigital Boo 887100000007A" && level==0 && jtag_device_ctx=="jsn1-0362f093-0"}
fpga -file C:/Users/jacka/lab6_2_try2/workspace/mb_usb/_ide/bitstream/mb_usb_hdmi_top.bit
targets -set -nocase -filter {name =~ "*microblaze*#0" && bscan=="USER2" }
loadhw -hw C:/Users/jacka/lab6_2_try2/workspace/mb_usb_hdmi_top/export/mb_usb_hdmi_top/hw/mb_usb_hdmi_top.xsa -regs
configparams mdm-detect-bscan-mask 2
targets -set -nocase -filter {name =~ "*microblaze*#0" && bscan=="USER2" }
rst -system
after 3000
targets -set -nocase -filter {name =~ "*microblaze*#0" && bscan=="USER2" }
dow C:/Users/jacka/lab6_2_try2/workspace/mb_usb/Debug/mb_usb.elf
----------------End of Script----------------

19:40:00 INFO  : Context for processor 'microblaze_0' is selected.
19:40:00 INFO  : 'con' command is executed.
19:40:00 INFO  : ----------------XSDB Script (After Launch)----------------
targets -set -nocase -filter {name =~ "*microblaze*#0" && bscan=="USER2" }
con
----------------End of Script----------------

19:40:00 INFO  : Disconnected from the channel tcfchan#9.
