01:26:50 **** Build of project mb_usb_hdmi_top ****
buildplatform.bat 58838 mb_usb_hdmi_top  
XSDB Server Channel: tcfchan#4
 Error in deleting the directory boost::filesystem::remove: The process cannot access the file because it is being used by another process: "C:/Users/jacka/lab7_2try1/workspace/mb_usb_hdmi_top/microblaze_0/standalone_microblaze_0/bsp\microblaze_0\libsrc\cpu_v2_16"
 Error in deleting the directory boost::filesystem::remove: The process cannot access the file because it is being used by another process: "C:/Users/jacka/lab7_2try1/workspace/mb_usb_hdmi_top/microblaze_0/standalone_microblaze_0/bsp\microblaze_0\libsrc\cpu_v2_16"
Building the BSP Library for domain  - standalone_microblaze_0 on processor microblaze_0
make: *** No targets specified and no makefile found.  Stop.
Failed to build  the bsp sources for domain - standalone_microblaze_0
Failed to generate the platform.
Reason: Failed to build  the bsp sources for domain - standalone_microblaze_0
    invoked from within
"::tcf::eval -progress {apply {{msg} {puts $msg}}} {tcf_send_command tcfchan#0 xsdb eval s es {{platform active mb_usb_hdmi_top; platform generate }}}"
    (procedure "::tcf::send_command" line 4)
    invoked from within
"tcf send_command $::xsdb::curchan xsdb eval s es [list "platform active $PLATFORM_NAME; platform generate $target"]"
    invoked from within
"if { $iswindows == 1 } {    

    set XSDB_PORT [lindex $argv 0]
    set PLATFORM_NAME [lindex $argv 1]
    set arglen [llength $argv]
    set lastind..."
    (file "C:/Xilinx/Vitis/2022.2\scripts\vitis\util\buildplatform.tcl" line 11)

01:26:54 Build Finished (took 3s.500ms)

