01:42:28 DEBUG : Logs will be stored at 'C:/Users/jacka/lab7_2try1/workspace2/IDE.log'.
01:42:32 INFO  : Launching XSCT server: xsct.bat -n  -interactive C:\Users\jacka\lab7_2try1\workspace2\temp_xsdb_launch_script.tcl
01:42:32 INFO  : Platform repository initialization has completed.
01:42:33 INFO  : Registering command handlers for Vitis TCF services
01:42:39 INFO  : XSCT server has started successfully.
01:42:39 INFO  : plnx-install-location is set to ''
01:42:39 INFO  : Successfully done setting XSCT server connection channel  
01:42:50 INFO  : Successfully done setting workspace for the tool. 
01:42:50 INFO  : Successfully done query RDI_DATADIR 
01:43:17 INFO  : Result from executing command 'getProjects': mb_usb_hdmi_top
01:43:17 INFO  : Result from executing command 'getPlatforms': 
01:43:17 WARN  : An unexpected exception occurred in the module 'platform project logging'
01:43:17 INFO  : Platform 'mb_usb_hdmi_top' is added to custom repositories.
01:43:19 INFO  : Platform 'mb_usb_hdmi_top' is added to custom repositories.
01:45:39 INFO  : Result from executing command 'removePlatformRepo': 
01:46:04 INFO  : Result from executing command 'getProjects': mb_usb_hdmi_top
01:46:04 INFO  : Result from executing command 'getPlatforms': 
01:46:04 INFO  : Checking for BSP changes to sync application flags for project 'mb_helpme'...
01:46:45 INFO  : Connected to target on host '127.0.0.1' and port '3121'.
01:46:46 INFO  : Jtag cable 'RealDigital Boo 887100000007A' is selected.
01:46:46 INFO  : 'jtag frequency' command is executed.
01:46:46 INFO  : 'targets -set -filter {jtag_cable_name =~ "RealDigital Boo 887100000007A" && level==0 && jtag_device_ctx=="jsn1-0362f093-0"}' command is executed.
01:46:47 INFO  : Device configured successfully with "C:/Users/jacka/lab7_2try1/workspace2/mb_helpme/_ide/bitstream/mb_usb_hdmi_top.bit"
01:46:48 INFO  : Context for processor 'microblaze_0' is selected.
01:46:48 INFO  : Hardware design and registers information is loaded from 'C:/Users/jacka/lab7_2try1/workspace2/mb_usb_hdmi_top/export/mb_usb_hdmi_top/hw/mb_usb_hdmi_top.xsa'.
01:46:48 INFO  : 'configparams mdm-detect-bscan-mask 2' command is executed.
01:46:48 INFO  : Context for processor 'microblaze_0' is selected.
01:46:48 INFO  : System reset is completed.
01:46:51 INFO  : 'after 3000' command is executed.
01:46:51 INFO  : Context for processor 'microblaze_0' is selected.
01:46:51 INFO  : The application 'C:/Users/jacka/lab7_2try1/workspace2/mb_helpme/Debug/mb_helpme.elf' is downloaded to processor 'microblaze_0'.
01:46:51 INFO  : ----------------XSDB Script----------------
connect -url tcp:127.0.0.1:3121
targets -set -filter {jtag_cable_name =~ "RealDigital Boo 887100000007A" && level==0 && jtag_device_ctx=="jsn1-0362f093-0"}
fpga -file C:/Users/jacka/lab7_2try1/workspace2/mb_helpme/_ide/bitstream/mb_usb_hdmi_top.bit
targets -set -nocase -filter {name =~ "*microblaze*#0" && bscan=="USER2" }
loadhw -hw C:/Users/jacka/lab7_2try1/workspace2/mb_usb_hdmi_top/export/mb_usb_hdmi_top/hw/mb_usb_hdmi_top.xsa -regs
configparams mdm-detect-bscan-mask 2
targets -set -nocase -filter {name =~ "*microblaze*#0" && bscan=="USER2" }
rst -system
after 3000
targets -set -nocase -filter {name =~ "*microblaze*#0" && bscan=="USER2" }
dow C:/Users/jacka/lab7_2try1/workspace2/mb_helpme/Debug/mb_helpme.elf
----------------End of Script----------------

01:46:51 INFO  : Context for processor 'microblaze_0' is selected.
01:46:51 INFO  : 'con' command is executed.
01:46:51 INFO  : ----------------XSDB Script (After Launch)----------------
targets -set -nocase -filter {name =~ "*microblaze*#0" && bscan=="USER2" }
con
----------------End of Script----------------

01:46:51 INFO  : Disconnected from the channel tcfchan#3.
02:08:09 INFO  : Hardware specification for platform project 'mb_usb_hdmi_top' is updated.
02:08:54 INFO  : Result from executing command 'removePlatformRepo': 
02:09:15 INFO  : Result from executing command 'getProjects': mb_usb_hdmi_top
02:09:15 INFO  : Result from executing command 'getPlatforms': 
02:09:15 INFO  : Checking for BSP changes to sync application flags for project 'mb_helpme'...
02:09:19 INFO  : The hardware specification used by project 'mb_helpme' is out of sync with the platform. Resource files extracted from the hardware specification will be updated.
02:09:19 INFO  : The file 'C:\Users\jacka\lab7_2try1\workspace2\mb_helpme\_ide\bitstream\mb_usb_hdmi_top.bit' stored in project is removed.
02:09:19 INFO  : The file 'C:\Users\jacka\lab7_2try1\workspace2\mb_helpme\_ide\bitstream\mb_usb_hdmi_top.mmi' stored in project is removed.
02:09:19 INFO  : The updated bitstream files are copied from platform to folder 'C:\Users\jacka\lab7_2try1\workspace2\mb_helpme\_ide\bitstream' in project 'mb_helpme'.
02:09:56 INFO  : Connected to target on host '127.0.0.1' and port '3121'.
02:09:56 INFO  : Jtag cable 'RealDigital Boo 887100000007A' is selected.
02:09:56 INFO  : 'jtag frequency' command is executed.
02:09:57 INFO  : 'targets -set -filter {jtag_cable_name =~ "RealDigital Boo 887100000007A" && level==0 && jtag_device_ctx=="jsn1-0362f093-0"}' command is executed.
02:09:58 INFO  : Device configured successfully with "C:/Users/jacka/lab7_2try1/workspace2/mb_helpme/_ide/bitstream/mb_usb_hdmi_top.bit"
02:09:58 INFO  : Context for processor 'microblaze_0' is selected.
02:09:58 INFO  : Hardware design and registers information is loaded from 'C:/Users/jacka/lab7_2try1/workspace2/mb_usb_hdmi_top/export/mb_usb_hdmi_top/hw/mb_usb_hdmi_top.xsa'.
02:09:58 INFO  : 'configparams mdm-detect-bscan-mask 2' command is executed.
02:09:58 INFO  : Context for processor 'microblaze_0' is selected.
02:09:58 INFO  : System reset is completed.
02:10:01 INFO  : 'after 3000' command is executed.
02:10:01 INFO  : Context for processor 'microblaze_0' is selected.
02:10:02 INFO  : The application 'C:/Users/jacka/lab7_2try1/workspace2/mb_helpme/Debug/mb_helpme.elf' is downloaded to processor 'microblaze_0'.
02:10:02 INFO  : ----------------XSDB Script----------------
connect -url tcp:127.0.0.1:3121
targets -set -filter {jtag_cable_name =~ "RealDigital Boo 887100000007A" && level==0 && jtag_device_ctx=="jsn1-0362f093-0"}
fpga -file C:/Users/jacka/lab7_2try1/workspace2/mb_helpme/_ide/bitstream/mb_usb_hdmi_top.bit
targets -set -nocase -filter {name =~ "*microblaze*#0" && bscan=="USER2" }
loadhw -hw C:/Users/jacka/lab7_2try1/workspace2/mb_usb_hdmi_top/export/mb_usb_hdmi_top/hw/mb_usb_hdmi_top.xsa -regs
configparams mdm-detect-bscan-mask 2
targets -set -nocase -filter {name =~ "*microblaze*#0" && bscan=="USER2" }
rst -system
after 3000
targets -set -nocase -filter {name =~ "*microblaze*#0" && bscan=="USER2" }
dow C:/Users/jacka/lab7_2try1/workspace2/mb_helpme/Debug/mb_helpme.elf
----------------End of Script----------------

02:10:02 INFO  : Context for processor 'microblaze_0' is selected.
02:10:02 INFO  : 'con' command is executed.
02:10:02 INFO  : ----------------XSDB Script (After Launch)----------------
targets -set -nocase -filter {name =~ "*microblaze*#0" && bscan=="USER2" }
con
----------------End of Script----------------

02:10:02 INFO  : Disconnected from the channel tcfchan#6.
02:24:11 INFO  : Hardware specification for platform project 'mb_usb_hdmi_top' is updated.
02:24:28 INFO  : Result from executing command 'removePlatformRepo': 
02:24:40 INFO  : Result from executing command 'getProjects': mb_usb_hdmi_top
02:24:40 INFO  : Result from executing command 'getPlatforms': 
02:24:40 INFO  : Checking for BSP changes to sync application flags for project 'mb_helpme'...
02:24:43 INFO  : The hardware specification used by project 'mb_helpme' is out of sync with the platform. Resource files extracted from the hardware specification will be updated.
02:24:43 INFO  : The file 'C:\Users\jacka\lab7_2try1\workspace2\mb_helpme\_ide\bitstream\mb_usb_hdmi_top.bit' stored in project is removed.
02:24:43 INFO  : The file 'C:\Users\jacka\lab7_2try1\workspace2\mb_helpme\_ide\bitstream\mb_usb_hdmi_top.mmi' stored in project is removed.
02:24:43 INFO  : The updated bitstream files are copied from platform to folder 'C:\Users\jacka\lab7_2try1\workspace2\mb_helpme\_ide\bitstream' in project 'mb_helpme'.
02:24:56 INFO  : Connected to target on host '127.0.0.1' and port '3121'.
02:24:57 INFO  : Jtag cable 'RealDigital Boo 887100000007A' is selected.
02:24:57 INFO  : 'jtag frequency' command is executed.
02:24:57 INFO  : 'targets -set -filter {jtag_cable_name =~ "RealDigital Boo 887100000007A" && level==0 && jtag_device_ctx=="jsn1-0362f093-0"}' command is executed.
02:24:58 INFO  : Device configured successfully with "C:/Users/jacka/lab7_2try1/workspace2/mb_helpme/_ide/bitstream/mb_usb_hdmi_top.bit"
02:24:58 INFO  : Context for processor 'microblaze_0' is selected.
02:24:58 INFO  : Hardware design and registers information is loaded from 'C:/Users/jacka/lab7_2try1/workspace2/mb_usb_hdmi_top/export/mb_usb_hdmi_top/hw/mb_usb_hdmi_top.xsa'.
02:24:58 INFO  : 'configparams mdm-detect-bscan-mask 2' command is executed.
02:24:58 INFO  : Context for processor 'microblaze_0' is selected.
02:24:58 INFO  : System reset is completed.
02:25:01 INFO  : 'after 3000' command is executed.
02:25:01 INFO  : Context for processor 'microblaze_0' is selected.
02:25:02 INFO  : The application 'C:/Users/jacka/lab7_2try1/workspace2/mb_helpme/Debug/mb_helpme.elf' is downloaded to processor 'microblaze_0'.
02:25:02 INFO  : ----------------XSDB Script----------------
connect -url tcp:127.0.0.1:3121
targets -set -filter {jtag_cable_name =~ "RealDigital Boo 887100000007A" && level==0 && jtag_device_ctx=="jsn1-0362f093-0"}
fpga -file C:/Users/jacka/lab7_2try1/workspace2/mb_helpme/_ide/bitstream/mb_usb_hdmi_top.bit
targets -set -nocase -filter {name =~ "*microblaze*#0" && bscan=="USER2" }
loadhw -hw C:/Users/jacka/lab7_2try1/workspace2/mb_usb_hdmi_top/export/mb_usb_hdmi_top/hw/mb_usb_hdmi_top.xsa -regs
configparams mdm-detect-bscan-mask 2
targets -set -nocase -filter {name =~ "*microblaze*#0" && bscan=="USER2" }
rst -system
after 3000
targets -set -nocase -filter {name =~ "*microblaze*#0" && bscan=="USER2" }
dow C:/Users/jacka/lab7_2try1/workspace2/mb_helpme/Debug/mb_helpme.elf
----------------End of Script----------------

02:25:02 INFO  : Context for processor 'microblaze_0' is selected.
02:25:02 INFO  : 'con' command is executed.
02:25:02 INFO  : ----------------XSDB Script (After Launch)----------------
targets -set -nocase -filter {name =~ "*microblaze*#0" && bscan=="USER2" }
con
----------------End of Script----------------

02:25:02 INFO  : Disconnected from the channel tcfchan#9.
02:25:40 INFO  : Connected to target on host '127.0.0.1' and port '3121'.
02:25:40 INFO  : Jtag cable 'RealDigital Boo 887100000007A' is selected.
02:25:40 INFO  : 'jtag frequency' command is executed.
02:25:40 INFO  : 'targets -set -filter {jtag_cable_name =~ "RealDigital Boo 887100000007A" && level==0 && jtag_device_ctx=="jsn1-0362f093-0"}' command is executed.
02:25:42 INFO  : Device configured successfully with "C:/Users/jacka/lab7_2try1/workspace2/mb_helpme/_ide/bitstream/mb_usb_hdmi_top.bit"
02:25:42 INFO  : Context for processor 'microblaze_0' is selected.
02:25:42 INFO  : Hardware design and registers information is loaded from 'C:/Users/jacka/lab7_2try1/workspace2/mb_usb_hdmi_top/export/mb_usb_hdmi_top/hw/mb_usb_hdmi_top.xsa'.
02:25:42 INFO  : 'configparams mdm-detect-bscan-mask 2' command is executed.
02:25:42 INFO  : Context for processor 'microblaze_0' is selected.
02:25:42 INFO  : System reset is completed.
02:25:45 INFO  : 'after 3000' command is executed.
02:25:45 INFO  : Context for processor 'microblaze_0' is selected.
02:25:45 INFO  : The application 'C:/Users/jacka/lab7_2try1/workspace2/mb_helpme/Debug/mb_helpme.elf' is downloaded to processor 'microblaze_0'.
02:25:45 INFO  : ----------------XSDB Script----------------
connect -url tcp:127.0.0.1:3121
targets -set -filter {jtag_cable_name =~ "RealDigital Boo 887100000007A" && level==0 && jtag_device_ctx=="jsn1-0362f093-0"}
fpga -file C:/Users/jacka/lab7_2try1/workspace2/mb_helpme/_ide/bitstream/mb_usb_hdmi_top.bit
targets -set -nocase -filter {name =~ "*microblaze*#0" && bscan=="USER2" }
loadhw -hw C:/Users/jacka/lab7_2try1/workspace2/mb_usb_hdmi_top/export/mb_usb_hdmi_top/hw/mb_usb_hdmi_top.xsa -regs
configparams mdm-detect-bscan-mask 2
targets -set -nocase -filter {name =~ "*microblaze*#0" && bscan=="USER2" }
rst -system
after 3000
targets -set -nocase -filter {name =~ "*microblaze*#0" && bscan=="USER2" }
dow C:/Users/jacka/lab7_2try1/workspace2/mb_helpme/Debug/mb_helpme.elf
----------------End of Script----------------

02:25:46 INFO  : Context for processor 'microblaze_0' is selected.
02:25:46 INFO  : 'con' command is executed.
02:25:46 INFO  : ----------------XSDB Script (After Launch)----------------
targets -set -nocase -filter {name =~ "*microblaze*#0" && bscan=="USER2" }
con
----------------End of Script----------------

02:25:46 INFO  : Disconnected from the channel tcfchan#10.
04:40:43 INFO  : Hardware specification for platform project 'mb_usb_hdmi_top' is updated.
04:41:01 INFO  : Result from executing command 'removePlatformRepo': 
04:41:14 INFO  : Result from executing command 'getProjects': mb_usb_hdmi_top
04:41:14 INFO  : Result from executing command 'getPlatforms': 
04:41:14 INFO  : Checking for BSP changes to sync application flags for project 'mb_helpme'...
04:41:17 INFO  : The hardware specification used by project 'mb_helpme' is out of sync with the platform. Resource files extracted from the hardware specification will be updated.
04:41:17 INFO  : The file 'C:\Users\jacka\lab7_2try1\workspace2\mb_helpme\_ide\bitstream\mb_usb_hdmi_top.bit' stored in project is removed.
04:41:17 INFO  : The file 'C:\Users\jacka\lab7_2try1\workspace2\mb_helpme\_ide\bitstream\mb_usb_hdmi_top.mmi' stored in project is removed.
04:41:17 INFO  : The updated bitstream files are copied from platform to folder 'C:\Users\jacka\lab7_2try1\workspace2\mb_helpme\_ide\bitstream' in project 'mb_helpme'.
04:43:46 INFO  : Connected to target on host '127.0.0.1' and port '3121'.
04:43:46 INFO  : Jtag cable 'RealDigital Boo 887100000007A' is selected.
04:43:46 INFO  : 'jtag frequency' command is executed.
04:43:46 INFO  : 'targets -set -filter {jtag_cable_name =~ "RealDigital Boo 887100000007A" && level==0 && jtag_device_ctx=="jsn1-0362f093-0"}' command is executed.
04:43:47 INFO  : Device configured successfully with "C:/Users/jacka/lab7_2try1/workspace2/mb_helpme/_ide/bitstream/mb_usb_hdmi_top.bit"
04:43:48 INFO  : Context for processor 'microblaze_0' is selected.
04:43:48 INFO  : Hardware design and registers information is loaded from 'C:/Users/jacka/lab7_2try1/workspace2/mb_usb_hdmi_top/export/mb_usb_hdmi_top/hw/mb_usb_hdmi_top.xsa'.
04:43:48 INFO  : 'configparams mdm-detect-bscan-mask 2' command is executed.
04:43:48 INFO  : Context for processor 'microblaze_0' is selected.
04:43:48 INFO  : System reset is completed.
04:43:51 INFO  : 'after 3000' command is executed.
04:43:51 INFO  : Context for processor 'microblaze_0' is selected.
04:43:51 INFO  : The application 'C:/Users/jacka/lab7_2try1/workspace2/mb_helpme/Debug/mb_helpme.elf' is downloaded to processor 'microblaze_0'.
04:43:51 INFO  : ----------------XSDB Script----------------
connect -url tcp:127.0.0.1:3121
targets -set -filter {jtag_cable_name =~ "RealDigital Boo 887100000007A" && level==0 && jtag_device_ctx=="jsn1-0362f093-0"}
fpga -file C:/Users/jacka/lab7_2try1/workspace2/mb_helpme/_ide/bitstream/mb_usb_hdmi_top.bit
targets -set -nocase -filter {name =~ "*microblaze*#0" && bscan=="USER2" }
loadhw -hw C:/Users/jacka/lab7_2try1/workspace2/mb_usb_hdmi_top/export/mb_usb_hdmi_top/hw/mb_usb_hdmi_top.xsa -regs
configparams mdm-detect-bscan-mask 2
targets -set -nocase -filter {name =~ "*microblaze*#0" && bscan=="USER2" }
rst -system
after 3000
targets -set -nocase -filter {name =~ "*microblaze*#0" && bscan=="USER2" }
dow C:/Users/jacka/lab7_2try1/workspace2/mb_helpme/Debug/mb_helpme.elf
----------------End of Script----------------

04:43:51 INFO  : Context for processor 'microblaze_0' is selected.
04:43:51 INFO  : 'con' command is executed.
04:43:51 INFO  : ----------------XSDB Script (After Launch)----------------
targets -set -nocase -filter {name =~ "*microblaze*#0" && bscan=="USER2" }
con
----------------End of Script----------------

04:43:51 INFO  : Disconnected from the channel tcfchan#13.
04:44:19 INFO  : Connected to target on host '127.0.0.1' and port '3121'.
04:44:19 INFO  : Jtag cable 'RealDigital Boo 887100000007A' is selected.
04:44:19 INFO  : 'jtag frequency' command is executed.
04:44:19 INFO  : 'targets -set -filter {jtag_cable_name =~ "RealDigital Boo 887100000007A" && level==0 && jtag_device_ctx=="jsn1-0362f093-0"}' command is executed.
04:44:20 INFO  : Device configured successfully with "C:/Users/jacka/lab7_2try1/workspace2/mb_helpme/_ide/bitstream/mb_usb_hdmi_top.bit"
04:44:20 INFO  : Context for processor 'microblaze_0' is selected.
04:44:20 INFO  : Hardware design and registers information is loaded from 'C:/Users/jacka/lab7_2try1/workspace2/mb_usb_hdmi_top/export/mb_usb_hdmi_top/hw/mb_usb_hdmi_top.xsa'.
04:44:20 INFO  : 'configparams mdm-detect-bscan-mask 2' command is executed.
04:44:20 INFO  : Context for processor 'microblaze_0' is selected.
04:44:21 INFO  : System reset is completed.
04:44:24 INFO  : 'after 3000' command is executed.
04:44:24 INFO  : Context for processor 'microblaze_0' is selected.
04:44:24 INFO  : The application 'C:/Users/jacka/lab7_2try1/workspace2/mb_helpme/Debug/mb_helpme.elf' is downloaded to processor 'microblaze_0'.
04:44:24 INFO  : ----------------XSDB Script----------------
connect -url tcp:127.0.0.1:3121
targets -set -filter {jtag_cable_name =~ "RealDigital Boo 887100000007A" && level==0 && jtag_device_ctx=="jsn1-0362f093-0"}
fpga -file C:/Users/jacka/lab7_2try1/workspace2/mb_helpme/_ide/bitstream/mb_usb_hdmi_top.bit
targets -set -nocase -filter {name =~ "*microblaze*#0" && bscan=="USER2" }
loadhw -hw C:/Users/jacka/lab7_2try1/workspace2/mb_usb_hdmi_top/export/mb_usb_hdmi_top/hw/mb_usb_hdmi_top.xsa -regs
configparams mdm-detect-bscan-mask 2
targets -set -nocase -filter {name =~ "*microblaze*#0" && bscan=="USER2" }
rst -system
after 3000
targets -set -nocase -filter {name =~ "*microblaze*#0" && bscan=="USER2" }
dow C:/Users/jacka/lab7_2try1/workspace2/mb_helpme/Debug/mb_helpme.elf
----------------End of Script----------------

04:44:24 INFO  : Context for processor 'microblaze_0' is selected.
04:44:24 INFO  : 'con' command is executed.
04:44:24 INFO  : ----------------XSDB Script (After Launch)----------------
targets -set -nocase -filter {name =~ "*microblaze*#0" && bscan=="USER2" }
con
----------------End of Script----------------

04:44:24 INFO  : Disconnected from the channel tcfchan#14.
12:51:45 DEBUG : Logs will be stored at 'C:/Users/jacka/lab7_2try1/workspace2/IDE.log'.
12:51:46 INFO  : Launching XSCT server: xsct.bat -n  -interactive C:\Users\jacka\lab7_2try1\workspace2\temp_xsdb_launch_script.tcl
12:51:51 INFO  : XSCT server has started successfully.
12:51:51 INFO  : plnx-install-location is set to ''
12:51:51 INFO  : Successfully done setting XSCT server connection channel  
12:51:51 INFO  : Successfully done setting workspace for the tool. 
12:51:52 INFO  : Platform repository initialization has completed.
12:51:52 INFO  : Registering command handlers for Vitis TCF services
12:51:52 INFO  : Successfully done query RDI_DATADIR 
12:52:18 INFO  : Hardware specification for platform project 'mb_usb_hdmi_top' is updated.
12:52:31 INFO  : Result from executing command 'removePlatformRepo': 
12:52:43 INFO  : Result from executing command 'getProjects': mb_usb_hdmi_top
12:52:43 INFO  : Result from executing command 'getPlatforms': 
12:52:43 INFO  : Checking for BSP changes to sync application flags for project 'mb_helpme'...
12:52:46 INFO  : The hardware specification used by project 'mb_helpme' is out of sync with the platform. Resource files extracted from the hardware specification will be updated.
12:52:46 INFO  : The file 'C:\Users\jacka\lab7_2try1\workspace2\mb_helpme\_ide\bitstream\mb_usb_hdmi_top.bit' stored in project is removed.
12:52:46 INFO  : The file 'C:\Users\jacka\lab7_2try1\workspace2\mb_helpme\_ide\bitstream\mb_usb_hdmi_top.mmi' stored in project is removed.
12:52:46 INFO  : The updated bitstream files are copied from platform to folder 'C:\Users\jacka\lab7_2try1\workspace2\mb_helpme\_ide\bitstream' in project 'mb_helpme'.
12:53:06 INFO  : Connected to target on host '127.0.0.1' and port '3121'.
12:53:06 INFO  : Jtag cable 'RealDigital Boo 887100000007A' is selected.
12:53:06 INFO  : 'jtag frequency' command is executed.
12:53:06 INFO  : 'targets -set -filter {jtag_cable_name =~ "RealDigital Boo 887100000007A" && level==0 && jtag_device_ctx=="jsn1-0362f093-0"}' command is executed.
12:53:08 INFO  : Device configured successfully with "C:/Users/jacka/lab7_2try1/workspace2/mb_helpme/_ide/bitstream/mb_usb_hdmi_top.bit"
12:53:08 INFO  : Context for processor 'microblaze_0' is selected.
12:53:08 INFO  : Hardware design and registers information is loaded from 'C:/Users/jacka/lab7_2try1/workspace2/mb_usb_hdmi_top/export/mb_usb_hdmi_top/hw/mb_usb_hdmi_top.xsa'.
12:53:08 INFO  : 'configparams mdm-detect-bscan-mask 2' command is executed.
12:53:08 INFO  : Context for processor 'microblaze_0' is selected.
12:53:08 INFO  : System reset is completed.
12:53:11 INFO  : 'after 3000' command is executed.
12:53:11 INFO  : Context for processor 'microblaze_0' is selected.
12:53:11 INFO  : The application 'C:/Users/jacka/lab7_2try1/workspace2/mb_helpme/Debug/mb_helpme.elf' is downloaded to processor 'microblaze_0'.
12:53:11 INFO  : ----------------XSDB Script----------------
connect -url tcp:127.0.0.1:3121
targets -set -filter {jtag_cable_name =~ "RealDigital Boo 887100000007A" && level==0 && jtag_device_ctx=="jsn1-0362f093-0"}
fpga -file C:/Users/jacka/lab7_2try1/workspace2/mb_helpme/_ide/bitstream/mb_usb_hdmi_top.bit
targets -set -nocase -filter {name =~ "*microblaze*#0" && bscan=="USER2" }
loadhw -hw C:/Users/jacka/lab7_2try1/workspace2/mb_usb_hdmi_top/export/mb_usb_hdmi_top/hw/mb_usb_hdmi_top.xsa -regs
configparams mdm-detect-bscan-mask 2
targets -set -nocase -filter {name =~ "*microblaze*#0" && bscan=="USER2" }
rst -system
after 3000
targets -set -nocase -filter {name =~ "*microblaze*#0" && bscan=="USER2" }
dow C:/Users/jacka/lab7_2try1/workspace2/mb_helpme/Debug/mb_helpme.elf
----------------End of Script----------------

12:53:11 INFO  : Context for processor 'microblaze_0' is selected.
12:53:11 INFO  : 'con' command is executed.
12:53:11 INFO  : ----------------XSDB Script (After Launch)----------------
targets -set -nocase -filter {name =~ "*microblaze*#0" && bscan=="USER2" }
con
----------------End of Script----------------

12:53:11 INFO  : Disconnected from the channel tcfchan#3.
13:31:33 INFO  : Connected to target on host '127.0.0.1' and port '3121'.
13:31:33 INFO  : Jtag cable 'RealDigital Boo 887100000007A' is selected.
13:31:33 INFO  : 'jtag frequency' command is executed.
13:31:33 INFO  : 'targets -set -filter {jtag_cable_name =~ "RealDigital Boo 887100000007A" && level==0 && jtag_device_ctx=="jsn1-0362f093-0"}' command is executed.
13:31:35 INFO  : Device configured successfully with "C:/Users/jacka/lab7_2try1/workspace2/mb_helpme/_ide/bitstream/mb_usb_hdmi_top.bit"
13:31:35 INFO  : Context for processor 'microblaze_0' is selected.
13:31:35 INFO  : Hardware design and registers information is loaded from 'C:/Users/jacka/lab7_2try1/workspace2/mb_usb_hdmi_top/export/mb_usb_hdmi_top/hw/mb_usb_hdmi_top.xsa'.
13:31:35 INFO  : 'configparams mdm-detect-bscan-mask 2' command is executed.
13:31:35 INFO  : Context for processor 'microblaze_0' is selected.
13:31:35 INFO  : System reset is completed.
13:31:38 INFO  : 'after 3000' command is executed.
13:31:38 INFO  : Context for processor 'microblaze_0' is selected.
13:31:38 INFO  : The application 'C:/Users/jacka/lab7_2try1/workspace2/mb_helpme/Debug/mb_helpme.elf' is downloaded to processor 'microblaze_0'.
13:31:38 INFO  : ----------------XSDB Script----------------
connect -url tcp:127.0.0.1:3121
targets -set -filter {jtag_cable_name =~ "RealDigital Boo 887100000007A" && level==0 && jtag_device_ctx=="jsn1-0362f093-0"}
fpga -file C:/Users/jacka/lab7_2try1/workspace2/mb_helpme/_ide/bitstream/mb_usb_hdmi_top.bit
targets -set -nocase -filter {name =~ "*microblaze*#0" && bscan=="USER2" }
loadhw -hw C:/Users/jacka/lab7_2try1/workspace2/mb_usb_hdmi_top/export/mb_usb_hdmi_top/hw/mb_usb_hdmi_top.xsa -regs
configparams mdm-detect-bscan-mask 2
targets -set -nocase -filter {name =~ "*microblaze*#0" && bscan=="USER2" }
rst -system
after 3000
targets -set -nocase -filter {name =~ "*microblaze*#0" && bscan=="USER2" }
dow C:/Users/jacka/lab7_2try1/workspace2/mb_helpme/Debug/mb_helpme.elf
----------------End of Script----------------

13:31:38 INFO  : Context for processor 'microblaze_0' is selected.
13:31:38 INFO  : 'con' command is executed.
13:31:38 INFO  : ----------------XSDB Script (After Launch)----------------
targets -set -nocase -filter {name =~ "*microblaze*#0" && bscan=="USER2" }
con
----------------End of Script----------------

13:31:38 INFO  : Disconnected from the channel tcfchan#4.
17:22:46 DEBUG : Logs will be stored at 'C:/Users/jacka/lab7_2try1/workspace2/IDE.log'.
17:22:47 INFO  : Launching XSCT server: xsct.bat -n  -interactive C:\Users\jacka\lab7_2try1\workspace2\temp_xsdb_launch_script.tcl
17:22:54 INFO  : Platform repository initialization has completed.
17:22:54 INFO  : XSCT server has started successfully.
17:22:54 INFO  : Successfully done setting XSCT server connection channel  
17:22:54 INFO  : plnx-install-location is set to ''
17:22:54 INFO  : Registering command handlers for Vitis TCF services
17:23:06 INFO  : Successfully done setting workspace for the tool. 
17:23:06 INFO  : Successfully done query RDI_DATADIR 
17:47:10 INFO  : Hardware specification for platform project 'mb_usb_hdmi_top' is updated.
17:47:25 INFO  : Result from executing command 'removePlatformRepo': 
17:47:43 INFO  : Result from executing command 'getProjects': mb_usb_hdmi_top
17:47:43 INFO  : Result from executing command 'getPlatforms': 
17:47:44 INFO  : Checking for BSP changes to sync application flags for project 'mb_helpme'...
17:47:48 INFO  : The hardware specification used by project 'mb_helpme' is out of sync with the platform. Resource files extracted from the hardware specification will be updated.
17:47:48 INFO  : The file 'C:\Users\jacka\lab7_2try1\workspace2\mb_helpme\_ide\bitstream\mb_usb_hdmi_top.bit' stored in project is removed.
17:47:48 INFO  : The file 'C:\Users\jacka\lab7_2try1\workspace2\mb_helpme\_ide\bitstream\mb_usb_hdmi_top.mmi' stored in project is removed.
17:47:48 INFO  : The updated bitstream files are copied from platform to folder 'C:\Users\jacka\lab7_2try1\workspace2\mb_helpme\_ide\bitstream' in project 'mb_helpme'.
18:00:06 INFO  : Result from executing command 'removePlatformRepo': 
18:00:14 INFO  : Result from executing command 'getProjects': mb_usb_hdmi_top
18:00:14 INFO  : Result from executing command 'getPlatforms': 
18:00:15 INFO  : Checking for BSP changes to sync application flags for project 'mb_helpme'...
18:04:52 INFO  : Result from executing command 'removePlatformRepo': 
18:05:02 INFO  : Result from executing command 'getProjects': mb_usb_hdmi_top
18:05:02 INFO  : Result from executing command 'getPlatforms': 
18:05:02 INFO  : Checking for BSP changes to sync application flags for project 'mb_helpme'...
18:05:59 INFO  : Connected to target on host '127.0.0.1' and port '3121'.
18:06:00 INFO  : Jtag cable 'RealDigital Boo 887100000007A' is selected.
18:06:00 INFO  : 'jtag frequency' command is executed.
18:06:01 INFO  : 'targets -set -filter {jtag_cable_name =~ "RealDigital Boo 887100000007A" && level==0 && jtag_device_ctx=="jsn1-0362f093-0"}' command is executed.
18:06:02 INFO  : Device configured successfully with "C:/Users/jacka/lab7_2try1/workspace2/mb_helpme/_ide/bitstream/mb_usb_hdmi_top.bit"
18:06:03 INFO  : Context for processor 'microblaze_0' is selected.
18:06:03 INFO  : Hardware design and registers information is loaded from 'C:/Users/jacka/lab7_2try1/workspace2/mb_usb_hdmi_top/export/mb_usb_hdmi_top/hw/mb_usb_hdmi_top.xsa'.
18:06:03 INFO  : 'configparams mdm-detect-bscan-mask 2' command is executed.
18:06:03 INFO  : Context for processor 'microblaze_0' is selected.
18:06:03 INFO  : System reset is completed.
18:06:06 INFO  : 'after 3000' command is executed.
18:06:06 INFO  : Context for processor 'microblaze_0' is selected.
18:06:06 INFO  : The application 'C:/Users/jacka/lab7_2try1/workspace2/mb_helpme/Debug/mb_helpme.elf' is downloaded to processor 'microblaze_0'.
18:06:06 INFO  : ----------------XSDB Script----------------
connect -url tcp:127.0.0.1:3121
targets -set -filter {jtag_cable_name =~ "RealDigital Boo 887100000007A" && level==0 && jtag_device_ctx=="jsn1-0362f093-0"}
fpga -file C:/Users/jacka/lab7_2try1/workspace2/mb_helpme/_ide/bitstream/mb_usb_hdmi_top.bit
targets -set -nocase -filter {name =~ "*microblaze*#0" && bscan=="USER2" }
loadhw -hw C:/Users/jacka/lab7_2try1/workspace2/mb_usb_hdmi_top/export/mb_usb_hdmi_top/hw/mb_usb_hdmi_top.xsa -regs
configparams mdm-detect-bscan-mask 2
targets -set -nocase -filter {name =~ "*microblaze*#0" && bscan=="USER2" }
rst -system
after 3000
targets -set -nocase -filter {name =~ "*microblaze*#0" && bscan=="USER2" }
dow C:/Users/jacka/lab7_2try1/workspace2/mb_helpme/Debug/mb_helpme.elf
----------------End of Script----------------

18:06:06 INFO  : Context for processor 'microblaze_0' is selected.
18:06:06 INFO  : 'con' command is executed.
18:06:06 INFO  : ----------------XSDB Script (After Launch)----------------
targets -set -nocase -filter {name =~ "*microblaze*#0" && bscan=="USER2" }
con
----------------End of Script----------------

18:06:06 INFO  : Disconnected from the channel tcfchan#7.
18:06:51 INFO  : Connected to target on host '127.0.0.1' and port '3121'.
18:06:51 INFO  : Jtag cable 'RealDigital Boo 887100000007A' is selected.
18:06:51 INFO  : 'jtag frequency' command is executed.
18:06:51 INFO  : 'targets -set -filter {jtag_cable_name =~ "RealDigital Boo 887100000007A" && level==0 && jtag_device_ctx=="jsn1-0362f093-0"}' command is executed.
18:06:53 INFO  : Device configured successfully with "C:/Users/jacka/lab7_2try1/workspace2/mb_helpme/_ide/bitstream/mb_usb_hdmi_top.bit"
18:06:53 INFO  : Context for processor 'microblaze_0' is selected.
18:06:53 INFO  : Hardware design and registers information is loaded from 'C:/Users/jacka/lab7_2try1/workspace2/mb_usb_hdmi_top/export/mb_usb_hdmi_top/hw/mb_usb_hdmi_top.xsa'.
18:06:53 INFO  : 'configparams mdm-detect-bscan-mask 2' command is executed.
18:06:53 INFO  : Context for processor 'microblaze_0' is selected.
18:06:53 INFO  : System reset is completed.
18:06:56 INFO  : 'after 3000' command is executed.
18:06:56 INFO  : Context for processor 'microblaze_0' is selected.
18:06:56 INFO  : The application 'C:/Users/jacka/lab7_2try1/workspace2/mb_helpme/Debug/mb_helpme.elf' is downloaded to processor 'microblaze_0'.
18:06:56 INFO  : ----------------XSDB Script----------------
connect -url tcp:127.0.0.1:3121
targets -set -filter {jtag_cable_name =~ "RealDigital Boo 887100000007A" && level==0 && jtag_device_ctx=="jsn1-0362f093-0"}
fpga -file C:/Users/jacka/lab7_2try1/workspace2/mb_helpme/_ide/bitstream/mb_usb_hdmi_top.bit
targets -set -nocase -filter {name =~ "*microblaze*#0" && bscan=="USER2" }
loadhw -hw C:/Users/jacka/lab7_2try1/workspace2/mb_usb_hdmi_top/export/mb_usb_hdmi_top/hw/mb_usb_hdmi_top.xsa -regs
configparams mdm-detect-bscan-mask 2
targets -set -nocase -filter {name =~ "*microblaze*#0" && bscan=="USER2" }
rst -system
after 3000
targets -set -nocase -filter {name =~ "*microblaze*#0" && bscan=="USER2" }
dow C:/Users/jacka/lab7_2try1/workspace2/mb_helpme/Debug/mb_helpme.elf
----------------End of Script----------------

18:06:57 INFO  : Context for processor 'microblaze_0' is selected.
18:06:57 INFO  : 'con' command is executed.
18:06:57 INFO  : ----------------XSDB Script (After Launch)----------------
targets -set -nocase -filter {name =~ "*microblaze*#0" && bscan=="USER2" }
con
----------------End of Script----------------

18:06:57 INFO  : Disconnected from the channel tcfchan#8.
18:24:50 INFO  : Hardware specification for platform project 'mb_usb_hdmi_top' is updated.
18:25:00 INFO  : Result from executing command 'removePlatformRepo': 
18:25:14 INFO  : Result from executing command 'getProjects': mb_usb_hdmi_top
18:25:14 INFO  : Result from executing command 'getPlatforms': 
18:25:15 INFO  : Checking for BSP changes to sync application flags for project 'mb_helpme'...
18:25:18 INFO  : The hardware specification used by project 'mb_helpme' is out of sync with the platform. Resource files extracted from the hardware specification will be updated.
18:25:18 INFO  : The file 'C:\Users\jacka\lab7_2try1\workspace2\mb_helpme\_ide\bitstream\mb_usb_hdmi_top.bit' stored in project is removed.
18:25:18 INFO  : The file 'C:\Users\jacka\lab7_2try1\workspace2\mb_helpme\_ide\bitstream\mb_usb_hdmi_top.mmi' stored in project is removed.
18:25:18 INFO  : The updated bitstream files are copied from platform to folder 'C:\Users\jacka\lab7_2try1\workspace2\mb_helpme\_ide\bitstream' in project 'mb_helpme'.
18:25:52 INFO  : Result from executing command 'removePlatformRepo': 
18:26:00 INFO  : Result from executing command 'getProjects': mb_usb_hdmi_top
18:26:00 INFO  : Result from executing command 'getPlatforms': 
18:26:00 INFO  : Checking for BSP changes to sync application flags for project 'mb_helpme'...
18:26:22 INFO  : Connected to target on host '127.0.0.1' and port '3121'.
18:26:22 INFO  : Jtag cable 'RealDigital Boo 887100000007A' is selected.
18:26:22 INFO  : 'jtag frequency' command is executed.
18:26:23 INFO  : 'targets -set -filter {jtag_cable_name =~ "RealDigital Boo 887100000007A" && level==0 && jtag_device_ctx=="jsn1-0362f093-0"}' command is executed.
18:26:24 INFO  : Device configured successfully with "C:/Users/jacka/lab7_2try1/workspace2/mb_helpme/_ide/bitstream/mb_usb_hdmi_top.bit"
18:26:24 INFO  : Context for processor 'microblaze_0' is selected.
18:26:24 INFO  : Hardware design and registers information is loaded from 'C:/Users/jacka/lab7_2try1/workspace2/mb_usb_hdmi_top/export/mb_usb_hdmi_top/hw/mb_usb_hdmi_top.xsa'.
18:26:24 INFO  : 'configparams mdm-detect-bscan-mask 2' command is executed.
18:26:24 INFO  : Context for processor 'microblaze_0' is selected.
18:26:24 INFO  : System reset is completed.
18:26:27 INFO  : 'after 3000' command is executed.
18:26:27 INFO  : Context for processor 'microblaze_0' is selected.
18:26:28 INFO  : The application 'C:/Users/jacka/lab7_2try1/workspace2/mb_helpme/Debug/mb_helpme.elf' is downloaded to processor 'microblaze_0'.
18:26:28 INFO  : ----------------XSDB Script----------------
connect -url tcp:127.0.0.1:3121
targets -set -filter {jtag_cable_name =~ "RealDigital Boo 887100000007A" && level==0 && jtag_device_ctx=="jsn1-0362f093-0"}
fpga -file C:/Users/jacka/lab7_2try1/workspace2/mb_helpme/_ide/bitstream/mb_usb_hdmi_top.bit
targets -set -nocase -filter {name =~ "*microblaze*#0" && bscan=="USER2" }
loadhw -hw C:/Users/jacka/lab7_2try1/workspace2/mb_usb_hdmi_top/export/mb_usb_hdmi_top/hw/mb_usb_hdmi_top.xsa -regs
configparams mdm-detect-bscan-mask 2
targets -set -nocase -filter {name =~ "*microblaze*#0" && bscan=="USER2" }
rst -system
after 3000
targets -set -nocase -filter {name =~ "*microblaze*#0" && bscan=="USER2" }
dow C:/Users/jacka/lab7_2try1/workspace2/mb_helpme/Debug/mb_helpme.elf
----------------End of Script----------------

18:26:28 INFO  : Context for processor 'microblaze_0' is selected.
18:26:28 INFO  : 'con' command is executed.
18:26:28 INFO  : ----------------XSDB Script (After Launch)----------------
targets -set -nocase -filter {name =~ "*microblaze*#0" && bscan=="USER2" }
con
----------------End of Script----------------

18:26:28 INFO  : Disconnected from the channel tcfchan#13.
18:41:32 INFO  : Hardware specification for platform project 'mb_usb_hdmi_top' is updated.
18:41:42 INFO  : Result from executing command 'removePlatformRepo': 
18:41:54 INFO  : Result from executing command 'getProjects': mb_usb_hdmi_top
18:41:54 INFO  : Result from executing command 'getPlatforms': 
18:41:54 INFO  : Checking for BSP changes to sync application flags for project 'mb_helpme'...
18:41:58 INFO  : The hardware specification used by project 'mb_helpme' is out of sync with the platform. Resource files extracted from the hardware specification will be updated.
18:41:58 INFO  : The file 'C:\Users\jacka\lab7_2try1\workspace2\mb_helpme\_ide\bitstream\mb_usb_hdmi_top.bit' stored in project is removed.
18:41:58 INFO  : The file 'C:\Users\jacka\lab7_2try1\workspace2\mb_helpme\_ide\bitstream\mb_usb_hdmi_top.mmi' stored in project is removed.
18:41:58 INFO  : The updated bitstream files are copied from platform to folder 'C:\Users\jacka\lab7_2try1\workspace2\mb_helpme\_ide\bitstream' in project 'mb_helpme'.
18:42:23 INFO  : Connected to target on host '127.0.0.1' and port '3121'.
18:42:24 INFO  : Jtag cable 'RealDigital Boo 887100000007A' is selected.
18:42:24 INFO  : 'jtag frequency' command is executed.
18:42:24 INFO  : 'targets -set -filter {jtag_cable_name =~ "RealDigital Boo 887100000007A" && level==0 && jtag_device_ctx=="jsn1-0362f093-0"}' command is executed.
18:42:25 INFO  : Device configured successfully with "C:/Users/jacka/lab7_2try1/workspace2/mb_helpme/_ide/bitstream/mb_usb_hdmi_top.bit"
18:42:26 INFO  : Context for processor 'microblaze_0' is selected.
18:42:26 INFO  : Hardware design and registers information is loaded from 'C:/Users/jacka/lab7_2try1/workspace2/mb_usb_hdmi_top/export/mb_usb_hdmi_top/hw/mb_usb_hdmi_top.xsa'.
18:42:26 INFO  : 'configparams mdm-detect-bscan-mask 2' command is executed.
18:42:26 INFO  : Context for processor 'microblaze_0' is selected.
18:42:26 INFO  : System reset is completed.
18:42:29 INFO  : 'after 3000' command is executed.
18:42:29 INFO  : Context for processor 'microblaze_0' is selected.
18:42:29 INFO  : The application 'C:/Users/jacka/lab7_2try1/workspace2/mb_helpme/Debug/mb_helpme.elf' is downloaded to processor 'microblaze_0'.
18:42:29 INFO  : ----------------XSDB Script----------------
connect -url tcp:127.0.0.1:3121
targets -set -filter {jtag_cable_name =~ "RealDigital Boo 887100000007A" && level==0 && jtag_device_ctx=="jsn1-0362f093-0"}
fpga -file C:/Users/jacka/lab7_2try1/workspace2/mb_helpme/_ide/bitstream/mb_usb_hdmi_top.bit
targets -set -nocase -filter {name =~ "*microblaze*#0" && bscan=="USER2" }
loadhw -hw C:/Users/jacka/lab7_2try1/workspace2/mb_usb_hdmi_top/export/mb_usb_hdmi_top/hw/mb_usb_hdmi_top.xsa -regs
configparams mdm-detect-bscan-mask 2
targets -set -nocase -filter {name =~ "*microblaze*#0" && bscan=="USER2" }
rst -system
after 3000
targets -set -nocase -filter {name =~ "*microblaze*#0" && bscan=="USER2" }
dow C:/Users/jacka/lab7_2try1/workspace2/mb_helpme/Debug/mb_helpme.elf
----------------End of Script----------------

18:42:29 INFO  : Context for processor 'microblaze_0' is selected.
18:42:29 INFO  : 'con' command is executed.
18:42:29 INFO  : ----------------XSDB Script (After Launch)----------------
targets -set -nocase -filter {name =~ "*microblaze*#0" && bscan=="USER2" }
con
----------------End of Script----------------

18:42:29 INFO  : Disconnected from the channel tcfchan#16.
19:15:42 INFO  : Hardware specification for platform project 'mb_usb_hdmi_top' is updated.
19:15:52 INFO  : Result from executing command 'removePlatformRepo': 
19:16:05 INFO  : Result from executing command 'getProjects': mb_usb_hdmi_top
19:16:05 INFO  : Result from executing command 'getPlatforms': 
19:16:05 INFO  : Checking for BSP changes to sync application flags for project 'mb_helpme'...
19:16:08 INFO  : The hardware specification used by project 'mb_helpme' is out of sync with the platform. Resource files extracted from the hardware specification will be updated.
19:16:09 INFO  : The file 'C:\Users\jacka\lab7_2try1\workspace2\mb_helpme\_ide\bitstream\mb_usb_hdmi_top.bit' stored in project is removed.
19:16:09 INFO  : The file 'C:\Users\jacka\lab7_2try1\workspace2\mb_helpme\_ide\bitstream\mb_usb_hdmi_top.mmi' stored in project is removed.
19:16:09 INFO  : The updated bitstream files are copied from platform to folder 'C:\Users\jacka\lab7_2try1\workspace2\mb_helpme\_ide\bitstream' in project 'mb_helpme'.
19:16:27 INFO  : Connected to target on host '127.0.0.1' and port '3121'.
19:16:27 INFO  : Jtag cable 'RealDigital Boo 887100000007A' is selected.
19:16:27 INFO  : 'jtag frequency' command is executed.
19:16:27 INFO  : 'targets -set -filter {jtag_cable_name =~ "RealDigital Boo 887100000007A" && level==0 && jtag_device_ctx=="jsn1-0362f093-0"}' command is executed.
19:16:28 INFO  : Device configured successfully with "C:/Users/jacka/lab7_2try1/workspace2/mb_helpme/_ide/bitstream/mb_usb_hdmi_top.bit"
19:16:29 INFO  : Context for processor 'microblaze_0' is selected.
19:16:29 INFO  : Hardware design and registers information is loaded from 'C:/Users/jacka/lab7_2try1/workspace2/mb_usb_hdmi_top/export/mb_usb_hdmi_top/hw/mb_usb_hdmi_top.xsa'.
19:16:29 INFO  : 'configparams mdm-detect-bscan-mask 2' command is executed.
19:16:29 INFO  : Context for processor 'microblaze_0' is selected.
19:16:29 INFO  : System reset is completed.
19:16:32 INFO  : 'after 3000' command is executed.
19:16:32 INFO  : Context for processor 'microblaze_0' is selected.
19:16:32 INFO  : The application 'C:/Users/jacka/lab7_2try1/workspace2/mb_helpme/Debug/mb_helpme.elf' is downloaded to processor 'microblaze_0'.
19:16:32 INFO  : ----------------XSDB Script----------------
connect -url tcp:127.0.0.1:3121
targets -set -filter {jtag_cable_name =~ "RealDigital Boo 887100000007A" && level==0 && jtag_device_ctx=="jsn1-0362f093-0"}
fpga -file C:/Users/jacka/lab7_2try1/workspace2/mb_helpme/_ide/bitstream/mb_usb_hdmi_top.bit
targets -set -nocase -filter {name =~ "*microblaze*#0" && bscan=="USER2" }
loadhw -hw C:/Users/jacka/lab7_2try1/workspace2/mb_usb_hdmi_top/export/mb_usb_hdmi_top/hw/mb_usb_hdmi_top.xsa -regs
configparams mdm-detect-bscan-mask 2
targets -set -nocase -filter {name =~ "*microblaze*#0" && bscan=="USER2" }
rst -system
after 3000
targets -set -nocase -filter {name =~ "*microblaze*#0" && bscan=="USER2" }
dow C:/Users/jacka/lab7_2try1/workspace2/mb_helpme/Debug/mb_helpme.elf
----------------End of Script----------------

19:16:33 INFO  : Context for processor 'microblaze_0' is selected.
19:16:33 INFO  : 'con' command is executed.
19:16:33 INFO  : ----------------XSDB Script (After Launch)----------------
targets -set -nocase -filter {name =~ "*microblaze*#0" && bscan=="USER2" }
con
----------------End of Script----------------

19:16:33 INFO  : Disconnected from the channel tcfchan#19.
22:32:39 INFO  : Hardware specification for platform project 'mb_usb_hdmi_top' is updated.
22:32:57 INFO  : Result from executing command 'removePlatformRepo': 
22:33:16 INFO  : Result from executing command 'getProjects': mb_usb_hdmi_top
22:33:16 INFO  : Result from executing command 'getPlatforms': 
22:33:17 INFO  : Checking for BSP changes to sync application flags for project 'mb_helpme'...
22:33:21 INFO  : The hardware specification used by project 'mb_helpme' is out of sync with the platform. Resource files extracted from the hardware specification will be updated.
22:33:21 INFO  : The file 'C:\Users\jacka\lab7_2try1\workspace2\mb_helpme\_ide\bitstream\mb_usb_hdmi_top.bit' stored in project is removed.
22:33:21 INFO  : The file 'C:\Users\jacka\lab7_2try1\workspace2\mb_helpme\_ide\bitstream\mb_usb_hdmi_top.mmi' stored in project is removed.
22:33:21 INFO  : The updated bitstream files are copied from platform to folder 'C:\Users\jacka\lab7_2try1\workspace2\mb_helpme\_ide\bitstream' in project 'mb_helpme'.
22:33:29 INFO  : Connected to target on host '127.0.0.1' and port '3121'.
22:33:30 INFO  : Jtag cable 'RealDigital Boo 887100000007A' is selected.
22:33:30 INFO  : 'jtag frequency' command is executed.
22:33:30 INFO  : 'targets -set -filter {jtag_cable_name =~ "RealDigital Boo 887100000007A" && level==0 && jtag_device_ctx=="jsn1-0362f093-0"}' command is executed.
22:33:31 INFO  : Device configured successfully with "C:/Users/jacka/lab7_2try1/workspace2/mb_helpme/_ide/bitstream/mb_usb_hdmi_top.bit"
22:33:31 INFO  : Context for processor 'microblaze_0' is selected.
22:33:31 INFO  : Hardware design and registers information is loaded from 'C:/Users/jacka/lab7_2try1/workspace2/mb_usb_hdmi_top/export/mb_usb_hdmi_top/hw/mb_usb_hdmi_top.xsa'.
22:33:31 INFO  : 'configparams mdm-detect-bscan-mask 2' command is executed.
22:33:31 INFO  : Context for processor 'microblaze_0' is selected.
22:33:31 INFO  : System reset is completed.
22:33:34 INFO  : 'after 3000' command is executed.
22:33:35 INFO  : Context for processor 'microblaze_0' is selected.
22:33:35 INFO  : The application 'C:/Users/jacka/lab7_2try1/workspace2/mb_helpme/Debug/mb_helpme.elf' is downloaded to processor 'microblaze_0'.
22:33:35 INFO  : ----------------XSDB Script----------------
connect -url tcp:127.0.0.1:3121
targets -set -filter {jtag_cable_name =~ "RealDigital Boo 887100000007A" && level==0 && jtag_device_ctx=="jsn1-0362f093-0"}
fpga -file C:/Users/jacka/lab7_2try1/workspace2/mb_helpme/_ide/bitstream/mb_usb_hdmi_top.bit
targets -set -nocase -filter {name =~ "*microblaze*#0" && bscan=="USER2" }
loadhw -hw C:/Users/jacka/lab7_2try1/workspace2/mb_usb_hdmi_top/export/mb_usb_hdmi_top/hw/mb_usb_hdmi_top.xsa -regs
configparams mdm-detect-bscan-mask 2
targets -set -nocase -filter {name =~ "*microblaze*#0" && bscan=="USER2" }
rst -system
after 3000
targets -set -nocase -filter {name =~ "*microblaze*#0" && bscan=="USER2" }
dow C:/Users/jacka/lab7_2try1/workspace2/mb_helpme/Debug/mb_helpme.elf
----------------End of Script----------------

22:33:35 INFO  : Context for processor 'microblaze_0' is selected.
22:33:35 INFO  : 'con' command is executed.
22:33:35 INFO  : ----------------XSDB Script (After Launch)----------------
targets -set -nocase -filter {name =~ "*microblaze*#0" && bscan=="USER2" }
con
----------------End of Script----------------

22:33:35 INFO  : Disconnected from the channel tcfchan#22.
22:51:01 INFO  : Result from executing command 'removePlatformRepo': 
22:51:07 INFO  : Result from executing command 'getProjects': mb_usb_hdmi_top
22:51:07 INFO  : Result from executing command 'getPlatforms': 
22:51:07 INFO  : Checking for BSP changes to sync application flags for project 'mb_helpme'...
22:51:43 INFO  : Connected to target on host '127.0.0.1' and port '3121'.
22:51:44 INFO  : Jtag cable 'RealDigital Boo 887100000007A' is selected.
22:51:44 INFO  : 'jtag frequency' command is executed.
22:51:44 INFO  : 'targets -set -filter {jtag_cable_name =~ "RealDigital Boo 887100000007A" && level==0 && jtag_device_ctx=="jsn1-0362f093-0"}' command is executed.
22:51:45 INFO  : Device configured successfully with "C:/Users/jacka/lab7_2try1/workspace2/mb_helpme/_ide/bitstream/mb_usb_hdmi_top.bit"
22:51:45 INFO  : Context for processor 'microblaze_0' is selected.
22:51:45 INFO  : Hardware design and registers information is loaded from 'C:/Users/jacka/lab7_2try1/workspace2/mb_usb_hdmi_top/export/mb_usb_hdmi_top/hw/mb_usb_hdmi_top.xsa'.
22:51:45 INFO  : 'configparams mdm-detect-bscan-mask 2' command is executed.
22:51:45 INFO  : Context for processor 'microblaze_0' is selected.
22:51:45 INFO  : System reset is completed.
22:51:48 INFO  : 'after 3000' command is executed.
22:51:48 INFO  : Context for processor 'microblaze_0' is selected.
22:51:49 INFO  : The application 'C:/Users/jacka/lab7_2try1/workspace2/mb_helpme/Debug/mb_helpme.elf' is downloaded to processor 'microblaze_0'.
22:51:49 INFO  : ----------------XSDB Script----------------
connect -url tcp:127.0.0.1:3121
targets -set -filter {jtag_cable_name =~ "RealDigital Boo 887100000007A" && level==0 && jtag_device_ctx=="jsn1-0362f093-0"}
fpga -file C:/Users/jacka/lab7_2try1/workspace2/mb_helpme/_ide/bitstream/mb_usb_hdmi_top.bit
targets -set -nocase -filter {name =~ "*microblaze*#0" && bscan=="USER2" }
loadhw -hw C:/Users/jacka/lab7_2try1/workspace2/mb_usb_hdmi_top/export/mb_usb_hdmi_top/hw/mb_usb_hdmi_top.xsa -regs
configparams mdm-detect-bscan-mask 2
targets -set -nocase -filter {name =~ "*microblaze*#0" && bscan=="USER2" }
rst -system
after 3000
targets -set -nocase -filter {name =~ "*microblaze*#0" && bscan=="USER2" }
dow C:/Users/jacka/lab7_2try1/workspace2/mb_helpme/Debug/mb_helpme.elf
----------------End of Script----------------

22:51:49 INFO  : Context for processor 'microblaze_0' is selected.
22:51:49 INFO  : 'con' command is executed.
22:51:49 INFO  : ----------------XSDB Script (After Launch)----------------
targets -set -nocase -filter {name =~ "*microblaze*#0" && bscan=="USER2" }
con
----------------End of Script----------------

22:51:49 INFO  : Disconnected from the channel tcfchan#25.
22:53:12 INFO  : Result from executing command 'removePlatformRepo': 
22:53:20 INFO  : Result from executing command 'getProjects': mb_usb_hdmi_top
22:53:20 INFO  : Result from executing command 'getPlatforms': 
22:53:20 INFO  : Checking for BSP changes to sync application flags for project 'mb_helpme'...
22:53:37 INFO  : Connected to target on host '127.0.0.1' and port '3121'.
22:53:38 INFO  : Jtag cable 'RealDigital Boo 887100000007A' is selected.
22:53:38 INFO  : 'jtag frequency' command is executed.
22:53:38 INFO  : 'targets -set -filter {jtag_cable_name =~ "RealDigital Boo 887100000007A" && level==0 && jtag_device_ctx=="jsn1-0362f093-0"}' command is executed.
22:53:39 INFO  : Device configured successfully with "C:/Users/jacka/lab7_2try1/workspace2/mb_helpme/_ide/bitstream/mb_usb_hdmi_top.bit"
22:53:39 INFO  : Context for processor 'microblaze_0' is selected.
22:53:40 INFO  : Hardware design and registers information is loaded from 'C:/Users/jacka/lab7_2try1/workspace2/mb_usb_hdmi_top/export/mb_usb_hdmi_top/hw/mb_usb_hdmi_top.xsa'.
22:53:40 INFO  : 'configparams mdm-detect-bscan-mask 2' command is executed.
22:53:40 INFO  : Context for processor 'microblaze_0' is selected.
22:53:40 INFO  : System reset is completed.
22:53:43 INFO  : 'after 3000' command is executed.
22:53:43 INFO  : Context for processor 'microblaze_0' is selected.
22:53:43 INFO  : The application 'C:/Users/jacka/lab7_2try1/workspace2/mb_helpme/Debug/mb_helpme.elf' is downloaded to processor 'microblaze_0'.
22:53:43 INFO  : ----------------XSDB Script----------------
connect -url tcp:127.0.0.1:3121
targets -set -filter {jtag_cable_name =~ "RealDigital Boo 887100000007A" && level==0 && jtag_device_ctx=="jsn1-0362f093-0"}
fpga -file C:/Users/jacka/lab7_2try1/workspace2/mb_helpme/_ide/bitstream/mb_usb_hdmi_top.bit
targets -set -nocase -filter {name =~ "*microblaze*#0" && bscan=="USER2" }
loadhw -hw C:/Users/jacka/lab7_2try1/workspace2/mb_usb_hdmi_top/export/mb_usb_hdmi_top/hw/mb_usb_hdmi_top.xsa -regs
configparams mdm-detect-bscan-mask 2
targets -set -nocase -filter {name =~ "*microblaze*#0" && bscan=="USER2" }
rst -system
after 3000
targets -set -nocase -filter {name =~ "*microblaze*#0" && bscan=="USER2" }
dow C:/Users/jacka/lab7_2try1/workspace2/mb_helpme/Debug/mb_helpme.elf
----------------End of Script----------------

22:53:43 INFO  : Context for processor 'microblaze_0' is selected.
22:53:43 INFO  : 'con' command is executed.
22:53:43 INFO  : ----------------XSDB Script (After Launch)----------------
targets -set -nocase -filter {name =~ "*microblaze*#0" && bscan=="USER2" }
con
----------------End of Script----------------

22:53:43 INFO  : Disconnected from the channel tcfchan#28.
22:53:56 INFO  : Connected to target on host '127.0.0.1' and port '3121'.
22:53:57 INFO  : Jtag cable 'RealDigital Boo 887100000007A' is selected.
22:53:57 INFO  : 'jtag frequency' command is executed.
22:53:57 INFO  : 'targets -set -filter {jtag_cable_name =~ "RealDigital Boo 887100000007A" && level==0 && jtag_device_ctx=="jsn1-0362f093-0"}' command is executed.
22:53:58 INFO  : Device configured successfully with "C:/Users/jacka/lab7_2try1/workspace2/mb_helpme/_ide/bitstream/mb_usb_hdmi_top.bit"
22:53:58 INFO  : Context for processor 'microblaze_0' is selected.
22:53:58 INFO  : Hardware design and registers information is loaded from 'C:/Users/jacka/lab7_2try1/workspace2/mb_usb_hdmi_top/export/mb_usb_hdmi_top/hw/mb_usb_hdmi_top.xsa'.
22:53:58 INFO  : 'configparams mdm-detect-bscan-mask 2' command is executed.
22:53:58 INFO  : Context for processor 'microblaze_0' is selected.
22:53:58 INFO  : System reset is completed.
22:54:01 INFO  : 'after 3000' command is executed.
22:54:01 INFO  : Context for processor 'microblaze_0' is selected.
22:54:02 INFO  : The application 'C:/Users/jacka/lab7_2try1/workspace2/mb_helpme/Debug/mb_helpme.elf' is downloaded to processor 'microblaze_0'.
22:54:02 INFO  : ----------------XSDB Script----------------
connect -url tcp:127.0.0.1:3121
targets -set -filter {jtag_cable_name =~ "RealDigital Boo 887100000007A" && level==0 && jtag_device_ctx=="jsn1-0362f093-0"}
fpga -file C:/Users/jacka/lab7_2try1/workspace2/mb_helpme/_ide/bitstream/mb_usb_hdmi_top.bit
targets -set -nocase -filter {name =~ "*microblaze*#0" && bscan=="USER2" }
loadhw -hw C:/Users/jacka/lab7_2try1/workspace2/mb_usb_hdmi_top/export/mb_usb_hdmi_top/hw/mb_usb_hdmi_top.xsa -regs
configparams mdm-detect-bscan-mask 2
targets -set -nocase -filter {name =~ "*microblaze*#0" && bscan=="USER2" }
rst -system
after 3000
targets -set -nocase -filter {name =~ "*microblaze*#0" && bscan=="USER2" }
dow C:/Users/jacka/lab7_2try1/workspace2/mb_helpme/Debug/mb_helpme.elf
----------------End of Script----------------

22:54:02 INFO  : Context for processor 'microblaze_0' is selected.
22:54:02 INFO  : 'con' command is executed.
22:54:02 INFO  : ----------------XSDB Script (After Launch)----------------
targets -set -nocase -filter {name =~ "*microblaze*#0" && bscan=="USER2" }
con
----------------End of Script----------------

22:54:02 INFO  : Disconnected from the channel tcfchan#29.
22:56:06 INFO  : Result from executing command 'removePlatformRepo': 
22:56:13 INFO  : Result from executing command 'getProjects': mb_usb_hdmi_top
22:56:13 INFO  : Result from executing command 'getPlatforms': 
22:56:13 INFO  : Checking for BSP changes to sync application flags for project 'mb_helpme'...
22:56:29 INFO  : Connected to target on host '127.0.0.1' and port '3121'.
22:56:30 INFO  : Jtag cable 'RealDigital Boo 887100000007A' is selected.
22:56:30 INFO  : 'jtag frequency' command is executed.
22:56:30 INFO  : 'targets -set -filter {jtag_cable_name =~ "RealDigital Boo 887100000007A" && level==0 && jtag_device_ctx=="jsn1-0362f093-0"}' command is executed.
22:56:31 INFO  : Device configured successfully with "C:/Users/jacka/lab7_2try1/workspace2/mb_helpme/_ide/bitstream/mb_usb_hdmi_top.bit"
22:56:31 INFO  : Context for processor 'microblaze_0' is selected.
22:56:31 INFO  : Hardware design and registers information is loaded from 'C:/Users/jacka/lab7_2try1/workspace2/mb_usb_hdmi_top/export/mb_usb_hdmi_top/hw/mb_usb_hdmi_top.xsa'.
22:56:31 INFO  : 'configparams mdm-detect-bscan-mask 2' command is executed.
22:56:31 INFO  : Context for processor 'microblaze_0' is selected.
22:56:31 INFO  : System reset is completed.
22:56:34 INFO  : 'after 3000' command is executed.
22:56:34 INFO  : Context for processor 'microblaze_0' is selected.
22:56:35 INFO  : The application 'C:/Users/jacka/lab7_2try1/workspace2/mb_helpme/Debug/mb_helpme.elf' is downloaded to processor 'microblaze_0'.
22:56:35 INFO  : ----------------XSDB Script----------------
connect -url tcp:127.0.0.1:3121
targets -set -filter {jtag_cable_name =~ "RealDigital Boo 887100000007A" && level==0 && jtag_device_ctx=="jsn1-0362f093-0"}
fpga -file C:/Users/jacka/lab7_2try1/workspace2/mb_helpme/_ide/bitstream/mb_usb_hdmi_top.bit
targets -set -nocase -filter {name =~ "*microblaze*#0" && bscan=="USER2" }
loadhw -hw C:/Users/jacka/lab7_2try1/workspace2/mb_usb_hdmi_top/export/mb_usb_hdmi_top/hw/mb_usb_hdmi_top.xsa -regs
configparams mdm-detect-bscan-mask 2
targets -set -nocase -filter {name =~ "*microblaze*#0" && bscan=="USER2" }
rst -system
after 3000
targets -set -nocase -filter {name =~ "*microblaze*#0" && bscan=="USER2" }
dow C:/Users/jacka/lab7_2try1/workspace2/mb_helpme/Debug/mb_helpme.elf
----------------End of Script----------------

22:56:35 INFO  : Context for processor 'microblaze_0' is selected.
22:56:35 INFO  : 'con' command is executed.
22:56:35 INFO  : ----------------XSDB Script (After Launch)----------------
targets -set -nocase -filter {name =~ "*microblaze*#0" && bscan=="USER2" }
con
----------------End of Script----------------

22:56:35 INFO  : Disconnected from the channel tcfchan#32.
