
*** Running vivado
    with args -log mb_usb_hdmi_top.vds -m64 -product Vivado -mode batch -messageDb vivado.pb -notrace -source mb_usb_hdmi_top.tcl



****** Vivado v2022.2 (64-bit)
  **** SW Build 3671981 on Fri Oct 14 05:00:03 MDT 2022
  **** IP Build 3669848 on Fri Oct 14 08:30:02 MDT 2022
    ** Copyright 1986-2022 Xilinx, Inc. All Rights Reserved.

source mb_usb_hdmi_top.tcl -notrace
create_project: Time (s): cpu = 00:00:08 ; elapsed = 00:00:08 . Memory (MB): peak = 373.176 ; gain = 63.758
INFO: [IP_Flow 19-234] Refreshing IP repositories
INFO: [IP_Flow 19-1700] Loaded user IP repository 'c:/Users/jacka/ece385/ip_repo/hdmi_text_controller_1_0'.
WARNING: [IP_Flow 19-2207] Repository 'c:/Users/jacka/ece385/ip_repo/hdmi_text_controller_1_0' already exists; ignoring attempt to add it again.
INFO: [IP_Flow 19-1700] Loaded user IP repository 'c:/Users/jacka/ece385/ip_repo/hdmi_text_controller_1_0'.
INFO: [IP_Flow 19-1700] Loaded user IP repository 'c:/Users/jacka/ece385/hdmi_tx_1.0'.
INFO: [IP_Flow 19-2313] Loaded Vivado IP repository 'C:/Xilinx/Vivado/2022.2/data/ip'.
Command: synth_design -top mb_usb_hdmi_top -part xc7s50csga324-1
Starting synth_design
Attempting to get a license for feature 'Synthesis' and/or device 'xc7s50'
INFO: [Common 17-349] Got license for feature 'Synthesis' and/or device 'xc7s50'
INFO: [Device 21-403] Loading part xc7s50csga324-1
INFO: [Synth 8-7079] Multithreading enabled for synth_design using a maximum of 2 processes.
INFO: [Synth 8-7078] Launching helper process for spawning children vivado processes
INFO: [Synth 8-7075] Helper process launched with PID 66828
INFO: [Synth 8-11241] undeclared symbol 'REGCCE', assumed default net type 'wire' [C:/Xilinx/Vivado/2022.2/data/verilog/src/unimacro/BRAM_SINGLE_MACRO.v:2170]
INFO: [Synth 8-11241] undeclared symbol 'reset_ah', assumed default net type 'wire' [C:/Users/jacka/lab7wk1_try1/lab7wk1_try1.srcs/sources_1/imports/7_1_provided/mb_usb_hdmi_top.sv:52]
---------------------------------------------------------------------------------
Starting RTL Elaboration : Time (s): cpu = 00:00:05 ; elapsed = 00:00:05 . Memory (MB): peak = 1211.148 ; gain = 407.855
---------------------------------------------------------------------------------
INFO: [Synth 8-6157] synthesizing module 'mb_usb_hdmi_top' [C:/Users/jacka/lab7wk1_try1/lab7wk1_try1.srcs/sources_1/imports/7_1_provided/mb_usb_hdmi_top.sv:14]
INFO: [Synth 8-6157] synthesizing module 'lab7_1_mb' [c:/Users/jacka/lab7wk1_try1/lab7wk1_try1.gen/sources_1/bd/lab7_1_mb/synth/lab7_1_mb.v:12]
INFO: [Synth 8-6157] synthesizing module 'lab7_1_mb_axi_uartlite_0_0' [C:/Users/jacka/lab7wk1_try1/lab7wk1_try1.runs/synth_1/.Xil/Vivado-62460-jasper/realtime/lab7_1_mb_axi_uartlite_0_0_stub.v:5]
INFO: [Synth 8-6155] done synthesizing module 'lab7_1_mb_axi_uartlite_0_0' (0#1) [C:/Users/jacka/lab7wk1_try1/lab7wk1_try1.runs/synth_1/.Xil/Vivado-62460-jasper/realtime/lab7_1_mb_axi_uartlite_0_0_stub.v:5]
INFO: [Synth 8-6157] synthesizing module 'lab7_1_mb_clk_wiz_1_0' [C:/Users/jacka/lab7wk1_try1/lab7wk1_try1.runs/synth_1/.Xil/Vivado-62460-jasper/realtime/lab7_1_mb_clk_wiz_1_0_stub.v:5]
INFO: [Synth 8-6155] done synthesizing module 'lab7_1_mb_clk_wiz_1_0' (0#1) [C:/Users/jacka/lab7wk1_try1/lab7wk1_try1.runs/synth_1/.Xil/Vivado-62460-jasper/realtime/lab7_1_mb_clk_wiz_1_0_stub.v:5]
INFO: [Synth 8-6157] synthesizing module 'lab7_1_mb_hdmi_text_controller_0_0' [C:/Users/jacka/lab7wk1_try1/lab7wk1_try1.runs/synth_1/.Xil/Vivado-62460-jasper/realtime/lab7_1_mb_hdmi_text_controller_0_0_stub.v:5]
INFO: [Synth 8-6155] done synthesizing module 'lab7_1_mb_hdmi_text_controller_0_0' (0#1) [C:/Users/jacka/lab7wk1_try1/lab7wk1_try1.runs/synth_1/.Xil/Vivado-62460-jasper/realtime/lab7_1_mb_hdmi_text_controller_0_0_stub.v:5]
WARNING: [Synth 8-7071] port 'hdmi_tmds_clk_n' of module 'lab7_1_mb_hdmi_text_controller_0_0' is unconnected for instance 'hdmi_text_controller_0' [c:/Users/jacka/lab7wk1_try1/lab7wk1_try1.gen/sources_1/bd/lab7_1_mb/synth/lab7_1_mb.v:170]
WARNING: [Synth 8-7071] port 'hdmi_tmds_clk_p' of module 'lab7_1_mb_hdmi_text_controller_0_0' is unconnected for instance 'hdmi_text_controller_0' [c:/Users/jacka/lab7wk1_try1/lab7wk1_try1.gen/sources_1/bd/lab7_1_mb/synth/lab7_1_mb.v:170]
WARNING: [Synth 8-7071] port 'hdmi_tmds_data_n' of module 'lab7_1_mb_hdmi_text_controller_0_0' is unconnected for instance 'hdmi_text_controller_0' [c:/Users/jacka/lab7wk1_try1/lab7wk1_try1.gen/sources_1/bd/lab7_1_mb/synth/lab7_1_mb.v:170]
WARNING: [Synth 8-7071] port 'hdmi_tmds_data_p' of module 'lab7_1_mb_hdmi_text_controller_0_0' is unconnected for instance 'hdmi_text_controller_0' [c:/Users/jacka/lab7wk1_try1/lab7wk1_try1.gen/sources_1/bd/lab7_1_mb/synth/lab7_1_mb.v:170]
WARNING: [Synth 8-7023] instance 'hdmi_text_controller_0' of module 'lab7_1_mb_hdmi_text_controller_0_0' has 25 connections declared, but only 21 given [c:/Users/jacka/lab7wk1_try1/lab7wk1_try1.gen/sources_1/bd/lab7_1_mb/synth/lab7_1_mb.v:170]
INFO: [Synth 8-6157] synthesizing module 'lab7_1_mb_mdm_1_0' [C:/Users/jacka/lab7wk1_try1/lab7wk1_try1.runs/synth_1/.Xil/Vivado-62460-jasper/realtime/lab7_1_mb_mdm_1_0_stub.v:5]
INFO: [Synth 8-6155] done synthesizing module 'lab7_1_mb_mdm_1_0' (0#1) [C:/Users/jacka/lab7wk1_try1/lab7wk1_try1.runs/synth_1/.Xil/Vivado-62460-jasper/realtime/lab7_1_mb_mdm_1_0_stub.v:5]
INFO: [Synth 8-6157] synthesizing module 'lab7_1_mb_microblaze_0_0' [C:/Users/jacka/lab7wk1_try1/lab7wk1_try1.runs/synth_1/.Xil/Vivado-62460-jasper/realtime/lab7_1_mb_microblaze_0_0_stub.v:5]
INFO: [Synth 8-6155] done synthesizing module 'lab7_1_mb_microblaze_0_0' (0#1) [C:/Users/jacka/lab7wk1_try1/lab7wk1_try1.runs/synth_1/.Xil/Vivado-62460-jasper/realtime/lab7_1_mb_microblaze_0_0_stub.v:5]
INFO: [Synth 8-6157] synthesizing module 'lab7_1_mb_microblaze_0_axi_intc_0' [C:/Users/jacka/lab7wk1_try1/lab7wk1_try1.runs/synth_1/.Xil/Vivado-62460-jasper/realtime/lab7_1_mb_microblaze_0_axi_intc_0_stub.v:5]
INFO: [Synth 8-6155] done synthesizing module 'lab7_1_mb_microblaze_0_axi_intc_0' (0#1) [C:/Users/jacka/lab7wk1_try1/lab7wk1_try1.runs/synth_1/.Xil/Vivado-62460-jasper/realtime/lab7_1_mb_microblaze_0_axi_intc_0_stub.v:5]
INFO: [Synth 8-6157] synthesizing module 'lab7_1_mb_microblaze_0_axi_periph_0' [c:/Users/jacka/lab7wk1_try1/lab7wk1_try1.gen/sources_1/bd/lab7_1_mb/synth/lab7_1_mb.v:400]
INFO: [Synth 8-6157] synthesizing module 'm00_couplers_imp_1LP4XS9' [c:/Users/jacka/lab7wk1_try1/lab7wk1_try1.gen/sources_1/bd/lab7_1_mb/synth/lab7_1_mb.v:996]
INFO: [Synth 8-6155] done synthesizing module 'm00_couplers_imp_1LP4XS9' (0#1) [c:/Users/jacka/lab7wk1_try1/lab7wk1_try1.gen/sources_1/bd/lab7_1_mb/synth/lab7_1_mb.v:996]
INFO: [Synth 8-6157] synthesizing module 'm01_couplers_imp_6OD369' [c:/Users/jacka/lab7wk1_try1/lab7wk1_try1.gen/sources_1/bd/lab7_1_mb/synth/lab7_1_mb.v:1128]
INFO: [Synth 8-6155] done synthesizing module 'm01_couplers_imp_6OD369' (0#1) [c:/Users/jacka/lab7wk1_try1/lab7wk1_try1.gen/sources_1/bd/lab7_1_mb/synth/lab7_1_mb.v:1128]
INFO: [Synth 8-6157] synthesizing module 'm02_couplers_imp_1FYNHTK' [c:/Users/jacka/lab7wk1_try1/lab7wk1_try1.gen/sources_1/bd/lab7_1_mb/synth/lab7_1_mb.v:1260]
INFO: [Synth 8-6155] done synthesizing module 'm02_couplers_imp_1FYNHTK' (0#1) [c:/Users/jacka/lab7wk1_try1/lab7wk1_try1.gen/sources_1/bd/lab7_1_mb/synth/lab7_1_mb.v:1260]
INFO: [Synth 8-6157] synthesizing module 's00_couplers_imp_ODIPN9' [c:/Users/jacka/lab7wk1_try1/lab7wk1_try1.gen/sources_1/bd/lab7_1_mb/synth/lab7_1_mb.v:1640]
INFO: [Synth 8-6155] done synthesizing module 's00_couplers_imp_ODIPN9' (0#1) [c:/Users/jacka/lab7wk1_try1/lab7wk1_try1.gen/sources_1/bd/lab7_1_mb/synth/lab7_1_mb.v:1640]
INFO: [Synth 8-6157] synthesizing module 'lab7_1_mb_xbar_0' [C:/Users/jacka/lab7wk1_try1/lab7wk1_try1.runs/synth_1/.Xil/Vivado-62460-jasper/realtime/lab7_1_mb_xbar_0_stub.v:5]
INFO: [Synth 8-6155] done synthesizing module 'lab7_1_mb_xbar_0' (0#1) [C:/Users/jacka/lab7wk1_try1/lab7wk1_try1.runs/synth_1/.Xil/Vivado-62460-jasper/realtime/lab7_1_mb_xbar_0_stub.v:5]
INFO: [Synth 8-6155] done synthesizing module 'lab7_1_mb_microblaze_0_axi_periph_0' (0#1) [c:/Users/jacka/lab7wk1_try1/lab7wk1_try1.gen/sources_1/bd/lab7_1_mb/synth/lab7_1_mb.v:400]
INFO: [Synth 8-6157] synthesizing module 'microblaze_0_local_memory_imp_1GVOF1D' [c:/Users/jacka/lab7wk1_try1/lab7wk1_try1.gen/sources_1/bd/lab7_1_mb/synth/lab7_1_mb.v:1406]
INFO: [Synth 8-6157] synthesizing module 'lab7_1_mb_dlmb_bram_if_cntlr_0' [C:/Users/jacka/lab7wk1_try1/lab7wk1_try1.runs/synth_1/.Xil/Vivado-62460-jasper/realtime/lab7_1_mb_dlmb_bram_if_cntlr_0_stub.v:5]
INFO: [Synth 8-6155] done synthesizing module 'lab7_1_mb_dlmb_bram_if_cntlr_0' (0#1) [C:/Users/jacka/lab7wk1_try1/lab7wk1_try1.runs/synth_1/.Xil/Vivado-62460-jasper/realtime/lab7_1_mb_dlmb_bram_if_cntlr_0_stub.v:5]
INFO: [Synth 8-6157] synthesizing module 'lab7_1_mb_dlmb_v10_0' [C:/Users/jacka/lab7wk1_try1/lab7wk1_try1.runs/synth_1/.Xil/Vivado-62460-jasper/realtime/lab7_1_mb_dlmb_v10_0_stub.v:5]
INFO: [Synth 8-6155] done synthesizing module 'lab7_1_mb_dlmb_v10_0' (0#1) [C:/Users/jacka/lab7wk1_try1/lab7wk1_try1.runs/synth_1/.Xil/Vivado-62460-jasper/realtime/lab7_1_mb_dlmb_v10_0_stub.v:5]
WARNING: [Synth 8-7071] port 'LMB_Rst' of module 'lab7_1_mb_dlmb_v10_0' is unconnected for instance 'dlmb_v10' [c:/Users/jacka/lab7wk1_try1/lab7wk1_try1.gen/sources_1/bd/lab7_1_mb/synth/lab7_1_mb.v:1552]
WARNING: [Synth 8-7023] instance 'dlmb_v10' of module 'lab7_1_mb_dlmb_v10_0' has 25 connections declared, but only 24 given [c:/Users/jacka/lab7wk1_try1/lab7wk1_try1.gen/sources_1/bd/lab7_1_mb/synth/lab7_1_mb.v:1552]
INFO: [Synth 8-6157] synthesizing module 'lab7_1_mb_ilmb_bram_if_cntlr_0' [C:/Users/jacka/lab7wk1_try1/lab7wk1_try1.runs/synth_1/.Xil/Vivado-62460-jasper/realtime/lab7_1_mb_ilmb_bram_if_cntlr_0_stub.v:5]
INFO: [Synth 8-6155] done synthesizing module 'lab7_1_mb_ilmb_bram_if_cntlr_0' (0#1) [C:/Users/jacka/lab7wk1_try1/lab7wk1_try1.runs/synth_1/.Xil/Vivado-62460-jasper/realtime/lab7_1_mb_ilmb_bram_if_cntlr_0_stub.v:5]
INFO: [Synth 8-6157] synthesizing module 'lab7_1_mb_ilmb_v10_0' [C:/Users/jacka/lab7wk1_try1/lab7wk1_try1.runs/synth_1/.Xil/Vivado-62460-jasper/realtime/lab7_1_mb_ilmb_v10_0_stub.v:5]
INFO: [Synth 8-6155] done synthesizing module 'lab7_1_mb_ilmb_v10_0' (0#1) [C:/Users/jacka/lab7wk1_try1/lab7wk1_try1.runs/synth_1/.Xil/Vivado-62460-jasper/realtime/lab7_1_mb_ilmb_v10_0_stub.v:5]
WARNING: [Synth 8-7071] port 'LMB_Rst' of module 'lab7_1_mb_ilmb_v10_0' is unconnected for instance 'ilmb_v10' [c:/Users/jacka/lab7wk1_try1/lab7wk1_try1.gen/sources_1/bd/lab7_1_mb/synth/lab7_1_mb.v:1598]
WARNING: [Synth 8-7023] instance 'ilmb_v10' of module 'lab7_1_mb_ilmb_v10_0' has 25 connections declared, but only 24 given [c:/Users/jacka/lab7wk1_try1/lab7wk1_try1.gen/sources_1/bd/lab7_1_mb/synth/lab7_1_mb.v:1598]
INFO: [Synth 8-6157] synthesizing module 'lab7_1_mb_lmb_bram_0' [C:/Users/jacka/lab7wk1_try1/lab7wk1_try1.runs/synth_1/.Xil/Vivado-62460-jasper/realtime/lab7_1_mb_lmb_bram_0_stub.v:5]
INFO: [Synth 8-6155] done synthesizing module 'lab7_1_mb_lmb_bram_0' (0#1) [C:/Users/jacka/lab7wk1_try1/lab7wk1_try1.runs/synth_1/.Xil/Vivado-62460-jasper/realtime/lab7_1_mb_lmb_bram_0_stub.v:5]
WARNING: [Synth 8-7071] port 'rsta_busy' of module 'lab7_1_mb_lmb_bram_0' is unconnected for instance 'lmb_bram' [c:/Users/jacka/lab7wk1_try1/lab7wk1_try1.gen/sources_1/bd/lab7_1_mb/synth/lab7_1_mb.v:1623]
WARNING: [Synth 8-7071] port 'rstb_busy' of module 'lab7_1_mb_lmb_bram_0' is unconnected for instance 'lmb_bram' [c:/Users/jacka/lab7wk1_try1/lab7wk1_try1.gen/sources_1/bd/lab7_1_mb/synth/lab7_1_mb.v:1623]
WARNING: [Synth 8-7023] instance 'lmb_bram' of module 'lab7_1_mb_lmb_bram_0' has 16 connections declared, but only 14 given [c:/Users/jacka/lab7wk1_try1/lab7wk1_try1.gen/sources_1/bd/lab7_1_mb/synth/lab7_1_mb.v:1623]
INFO: [Synth 8-6155] done synthesizing module 'microblaze_0_local_memory_imp_1GVOF1D' (0#1) [c:/Users/jacka/lab7wk1_try1/lab7wk1_try1.gen/sources_1/bd/lab7_1_mb/synth/lab7_1_mb.v:1406]
INFO: [Synth 8-6157] synthesizing module 'lab7_1_mb_rst_clk_wiz_1_100M_0' [C:/Users/jacka/lab7wk1_try1/lab7wk1_try1.runs/synth_1/.Xil/Vivado-62460-jasper/realtime/lab7_1_mb_rst_clk_wiz_1_100M_0_stub.v:5]
INFO: [Synth 8-6155] done synthesizing module 'lab7_1_mb_rst_clk_wiz_1_100M_0' (0#1) [C:/Users/jacka/lab7wk1_try1/lab7wk1_try1.runs/synth_1/.Xil/Vivado-62460-jasper/realtime/lab7_1_mb_rst_clk_wiz_1_100M_0_stub.v:5]
WARNING: [Synth 8-7071] port 'peripheral_reset' of module 'lab7_1_mb_rst_clk_wiz_1_100M_0' is unconnected for instance 'rst_clk_wiz_1_100M' [c:/Users/jacka/lab7wk1_try1/lab7wk1_try1.gen/sources_1/bd/lab7_1_mb/synth/lab7_1_mb.v:389]
WARNING: [Synth 8-7071] port 'interconnect_aresetn' of module 'lab7_1_mb_rst_clk_wiz_1_100M_0' is unconnected for instance 'rst_clk_wiz_1_100M' [c:/Users/jacka/lab7wk1_try1/lab7wk1_try1.gen/sources_1/bd/lab7_1_mb/synth/lab7_1_mb.v:389]
WARNING: [Synth 8-7023] instance 'rst_clk_wiz_1_100M' of module 'lab7_1_mb_rst_clk_wiz_1_100M_0' has 10 connections declared, but only 8 given [c:/Users/jacka/lab7wk1_try1/lab7wk1_try1.gen/sources_1/bd/lab7_1_mb/synth/lab7_1_mb.v:389]
INFO: [Synth 8-6155] done synthesizing module 'lab7_1_mb' (0#1) [c:/Users/jacka/lab7wk1_try1/lab7wk1_try1.gen/sources_1/bd/lab7_1_mb/synth/lab7_1_mb.v:12]
ERROR: [Synth 8-448] named port connection 'hdmi_tmds_clk_n' does not exist for instance 'mb_block_i' of module 'lab7_1_mb' [C:/Users/jacka/lab7wk1_try1/lab7wk1_try1.srcs/sources_1/imports/7_1_provided/mb_usb_hdmi_top.sv:85]
ERROR: [Synth 8-448] named port connection 'hdmi_tmds_clk_p' does not exist for instance 'mb_block_i' of module 'lab7_1_mb' [C:/Users/jacka/lab7wk1_try1/lab7wk1_try1.srcs/sources_1/imports/7_1_provided/mb_usb_hdmi_top.sv:86]
ERROR: [Synth 8-448] named port connection 'hdmi_tmds_data_n' does not exist for instance 'mb_block_i' of module 'lab7_1_mb' [C:/Users/jacka/lab7wk1_try1/lab7wk1_try1.srcs/sources_1/imports/7_1_provided/mb_usb_hdmi_top.sv:87]
ERROR: [Synth 8-448] named port connection 'hdmi_tmds_data_p' does not exist for instance 'mb_block_i' of module 'lab7_1_mb' [C:/Users/jacka/lab7wk1_try1/lab7wk1_try1.srcs/sources_1/imports/7_1_provided/mb_usb_hdmi_top.sv:88]
ERROR: [Synth 8-6156] failed synthesizing module 'mb_usb_hdmi_top' [C:/Users/jacka/lab7wk1_try1/lab7wk1_try1.srcs/sources_1/imports/7_1_provided/mb_usb_hdmi_top.sv:14]
---------------------------------------------------------------------------------
Finished RTL Elaboration : Time (s): cpu = 00:00:06 ; elapsed = 00:00:06 . Memory (MB): peak = 1305.832 ; gain = 502.539
---------------------------------------------------------------------------------
RTL Elaboration failed
INFO: [Common 17-83] Releasing license: Synthesis
54 Infos, 16 Warnings, 0 Critical Warnings and 6 Errors encountered.
synth_design failed
ERROR: [Common 17-69] Command failed: Synthesis failed - please see the console or run log file for details
INFO: [Common 17-206] Exiting Vivado at Thu Apr  3 01:38:58 2025...
