Copyright 1986-2022 Xilinx, Inc. All Rights Reserved.
------------------------------------------------------------------------------------------
| Tool Version : Vivado v.2022.2 (win64) Build 3671981 Fri Oct 14 05:00:03 MDT 2022
| Date         : Thu Mar  6 17:28:21 2025
| Host         : jasper running 64-bit major release  (build 9200)
| Command      : report_control_sets -verbose -file processor_top_control_sets_placed.rpt
| Design       : processor_top
| Device       : xc7s50
------------------------------------------------------------------------------------------

Control Set Information

Table of Contents
-----------------
1. Summary
2. Histogram
3. Flip-Flop Distribution
4. Detailed Control Set Information

1. Summary
----------

+----------------------------------------------------------+-------+
|                          Status                          | Count |
+----------------------------------------------------------+-------+
| Total control sets                                       |    18 |
|    Minimum number of control sets                        |    18 |
|    Addition due to synthesis replication                 |     0 |
|    Addition due to physical synthesis replication        |     0 |
| Unused register locations in slices containing registers |    15 |
+----------------------------------------------------------+-------+
* Control sets can be merged at opt_design using control_set_merge or merge_equivalent_drivers
** Run report_qor_suggestions for automated merging and remapping suggestions


2. Histogram
------------

+--------------------+-------+
|       Fanout       | Count |
+--------------------+-------+
| Total control sets |    18 |
| >= 0 to < 4        |     0 |
| >= 4 to < 6        |     0 |
| >= 6 to < 8        |     0 |
| >= 8 to < 10       |     0 |
| >= 10 to < 12      |     0 |
| >= 12 to < 14      |     0 |
| >= 14 to < 16      |     0 |
| >= 16              |    18 |
+--------------------+-------+
* Control sets can be remapped at either synth_design or opt_design


3. Flip-Flop Distribution
-------------------------

+--------------+-----------------------+------------------------+-----------------+--------------+
| Clock Enable | Synchronous Set/Reset | Asynchronous Set/Reset | Total Registers | Total Slices |
+--------------+-----------------------+------------------------+-----------------+--------------+
| No           | No                    | No                     |              38 |           11 |
| No           | No                    | Yes                    |               0 |            0 |
| No           | Yes                   | No                     |              39 |           13 |
| Yes          | No                    | No                     |               0 |            0 |
| Yes          | No                    | Yes                    |               0 |            0 |
| Yes          | Yes                   | No                     |             276 |           95 |
+--------------+-----------------------+------------------------+-----------------+--------------+


4. Detailed Control Set Information
-----------------------------------

+----------------+----------------------------------------------------+--------------------------------------+------------------+----------------+--------------+
|  Clock Signal  |                    Enable Signal                   |           Set/Reset Signal           | Slice Load Count | Bel Load Count | Bels / Slice |
+----------------+----------------------------------------------------+--------------------------------------+------------------+----------------+--------------+
|  clk_IBUF_BUFG | button_sync[0]/counter[0]_i_2__0_n_0               | button_sync[0]/counter[0]_i_1__0_n_0 |                4 |             16 |         4.00 |
|  clk_IBUF_BUFG | button_sync[2]/sel                                 | button_sync[2]/counter[0]_i_1_n_0    |                4 |             16 |         4.00 |
|  clk_IBUF_BUFG | mem_subsystem/init_ram/sel                         | button_sync[0]/hex_seg_left_OBUF[0]  |                4 |             16 |         4.00 |
|  clk_IBUF_BUFG | slc3/cpu/cpu_control/FSM_onehot_state_reg[7]_1[0]  | button_sync[0]/hex_seg_left_OBUF[0]  |                9 |             16 |         1.78 |
|  clk_IBUF_BUFG | slc3/cpu/cpu_control/E[0]                          | button_sync[0]/hex_seg_left_OBUF[0]  |                5 |             16 |         3.20 |
|  clk_IBUF_BUFG | slc3/cpu/cpu_control/FSM_onehot_state_reg[23]_0[0] | button_sync[0]/hex_seg_left_OBUF[0]  |                6 |             16 |         2.67 |
|  clk_IBUF_BUFG | slc3/cpu/cpu_control/data_q_reg[9]_0[0]            | button_sync[0]/hex_seg_left_OBUF[0]  |                5 |             16 |         3.20 |
|  clk_IBUF_BUFG | slc3/cpu/cpu_control/data_q_reg[9]_1[0]            | button_sync[0]/hex_seg_left_OBUF[0]  |                6 |             16 |         2.67 |
|  clk_IBUF_BUFG | slc3/cpu/cpu_control/data_q_reg[9]_2[0]            | button_sync[0]/hex_seg_left_OBUF[0]  |                5 |             16 |         3.20 |
|  clk_IBUF_BUFG | slc3/cpu/cpu_control/data_q_reg[9]_3[0]            | button_sync[0]/hex_seg_left_OBUF[0]  |                6 |             16 |         2.67 |
|  clk_IBUF_BUFG | slc3/cpu/cpu_control/data_q_reg[9]_4[0]            | button_sync[0]/hex_seg_left_OBUF[0]  |                6 |             16 |         2.67 |
|  clk_IBUF_BUFG | slc3/cpu/cpu_control/data_q_reg[9]_5[0]            | button_sync[0]/hex_seg_left_OBUF[0]  |                7 |             16 |         2.29 |
|  clk_IBUF_BUFG | slc3/cpu/cpu_control/data_q_reg[11]_0[0]           | button_sync[0]/hex_seg_left_OBUF[0]  |                6 |             16 |         2.67 |
|  clk_IBUF_BUFG | slc3/cpu/cpu_control/data_q_reg[11]_1[0]           | button_sync[0]/hex_seg_left_OBUF[0]  |                5 |             16 |         3.20 |
|  clk_IBUF_BUFG | slc3/cpu/cpu_control/FSM_onehot_state[24]_i_1_n_0  | button_sync[0]/hex_seg_left_OBUF[0]  |                8 |             25 |         3.12 |
|  clk_IBUF_BUFG | slc3/cpu/cpu_control/FSM_onehot_state_reg[16]_1[0] | button_sync[0]/hex_seg_left_OBUF[0]  |                9 |             27 |         3.00 |
|  clk_IBUF_BUFG |                                                    |                                      |               11 |             38 |         3.45 |
|  clk_IBUF_BUFG |                                                    | button_sync[0]/hex_seg_left_OBUF[0]  |               13 |             39 |         3.00 |
+----------------+----------------------------------------------------+--------------------------------------+------------------+----------------+--------------+


