21:38:05 DEBUG : Logs will be stored at 'C:/Users/jacka/lab6_2_try1/workspace/IDE.log'.
21:38:09 INFO  : Platform repository initialization has completed.
21:38:09 INFO  : Launching XSCT server: xsct.bat -n  -interactive C:\Users\jacka\lab6_2_try1\workspace\temp_xsdb_launch_script.tcl
21:38:09 INFO  : Registering command handlers for Vitis TCF services
21:38:14 INFO  : XSCT server has started successfully.
21:38:20 INFO  : plnx-install-location is set to ''
21:38:20 INFO  : Successfully done setting XSCT server connection channel  
21:38:20 INFO  : Successfully done query RDI_DATADIR 
21:38:20 INFO  : Successfully done setting workspace for the tool. 
21:42:38 INFO  : Result from executing command 'getProjects': mb_usb_hdmi_top
21:42:38 INFO  : Result from executing command 'getPlatforms': 
21:42:38 WARN  : An unexpected exception occurred in the module 'platform project logging'
21:42:38 INFO  : Platform 'mb_usb_hdmi_top' is added to custom repositories.
21:42:40 INFO  : Platform 'mb_usb_hdmi_top' is added to custom repositories.
22:10:11 DEBUG : Logs will be stored at 'C:/Users/jacka/lab6_2_try1/workspace/IDE.log'.
22:10:12 INFO  : Launching XSCT server: xsct.bat -n  -interactive C:\Users\jacka\lab6_2_try1\workspace\temp_xsdb_launch_script.tcl
22:10:15 INFO  : Platform repository initialization has completed.
22:10:15 INFO  : Registering command handlers for Vitis TCF services
22:10:18 INFO  : XSCT server has started successfully.
22:10:25 INFO  : Successfully done setting XSCT server connection channel  
22:10:25 INFO  : plnx-install-location is set to ''
22:10:25 INFO  : Successfully done query RDI_DATADIR 
22:10:25 INFO  : Successfully done setting workspace for the tool. 
23:43:52 DEBUG : Logs will be stored at 'C:/Users/jacka/lab6_2_try1/workspace/IDE.log'.
23:43:53 INFO  : Launching XSCT server: xsct.bat -n  -interactive C:\Users\jacka\lab6_2_try1\workspace\temp_xsdb_launch_script.tcl
23:43:55 INFO  : Platform repository initialization has completed.
23:43:56 INFO  : XSCT server has started successfully.
23:43:56 INFO  : Registering command handlers for Vitis TCF services
23:43:56 INFO  : plnx-install-location is set to ''
23:43:56 INFO  : Successfully done setting XSCT server connection channel  
23:43:56 INFO  : Successfully done query RDI_DATADIR 
23:43:56 INFO  : Successfully done setting workspace for the tool. 
23:44:28 INFO  : Hardware specification for platform project 'mb_usb_hdmi_top' is updated.
01:02:09 INFO  : Result from executing command 'getProjects': mb_usb_hdmi_top
01:02:09 INFO  : Result from executing command 'getPlatforms': mb_usb_hdmi_top|C:/Users/jacka/lab6_2_try1/workspace/mb_usb_hdmi_top/export/mb_usb_hdmi_top/mb_usb_hdmi_top.xpfm
01:02:10 INFO  : Checking for BSP changes to sync application flags for project 'mb_usb'...
01:05:29 INFO  : Connected to target on host '127.0.0.1' and port '3121'.
01:05:47 INFO  : ----------------XSDB Script----------------
connect -url tcp:127.0.0.1:3121
----------------End of Script----------------

01:05:47 ERROR : Could not find FPGA device on the board for connection 'Local'.


Troubleshooting hints:
1. Check whether board is connected to system properly.
2. In case of zynq board, check whether Digilent/Xilinx cable switch settings are correct.
3. If you are using Xilinx Platform Cable USB, ensure that status LED is green.
01:06:59 INFO  : Connected to target on host '127.0.0.1' and port '3121'.
01:06:59 INFO  : Jtag cable 'RealDigital Boo 887100000007A' is selected.
01:06:59 INFO  : 'jtag frequency' command is executed.
01:06:59 INFO  : 'targets -set -filter {jtag_cable_name =~ "RealDigital Boo 887100000007A" && level==0 && jtag_device_ctx=="jsn1-0362f093-0"}' command is executed.
01:07:00 INFO  : Device configured successfully with "C:/Users/jacka/lab6_2_try1/workspace/mb_usb/_ide/bitstream/mb_usb_hdmi_top.bit"
01:07:01 INFO  : Context for processor 'microblaze_0' is selected.
01:07:01 INFO  : Hardware design and registers information is loaded from 'C:/Users/jacka/lab6_2_try1/workspace/mb_usb_hdmi_top/export/mb_usb_hdmi_top/hw/mb_usb_hdmi_top.xsa'.
01:07:01 INFO  : 'configparams mdm-detect-bscan-mask 2' command is executed.
01:07:01 INFO  : Context for processor 'microblaze_0' is selected.
01:07:01 INFO  : System reset is completed.
01:07:04 INFO  : 'after 3000' command is executed.
01:07:04 INFO  : Context for processor 'microblaze_0' is selected.
01:07:04 INFO  : The application 'C:/Users/jacka/lab6_2_try1/workspace/mb_usb/Debug/mb_usb.elf' is downloaded to processor 'microblaze_0'.
01:07:04 INFO  : ----------------XSDB Script----------------
connect -url tcp:127.0.0.1:3121
targets -set -filter {jtag_cable_name =~ "RealDigital Boo 887100000007A" && level==0 && jtag_device_ctx=="jsn1-0362f093-0"}
fpga -file C:/Users/jacka/lab6_2_try1/workspace/mb_usb/_ide/bitstream/mb_usb_hdmi_top.bit
targets -set -nocase -filter {name =~ "*microblaze*#0" && bscan=="USER2" }
loadhw -hw C:/Users/jacka/lab6_2_try1/workspace/mb_usb_hdmi_top/export/mb_usb_hdmi_top/hw/mb_usb_hdmi_top.xsa -regs
configparams mdm-detect-bscan-mask 2
targets -set -nocase -filter {name =~ "*microblaze*#0" && bscan=="USER2" }
rst -system
after 3000
targets -set -nocase -filter {name =~ "*microblaze*#0" && bscan=="USER2" }
dow C:/Users/jacka/lab6_2_try1/workspace/mb_usb/Debug/mb_usb.elf
----------------End of Script----------------

01:07:04 INFO  : Context for processor 'microblaze_0' is selected.
01:07:04 INFO  : 'con' command is executed.
01:07:04 INFO  : ----------------XSDB Script (After Launch)----------------
targets -set -nocase -filter {name =~ "*microblaze*#0" && bscan=="USER2" }
con
----------------End of Script----------------

01:07:04 INFO  : Disconnected from the channel tcfchan#2.
01:07:54 INFO  : Connected to target on host '127.0.0.1' and port '3121'.
01:07:55 INFO  : Jtag cable 'RealDigital Boo 887100000007A' is selected.
01:07:55 INFO  : 'jtag frequency' command is executed.
01:08:09 INFO  : 'targets -set -filter {jtag_cable_name =~ "RealDigital Boo 887100000007A" && level==0 && jtag_device_ctx=="jsn1-0362f093-0"}' command is executed.
01:08:11 INFO  : Device configured successfully with "C:/Users/jacka/lab6_2_try1/workspace/mb_usb/_ide/bitstream/mb_usb_hdmi_top.bit"
01:08:43 ERROR : no targets found with "name =~ "*microblaze*#0" && bscan=="USER2" ". available targets: none
01:08:43 INFO  : ----------------XSDB Script----------------
connect -url tcp:127.0.0.1:3121
targets -set -filter {jtag_cable_name =~ "RealDigital Boo 887100000007A" && level==0 && jtag_device_ctx=="jsn1-0362f093-0"}
fpga -file C:/Users/jacka/lab6_2_try1/workspace/mb_usb/_ide/bitstream/mb_usb_hdmi_top.bit
targets -set -nocase -filter {name =~ "*microblaze*#0" && bscan=="USER2" }
----------------End of Script----------------

01:08:43 ERROR : no targets found with "name =~ "*microblaze*#0" && bscan=="USER2" ". available targets: none
01:10:43 INFO  : Connected to target on host '127.0.0.1' and port '3121'.
01:10:43 INFO  : Jtag cable 'RealDigital Boo 887100000007A' is selected.
01:10:43 INFO  : 'jtag frequency' command is executed.
01:10:43 INFO  : 'targets -set -filter {jtag_cable_name =~ "RealDigital Boo 887100000007A" && level==0 && jtag_device_ctx=="jsn1-0362f093-0"}' command is executed.
01:10:45 INFO  : Device configured successfully with "C:/Users/jacka/lab6_2_try1/workspace/mb_usb/_ide/bitstream/mb_usb_hdmi_top.bit"
01:10:45 INFO  : Context for processor 'microblaze_0' is selected.
01:10:45 INFO  : Hardware design and registers information is loaded from 'C:/Users/jacka/lab6_2_try1/workspace/mb_usb_hdmi_top/export/mb_usb_hdmi_top/hw/mb_usb_hdmi_top.xsa'.
01:10:45 INFO  : 'configparams mdm-detect-bscan-mask 2' command is executed.
01:10:45 INFO  : Context for processor 'microblaze_0' is selected.
01:10:45 INFO  : System reset is completed.
01:10:48 INFO  : 'after 3000' command is executed.
01:10:48 INFO  : Context for processor 'microblaze_0' is selected.
01:10:48 INFO  : The application 'C:/Users/jacka/lab6_2_try1/workspace/mb_usb/Debug/mb_usb.elf' is downloaded to processor 'microblaze_0'.
01:10:48 INFO  : ----------------XSDB Script----------------
connect -url tcp:127.0.0.1:3121
targets -set -filter {jtag_cable_name =~ "RealDigital Boo 887100000007A" && level==0 && jtag_device_ctx=="jsn1-0362f093-0"}
fpga -file C:/Users/jacka/lab6_2_try1/workspace/mb_usb/_ide/bitstream/mb_usb_hdmi_top.bit
targets -set -nocase -filter {name =~ "*microblaze*#0" && bscan=="USER2" }
loadhw -hw C:/Users/jacka/lab6_2_try1/workspace/mb_usb_hdmi_top/export/mb_usb_hdmi_top/hw/mb_usb_hdmi_top.xsa -regs
configparams mdm-detect-bscan-mask 2
targets -set -nocase -filter {name =~ "*microblaze*#0" && bscan=="USER2" }
rst -system
after 3000
targets -set -nocase -filter {name =~ "*microblaze*#0" && bscan=="USER2" }
dow C:/Users/jacka/lab6_2_try1/workspace/mb_usb/Debug/mb_usb.elf
----------------End of Script----------------

01:10:48 INFO  : Context for processor 'microblaze_0' is selected.
01:10:48 INFO  : 'con' command is executed.
01:10:48 INFO  : ----------------XSDB Script (After Launch)----------------
targets -set -nocase -filter {name =~ "*microblaze*#0" && bscan=="USER2" }
con
----------------End of Script----------------

01:10:48 INFO  : Disconnected from the channel tcfchan#3.
01:12:23 INFO  : Connected to target on host '127.0.0.1' and port '3121'.
01:12:23 INFO  : Jtag cable 'RealDigital Boo 887100000007A' is selected.
01:12:23 INFO  : 'jtag frequency' command is executed.
01:12:23 INFO  : 'targets -set -filter {jtag_cable_name =~ "RealDigital Boo 887100000007A" && level==0 && jtag_device_ctx=="jsn1-0362f093-0"}' command is executed.
01:12:24 INFO  : Device configured successfully with "C:/Users/jacka/lab6_2_try1/workspace/mb_usb/_ide/bitstream/mb_usb_hdmi_top.bit"
01:12:25 INFO  : Context for processor 'microblaze_0' is selected.
01:12:25 INFO  : Hardware design and registers information is loaded from 'C:/Users/jacka/lab6_2_try1/workspace/mb_usb_hdmi_top/export/mb_usb_hdmi_top/hw/mb_usb_hdmi_top.xsa'.
01:12:25 INFO  : 'configparams mdm-detect-bscan-mask 2' command is executed.
01:12:25 INFO  : Context for processor 'microblaze_0' is selected.
01:12:25 INFO  : System reset is completed.
01:12:28 INFO  : 'after 3000' command is executed.
01:12:28 INFO  : Context for processor 'microblaze_0' is selected.
01:12:28 INFO  : The application 'C:/Users/jacka/lab6_2_try1/workspace/mb_usb/Debug/mb_usb.elf' is downloaded to processor 'microblaze_0'.
01:12:28 INFO  : ----------------XSDB Script----------------
connect -url tcp:127.0.0.1:3121
targets -set -filter {jtag_cable_name =~ "RealDigital Boo 887100000007A" && level==0 && jtag_device_ctx=="jsn1-0362f093-0"}
fpga -file C:/Users/jacka/lab6_2_try1/workspace/mb_usb/_ide/bitstream/mb_usb_hdmi_top.bit
targets -set -nocase -filter {name =~ "*microblaze*#0" && bscan=="USER2" }
loadhw -hw C:/Users/jacka/lab6_2_try1/workspace/mb_usb_hdmi_top/export/mb_usb_hdmi_top/hw/mb_usb_hdmi_top.xsa -regs
configparams mdm-detect-bscan-mask 2
targets -set -nocase -filter {name =~ "*microblaze*#0" && bscan=="USER2" }
rst -system
after 3000
targets -set -nocase -filter {name =~ "*microblaze*#0" && bscan=="USER2" }
dow C:/Users/jacka/lab6_2_try1/workspace/mb_usb/Debug/mb_usb.elf
----------------End of Script----------------

01:12:28 INFO  : Context for processor 'microblaze_0' is selected.
01:12:28 INFO  : 'con' command is executed.
01:12:28 INFO  : ----------------XSDB Script (After Launch)----------------
targets -set -nocase -filter {name =~ "*microblaze*#0" && bscan=="USER2" }
con
----------------End of Script----------------

01:12:28 INFO  : Disconnected from the channel tcfchan#4.
01:14:03 DEBUG : Logs will be stored at 'C:/Users/jacka/lab6_2_try1/workspace/IDE.log'.
01:14:04 INFO  : Launching XSCT server: xsct.bat -n  -interactive C:\Users\jacka\lab6_2_try1\workspace\temp_xsdb_launch_script.tcl
01:14:09 INFO  : XSCT server has started successfully.
01:14:09 INFO  : plnx-install-location is set to ''
01:14:09 INFO  : Successfully done setting XSCT server connection channel  
01:14:09 INFO  : Successfully done setting workspace for the tool. 
01:14:10 INFO  : Platform repository initialization has completed.
01:14:11 INFO  : Registering command handlers for Vitis TCF services
01:14:11 INFO  : Successfully done query RDI_DATADIR 
01:15:05 INFO  : Connected to target on host '127.0.0.1' and port '3121'.
01:15:05 INFO  : Jtag cable 'RealDigital Boo 887100000007A' is selected.
01:15:05 INFO  : 'jtag frequency' command is executed.
01:15:05 INFO  : 'targets -set -filter {jtag_cable_name =~ "RealDigital Boo 887100000007A" && level==0 && jtag_device_ctx=="jsn1-0362f093-0"}' command is executed.
01:15:06 INFO  : Device configured successfully with "C:/Users/jacka/lab6_2_try1/workspace/mb_usb/_ide/bitstream/mb_usb_hdmi_top.bit"
01:15:07 INFO  : Context for processor 'microblaze_0' is selected.
01:15:07 INFO  : Hardware design and registers information is loaded from 'C:/Users/jacka/lab6_2_try1/workspace/mb_usb_hdmi_top/export/mb_usb_hdmi_top/hw/mb_usb_hdmi_top.xsa'.
01:15:07 INFO  : 'configparams mdm-detect-bscan-mask 2' command is executed.
01:15:07 INFO  : Context for processor 'microblaze_0' is selected.
01:15:07 INFO  : System reset is completed.
01:15:10 INFO  : 'after 3000' command is executed.
01:15:10 INFO  : Context for processor 'microblaze_0' is selected.
01:15:10 INFO  : The application 'C:/Users/jacka/lab6_2_try1/workspace/mb_usb/Debug/mb_usb.elf' is downloaded to processor 'microblaze_0'.
01:15:10 INFO  : ----------------XSDB Script----------------
connect -url tcp:127.0.0.1:3121
targets -set -filter {jtag_cable_name =~ "RealDigital Boo 887100000007A" && level==0 && jtag_device_ctx=="jsn1-0362f093-0"}
fpga -file C:/Users/jacka/lab6_2_try1/workspace/mb_usb/_ide/bitstream/mb_usb_hdmi_top.bit
targets -set -nocase -filter {name =~ "*microblaze*#0" && bscan=="USER2" }
loadhw -hw C:/Users/jacka/lab6_2_try1/workspace/mb_usb_hdmi_top/export/mb_usb_hdmi_top/hw/mb_usb_hdmi_top.xsa -regs
configparams mdm-detect-bscan-mask 2
targets -set -nocase -filter {name =~ "*microblaze*#0" && bscan=="USER2" }
rst -system
after 3000
targets -set -nocase -filter {name =~ "*microblaze*#0" && bscan=="USER2" }
dow C:/Users/jacka/lab6_2_try1/workspace/mb_usb/Debug/mb_usb.elf
----------------End of Script----------------

01:15:10 INFO  : Context for processor 'microblaze_0' is selected.
01:15:10 INFO  : 'con' command is executed.
01:15:10 INFO  : ----------------XSDB Script (After Launch)----------------
targets -set -nocase -filter {name =~ "*microblaze*#0" && bscan=="USER2" }
con
----------------End of Script----------------

01:15:10 INFO  : Disconnected from the channel tcfchan#1.
01:15:45 INFO  : Connected to target on host '127.0.0.1' and port '3121'.
01:15:46 INFO  : Jtag cable 'RealDigital Boo 887100000007A' is selected.
01:15:46 INFO  : 'jtag frequency' command is executed.
01:15:46 INFO  : 'targets -set -filter {jtag_cable_name =~ "RealDigital Boo 887100000007A" && level==0 && jtag_device_ctx=="jsn1-0362f093-0"}' command is executed.
01:15:47 INFO  : Device configured successfully with "C:/Users/jacka/lab6_2_try1/workspace/mb_usb/_ide/bitstream/mb_usb_hdmi_top.bit"
01:15:47 INFO  : Context for processor 'microblaze_0' is selected.
01:15:48 INFO  : Hardware design and registers information is loaded from 'C:/Users/jacka/lab6_2_try1/workspace/mb_usb_hdmi_top/export/mb_usb_hdmi_top/hw/mb_usb_hdmi_top.xsa'.
01:15:48 INFO  : 'configparams mdm-detect-bscan-mask 2' command is executed.
01:15:48 INFO  : Context for processor 'microblaze_0' is selected.
01:15:48 INFO  : System reset is completed.
01:15:51 INFO  : 'after 3000' command is executed.
01:15:51 INFO  : Context for processor 'microblaze_0' is selected.
01:15:51 INFO  : The application 'C:/Users/jacka/lab6_2_try1/workspace/mb_usb/Debug/mb_usb.elf' is downloaded to processor 'microblaze_0'.
01:15:51 INFO  : ----------------XSDB Script----------------
connect -url tcp:127.0.0.1:3121
targets -set -filter {jtag_cable_name =~ "RealDigital Boo 887100000007A" && level==0 && jtag_device_ctx=="jsn1-0362f093-0"}
fpga -file C:/Users/jacka/lab6_2_try1/workspace/mb_usb/_ide/bitstream/mb_usb_hdmi_top.bit
targets -set -nocase -filter {name =~ "*microblaze*#0" && bscan=="USER2" }
loadhw -hw C:/Users/jacka/lab6_2_try1/workspace/mb_usb_hdmi_top/export/mb_usb_hdmi_top/hw/mb_usb_hdmi_top.xsa -regs
configparams mdm-detect-bscan-mask 2
targets -set -nocase -filter {name =~ "*microblaze*#0" && bscan=="USER2" }
rst -system
after 3000
targets -set -nocase -filter {name =~ "*microblaze*#0" && bscan=="USER2" }
dow C:/Users/jacka/lab6_2_try1/workspace/mb_usb/Debug/mb_usb.elf
----------------End of Script----------------

01:15:51 INFO  : Context for processor 'microblaze_0' is selected.
01:15:51 INFO  : 'con' command is executed.
01:15:51 INFO  : ----------------XSDB Script (After Launch)----------------
targets -set -nocase -filter {name =~ "*microblaze*#0" && bscan=="USER2" }
con
----------------End of Script----------------

01:15:51 INFO  : Disconnected from the channel tcfchan#2.
01:16:21 INFO  : Connected to target on host '127.0.0.1' and port '3121'.
01:16:21 INFO  : Jtag cable 'RealDigital Boo 887100000007A' is selected.
01:16:21 INFO  : 'jtag frequency' command is executed.
01:16:21 INFO  : 'targets -set -filter {jtag_cable_name =~ "RealDigital Boo 887100000007A" && level==0 && jtag_device_ctx=="jsn1-0362f093-0"}' command is executed.
01:16:22 INFO  : Device configured successfully with "C:/Users/jacka/lab6_2_try1/workspace/mb_usb/_ide/bitstream/mb_usb_hdmi_top.bit"
01:16:23 INFO  : Context for processor 'microblaze_0' is selected.
01:16:23 INFO  : Hardware design and registers information is loaded from 'C:/Users/jacka/lab6_2_try1/workspace/mb_usb_hdmi_top/export/mb_usb_hdmi_top/hw/mb_usb_hdmi_top.xsa'.
01:16:23 INFO  : 'configparams mdm-detect-bscan-mask 2' command is executed.
01:16:23 INFO  : Context for processor 'microblaze_0' is selected.
01:16:23 INFO  : System reset is completed.
01:16:26 INFO  : 'after 3000' command is executed.
01:16:26 INFO  : Context for processor 'microblaze_0' is selected.
01:16:26 INFO  : The application 'C:/Users/jacka/lab6_2_try1/workspace/mb_usb/Debug/mb_usb.elf' is downloaded to processor 'microblaze_0'.
01:16:26 INFO  : ----------------XSDB Script----------------
connect -url tcp:127.0.0.1:3121
targets -set -filter {jtag_cable_name =~ "RealDigital Boo 887100000007A" && level==0 && jtag_device_ctx=="jsn1-0362f093-0"}
fpga -file C:/Users/jacka/lab6_2_try1/workspace/mb_usb/_ide/bitstream/mb_usb_hdmi_top.bit
targets -set -nocase -filter {name =~ "*microblaze*#0" && bscan=="USER2" }
loadhw -hw C:/Users/jacka/lab6_2_try1/workspace/mb_usb_hdmi_top/export/mb_usb_hdmi_top/hw/mb_usb_hdmi_top.xsa -regs
configparams mdm-detect-bscan-mask 2
targets -set -nocase -filter {name =~ "*microblaze*#0" && bscan=="USER2" }
rst -system
after 3000
targets -set -nocase -filter {name =~ "*microblaze*#0" && bscan=="USER2" }
dow C:/Users/jacka/lab6_2_try1/workspace/mb_usb/Debug/mb_usb.elf
----------------End of Script----------------

01:16:26 INFO  : Context for processor 'microblaze_0' is selected.
01:16:26 INFO  : 'con' command is executed.
01:16:26 INFO  : ----------------XSDB Script (After Launch)----------------
targets -set -nocase -filter {name =~ "*microblaze*#0" && bscan=="USER2" }
con
----------------End of Script----------------

01:16:26 INFO  : Disconnected from the channel tcfchan#3.
01:18:01 INFO  : Connected to target on host '127.0.0.1' and port '3121'.
01:18:01 INFO  : Jtag cable 'RealDigital Boo 887100000007A' is selected.
01:18:01 INFO  : 'jtag frequency' command is executed.
01:18:01 INFO  : 'targets -set -filter {jtag_cable_name =~ "RealDigital Boo 887100000007A" && level==0 && jtag_device_ctx=="jsn1-0362f093-0"}' command is executed.
01:18:02 INFO  : Device configured successfully with "C:/Users/jacka/lab6_2_try1/workspace/mb_usb/_ide/bitstream/mb_usb_hdmi_top.bit"
01:18:03 INFO  : Context for processor 'microblaze_0' is selected.
01:18:03 INFO  : Hardware design and registers information is loaded from 'C:/Users/jacka/lab6_2_try1/workspace/mb_usb_hdmi_top/export/mb_usb_hdmi_top/hw/mb_usb_hdmi_top.xsa'.
01:18:03 INFO  : 'configparams mdm-detect-bscan-mask 2' command is executed.
01:18:03 INFO  : Context for processor 'microblaze_0' is selected.
01:18:03 INFO  : System reset is completed.
01:18:06 INFO  : 'after 3000' command is executed.
01:18:06 INFO  : Context for processor 'microblaze_0' is selected.
01:18:06 INFO  : The application 'C:/Users/jacka/lab6_2_try1/workspace/mb_usb/Debug/mb_usb.elf' is downloaded to processor 'microblaze_0'.
01:18:06 INFO  : ----------------XSDB Script----------------
connect -url tcp:127.0.0.1:3121
targets -set -filter {jtag_cable_name =~ "RealDigital Boo 887100000007A" && level==0 && jtag_device_ctx=="jsn1-0362f093-0"}
fpga -file C:/Users/jacka/lab6_2_try1/workspace/mb_usb/_ide/bitstream/mb_usb_hdmi_top.bit
targets -set -nocase -filter {name =~ "*microblaze*#0" && bscan=="USER2" }
loadhw -hw C:/Users/jacka/lab6_2_try1/workspace/mb_usb_hdmi_top/export/mb_usb_hdmi_top/hw/mb_usb_hdmi_top.xsa -regs
configparams mdm-detect-bscan-mask 2
targets -set -nocase -filter {name =~ "*microblaze*#0" && bscan=="USER2" }
rst -system
after 3000
targets -set -nocase -filter {name =~ "*microblaze*#0" && bscan=="USER2" }
dow C:/Users/jacka/lab6_2_try1/workspace/mb_usb/Debug/mb_usb.elf
----------------End of Script----------------

01:18:06 INFO  : Context for processor 'microblaze_0' is selected.
01:18:06 INFO  : 'con' command is executed.
01:18:06 INFO  : ----------------XSDB Script (After Launch)----------------
targets -set -nocase -filter {name =~ "*microblaze*#0" && bscan=="USER2" }
con
----------------End of Script----------------

01:18:06 INFO  : Disconnected from the channel tcfchan#4.
01:25:22 INFO  : Connected to target on host '127.0.0.1' and port '3121'.
01:25:22 INFO  : Jtag cable 'RealDigital Boo 887100000007A' is selected.
01:25:22 INFO  : 'jtag frequency' command is executed.
01:25:22 INFO  : 'targets -set -filter {jtag_cable_name =~ "RealDigital Boo 887100000007A" && level==0 && jtag_device_ctx=="jsn1-0362f093-0"}' command is executed.
01:25:24 INFO  : Device configured successfully with "C:/Users/jacka/lab6_2_try1/workspace/mb_usb/_ide/bitstream/mb_usb_hdmi_top.bit"
01:25:24 INFO  : Context for processor 'microblaze_0' is selected.
01:25:24 INFO  : Hardware design and registers information is loaded from 'C:/Users/jacka/lab6_2_try1/workspace/mb_usb_hdmi_top/export/mb_usb_hdmi_top/hw/mb_usb_hdmi_top.xsa'.
01:25:24 INFO  : 'configparams mdm-detect-bscan-mask 2' command is executed.
01:25:24 INFO  : Context for processor 'microblaze_0' is selected.
01:25:24 INFO  : System reset is completed.
01:25:27 INFO  : 'after 3000' command is executed.
01:25:27 INFO  : Context for processor 'microblaze_0' is selected.
01:25:28 INFO  : The application 'C:/Users/jacka/lab6_2_try1/workspace/mb_usb/Debug/mb_usb.elf' is downloaded to processor 'microblaze_0'.
01:25:28 INFO  : ----------------XSDB Script----------------
connect -url tcp:127.0.0.1:3121
targets -set -filter {jtag_cable_name =~ "RealDigital Boo 887100000007A" && level==0 && jtag_device_ctx=="jsn1-0362f093-0"}
fpga -file C:/Users/jacka/lab6_2_try1/workspace/mb_usb/_ide/bitstream/mb_usb_hdmi_top.bit
targets -set -nocase -filter {name =~ "*microblaze*#0" && bscan=="USER2" }
loadhw -hw C:/Users/jacka/lab6_2_try1/workspace/mb_usb_hdmi_top/export/mb_usb_hdmi_top/hw/mb_usb_hdmi_top.xsa -regs
configparams mdm-detect-bscan-mask 2
targets -set -nocase -filter {name =~ "*microblaze*#0" && bscan=="USER2" }
rst -system
after 3000
targets -set -nocase -filter {name =~ "*microblaze*#0" && bscan=="USER2" }
dow C:/Users/jacka/lab6_2_try1/workspace/mb_usb/Debug/mb_usb.elf
----------------End of Script----------------

01:25:28 INFO  : Context for processor 'microblaze_0' is selected.
01:25:28 INFO  : 'con' command is executed.
01:25:28 INFO  : ----------------XSDB Script (After Launch)----------------
targets -set -nocase -filter {name =~ "*microblaze*#0" && bscan=="USER2" }
con
----------------End of Script----------------

01:25:28 INFO  : Disconnected from the channel tcfchan#5.
01:25:29 INFO  : Connected to target on host '127.0.0.1' and port '3121'.
01:25:29 INFO  : Jtag cable 'RealDigital Boo 887100000007A' is selected.
01:25:29 INFO  : 'jtag frequency' command is executed.
01:25:29 INFO  : 'targets -set -filter {jtag_cable_name =~ "RealDigital Boo 887100000007A" && level==0 && jtag_device_ctx=="jsn1-0362f093-0"}' command is executed.
01:25:31 INFO  : Device configured successfully with "C:/Users/jacka/lab6_2_try1/workspace/mb_usb/_ide/bitstream/mb_usb_hdmi_top.bit"
01:25:31 INFO  : Context for processor 'microblaze_0' is selected.
01:25:31 INFO  : Hardware design and registers information is loaded from 'C:/Users/jacka/lab6_2_try1/workspace/mb_usb_hdmi_top/export/mb_usb_hdmi_top/hw/mb_usb_hdmi_top.xsa'.
01:25:31 INFO  : 'configparams mdm-detect-bscan-mask 2' command is executed.
01:25:31 INFO  : Context for processor 'microblaze_0' is selected.
01:25:31 INFO  : System reset is completed.
01:25:34 INFO  : 'after 3000' command is executed.
01:25:34 INFO  : Context for processor 'microblaze_0' is selected.
01:25:35 INFO  : The application 'C:/Users/jacka/lab6_2_try1/workspace/mb_usb/Debug/mb_usb.elf' is downloaded to processor 'microblaze_0'.
01:25:35 INFO  : ----------------XSDB Script----------------
connect -url tcp:127.0.0.1:3121
targets -set -filter {jtag_cable_name =~ "RealDigital Boo 887100000007A" && level==0 && jtag_device_ctx=="jsn1-0362f093-0"}
fpga -file C:/Users/jacka/lab6_2_try1/workspace/mb_usb/_ide/bitstream/mb_usb_hdmi_top.bit
targets -set -nocase -filter {name =~ "*microblaze*#0" && bscan=="USER2" }
loadhw -hw C:/Users/jacka/lab6_2_try1/workspace/mb_usb_hdmi_top/export/mb_usb_hdmi_top/hw/mb_usb_hdmi_top.xsa -regs
configparams mdm-detect-bscan-mask 2
targets -set -nocase -filter {name =~ "*microblaze*#0" && bscan=="USER2" }
rst -system
after 3000
targets -set -nocase -filter {name =~ "*microblaze*#0" && bscan=="USER2" }
dow C:/Users/jacka/lab6_2_try1/workspace/mb_usb/Debug/mb_usb.elf
----------------End of Script----------------

01:25:35 INFO  : Context for processor 'microblaze_0' is selected.
01:25:35 INFO  : 'con' command is executed.
01:25:35 INFO  : ----------------XSDB Script (After Launch)----------------
targets -set -nocase -filter {name =~ "*microblaze*#0" && bscan=="USER2" }
con
----------------End of Script----------------

01:25:35 INFO  : Disconnected from the channel tcfchan#6.
14:42:12 INFO  : Connected to target on host '127.0.0.1' and port '3121'.
14:42:12 INFO  : Jtag cable 'RealDigital Boo 887100000007A' is selected.
14:42:12 INFO  : 'jtag frequency' command is executed.
14:42:12 INFO  : 'targets -set -filter {jtag_cable_name =~ "RealDigital Boo 887100000007A" && level==0 && jtag_device_ctx=="jsn1-0362f093-0"}' command is executed.
14:42:14 INFO  : Device configured successfully with "C:/Users/jacka/lab6_2_try1/workspace/mb_usb/_ide/bitstream/mb_usb_hdmi_top.bit"
14:42:14 INFO  : Context for processor 'microblaze_0' is selected.
14:42:14 INFO  : Hardware design and registers information is loaded from 'C:/Users/jacka/lab6_2_try1/workspace/mb_usb_hdmi_top/export/mb_usb_hdmi_top/hw/mb_usb_hdmi_top.xsa'.
14:42:14 INFO  : 'configparams mdm-detect-bscan-mask 2' command is executed.
14:42:14 INFO  : Context for processor 'microblaze_0' is selected.
14:42:14 INFO  : System reset is completed.
14:42:17 INFO  : 'after 3000' command is executed.
14:42:18 INFO  : Context for processor 'microblaze_0' is selected.
14:42:18 INFO  : The application 'C:/Users/jacka/lab6_2_try1/workspace/mb_usb/Debug/mb_usb.elf' is downloaded to processor 'microblaze_0'.
14:42:18 INFO  : ----------------XSDB Script----------------
connect -url tcp:127.0.0.1:3121
targets -set -filter {jtag_cable_name =~ "RealDigital Boo 887100000007A" && level==0 && jtag_device_ctx=="jsn1-0362f093-0"}
fpga -file C:/Users/jacka/lab6_2_try1/workspace/mb_usb/_ide/bitstream/mb_usb_hdmi_top.bit
targets -set -nocase -filter {name =~ "*microblaze*#0" && bscan=="USER2" }
loadhw -hw C:/Users/jacka/lab6_2_try1/workspace/mb_usb_hdmi_top/export/mb_usb_hdmi_top/hw/mb_usb_hdmi_top.xsa -regs
configparams mdm-detect-bscan-mask 2
targets -set -nocase -filter {name =~ "*microblaze*#0" && bscan=="USER2" }
rst -system
after 3000
targets -set -nocase -filter {name =~ "*microblaze*#0" && bscan=="USER2" }
dow C:/Users/jacka/lab6_2_try1/workspace/mb_usb/Debug/mb_usb.elf
----------------End of Script----------------

14:42:18 INFO  : Context for processor 'microblaze_0' is selected.
14:42:18 INFO  : 'con' command is executed.
14:42:18 INFO  : ----------------XSDB Script (After Launch)----------------
targets -set -nocase -filter {name =~ "*microblaze*#0" && bscan=="USER2" }
con
----------------End of Script----------------

14:42:18 INFO  : Disconnected from the channel tcfchan#7.
14:44:50 INFO  : Connected to target on host '127.0.0.1' and port '3121'.
14:45:00 INFO  : Jtag cable 'RealDigital Boo 887100000007A' is selected.
14:45:00 INFO  : 'jtag frequency' command is executed.
14:45:00 INFO  : 'targets -set -filter {jtag_cable_name =~ "RealDigital Boo 887100000007A" && level==0 && jtag_device_ctx=="jsn1-0362f093-0"}' command is executed.
14:45:03 INFO  : Device configured successfully with "C:/Users/jacka/lab6_2_try1/workspace/mb_usb/_ide/bitstream/mb_usb_hdmi_top.bit"
14:45:04 INFO  : Context for processor 'microblaze_0' is selected.
14:45:05 INFO  : Hardware design and registers information is loaded from 'C:/Users/jacka/lab6_2_try1/workspace/mb_usb_hdmi_top/export/mb_usb_hdmi_top/hw/mb_usb_hdmi_top.xsa'.
14:45:05 INFO  : 'configparams mdm-detect-bscan-mask 2' command is executed.
14:45:05 INFO  : Context for processor 'microblaze_0' is selected.
14:45:05 INFO  : System reset is completed.
14:45:08 INFO  : 'after 3000' command is executed.
14:45:08 INFO  : Context for processor 'microblaze_0' is selected.
14:45:08 INFO  : The application 'C:/Users/jacka/lab6_2_try1/workspace/mb_usb/Debug/mb_usb.elf' is downloaded to processor 'microblaze_0'.
14:45:08 INFO  : ----------------XSDB Script----------------
connect -url tcp:127.0.0.1:3121
targets -set -filter {jtag_cable_name =~ "RealDigital Boo 887100000007A" && level==0 && jtag_device_ctx=="jsn1-0362f093-0"}
fpga -file C:/Users/jacka/lab6_2_try1/workspace/mb_usb/_ide/bitstream/mb_usb_hdmi_top.bit
targets -set -nocase -filter {name =~ "*microblaze*#0" && bscan=="USER2" }
loadhw -hw C:/Users/jacka/lab6_2_try1/workspace/mb_usb_hdmi_top/export/mb_usb_hdmi_top/hw/mb_usb_hdmi_top.xsa -regs
configparams mdm-detect-bscan-mask 2
targets -set -nocase -filter {name =~ "*microblaze*#0" && bscan=="USER2" }
rst -system
after 3000
targets -set -nocase -filter {name =~ "*microblaze*#0" && bscan=="USER2" }
dow C:/Users/jacka/lab6_2_try1/workspace/mb_usb/Debug/mb_usb.elf
----------------End of Script----------------

14:45:08 INFO  : Context for processor 'microblaze_0' is selected.
14:45:08 INFO  : 'con' command is executed.
14:45:08 INFO  : ----------------XSDB Script (After Launch)----------------
targets -set -nocase -filter {name =~ "*microblaze*#0" && bscan=="USER2" }
con
----------------End of Script----------------

14:45:08 INFO  : Disconnected from the channel tcfchan#8.
14:45:36 INFO  : Connected to target on host '127.0.0.1' and port '3121'.
14:45:36 INFO  : Jtag cable 'RealDigital Boo 887100000007A' is selected.
14:45:36 INFO  : 'jtag frequency' command is executed.
14:45:37 INFO  : 'targets -set -filter {jtag_cable_name =~ "RealDigital Boo 887100000007A" && level==0 && jtag_device_ctx=="jsn1-0362f093-0"}' command is executed.
14:45:38 INFO  : Device configured successfully with "C:/Users/jacka/lab6_2_try1/workspace/mb_usb/_ide/bitstream/mb_usb_hdmi_top.bit"
14:45:38 INFO  : Context for processor 'microblaze_0' is selected.
14:45:38 INFO  : Hardware design and registers information is loaded from 'C:/Users/jacka/lab6_2_try1/workspace/mb_usb_hdmi_top/export/mb_usb_hdmi_top/hw/mb_usb_hdmi_top.xsa'.
14:45:38 INFO  : 'configparams mdm-detect-bscan-mask 2' command is executed.
14:45:38 INFO  : Context for processor 'microblaze_0' is selected.
14:45:38 INFO  : System reset is completed.
14:45:42 INFO  : 'after 3000' command is executed.
14:45:42 INFO  : Context for processor 'microblaze_0' is selected.
14:45:42 INFO  : The application 'C:/Users/jacka/lab6_2_try1/workspace/mb_usb/Debug/mb_usb.elf' is downloaded to processor 'microblaze_0'.
14:45:42 INFO  : ----------------XSDB Script----------------
connect -url tcp:127.0.0.1:3121
targets -set -filter {jtag_cable_name =~ "RealDigital Boo 887100000007A" && level==0 && jtag_device_ctx=="jsn1-0362f093-0"}
fpga -file C:/Users/jacka/lab6_2_try1/workspace/mb_usb/_ide/bitstream/mb_usb_hdmi_top.bit
targets -set -nocase -filter {name =~ "*microblaze*#0" && bscan=="USER2" }
loadhw -hw C:/Users/jacka/lab6_2_try1/workspace/mb_usb_hdmi_top/export/mb_usb_hdmi_top/hw/mb_usb_hdmi_top.xsa -regs
configparams mdm-detect-bscan-mask 2
targets -set -nocase -filter {name =~ "*microblaze*#0" && bscan=="USER2" }
rst -system
after 3000
targets -set -nocase -filter {name =~ "*microblaze*#0" && bscan=="USER2" }
dow C:/Users/jacka/lab6_2_try1/workspace/mb_usb/Debug/mb_usb.elf
----------------End of Script----------------

14:45:42 INFO  : Context for processor 'microblaze_0' is selected.
14:45:42 INFO  : 'con' command is executed.
14:45:42 INFO  : ----------------XSDB Script (After Launch)----------------
targets -set -nocase -filter {name =~ "*microblaze*#0" && bscan=="USER2" }
con
----------------End of Script----------------

14:45:42 INFO  : Disconnected from the channel tcfchan#9.
16:15:34 INFO  : Checking for BSP changes to sync application flags for project 'mb_usb'...
16:19:45 DEBUG : Logs will be stored at 'C:/Users/jacka/lab6_2_try1/workspace/IDE.log'.
16:19:46 INFO  : Launching XSCT server: xsct.bat -n  -interactive C:\Users\jacka\lab6_2_try1\workspace\temp_xsdb_launch_script.tcl
16:19:51 INFO  : Platform repository initialization has completed.
16:19:51 INFO  : Registering command handlers for Vitis TCF services
16:19:54 INFO  : XSCT server has started successfully.
16:20:04 INFO  : plnx-install-location is set to ''
16:20:04 INFO  : Successfully done setting XSCT server connection channel  
16:20:04 INFO  : Successfully done query RDI_DATADIR 
16:20:04 INFO  : Successfully done setting workspace for the tool. 
16:20:28 INFO  : Checking for BSP changes to sync application flags for project 'mb_usb'...
16:22:57 INFO  : Result from executing command 'removePlatformRepo': 
16:23:21 INFO  : Hardware specification for platform project 'mb_usb_hdmi_top' is updated.
16:23:43 INFO  : Result from executing command 'getProjects': mb_usb_hdmi_top
16:23:43 INFO  : Result from executing command 'getPlatforms': 
16:23:44 INFO  : Checking for BSP changes to sync application flags for project 'mb_usb'...
16:25:01 INFO  : Checking for BSP changes to sync application flags for project 'mb_usb'...
16:25:02 INFO  : The hardware specification used by project 'mb_usb' is out of sync with the platform. Resource files extracted from the hardware specification will be updated.
16:25:02 INFO  : The file 'C:\Users\jacka\lab6_2_try1\workspace\mb_usb\_ide\bitstream\mb_usb_hdmi_top.bit' stored in project is removed.
16:25:02 INFO  : The file 'C:\Users\jacka\lab6_2_try1\workspace\mb_usb\_ide\bitstream\mb_usb_hdmi_top.mmi' stored in project is removed.
16:25:02 INFO  : The updated bitstream files are copied from platform to folder 'C:\Users\jacka\lab6_2_try1\workspace\mb_usb\_ide\bitstream' in project 'mb_usb'.
16:25:20 INFO  : Checking for BSP changes to sync application flags for project 'mb_usb'...
16:35:58 INFO  : Result from executing command 'removePlatformRepo': 
16:36:32 INFO  : Result from executing command 'getProjects': mb_usb_hdmi_top
16:36:32 INFO  : Result from executing command 'getPlatforms': 
16:36:32 INFO  : Checking for BSP changes to sync application flags for project 'mb_usb'...
16:42:50 INFO  : Result from executing command 'removePlatformRepo': 
16:43:06 INFO  : Result from executing command 'getProjects': mb_usb_hdmi_top
16:43:06 INFO  : Result from executing command 'getPlatforms': 
16:43:06 INFO  : Checking for BSP changes to sync application flags for project 'mb_usb'...
16:43:26 INFO  : Connected to target on host '127.0.0.1' and port '3121'.
16:43:26 INFO  : Jtag cable 'RealDigital Boo 887100000007A' is selected.
16:43:26 INFO  : 'jtag frequency' command is executed.
16:43:26 INFO  : 'targets -set -filter {jtag_cable_name =~ "RealDigital Boo 887100000007A" && level==0 && jtag_device_ctx=="jsn1-0362f093-0"}' command is executed.
16:43:28 INFO  : Device configured successfully with "C:/Users/jacka/lab6_2_try1/workspace/mb_usb/_ide/bitstream/mb_usb_hdmi_top.bit"
16:43:28 INFO  : Context for processor 'microblaze_0' is selected.
16:43:28 INFO  : Hardware design and registers information is loaded from 'C:/Users/jacka/lab6_2_try1/workspace/mb_usb_hdmi_top/export/mb_usb_hdmi_top/hw/mb_usb_hdmi_top.xsa'.
16:43:28 INFO  : 'configparams mdm-detect-bscan-mask 2' command is executed.
16:43:28 INFO  : Context for processor 'microblaze_0' is selected.
16:43:28 INFO  : System reset is completed.
16:43:31 INFO  : 'after 3000' command is executed.
16:43:31 INFO  : Context for processor 'microblaze_0' is selected.
16:43:31 INFO  : The application 'C:/Users/jacka/lab6_2_try1/workspace/mb_usb/Debug/mb_usb.elf' is downloaded to processor 'microblaze_0'.
16:43:31 INFO  : ----------------XSDB Script----------------
connect -url tcp:127.0.0.1:3121
targets -set -filter {jtag_cable_name =~ "RealDigital Boo 887100000007A" && level==0 && jtag_device_ctx=="jsn1-0362f093-0"}
fpga -file C:/Users/jacka/lab6_2_try1/workspace/mb_usb/_ide/bitstream/mb_usb_hdmi_top.bit
targets -set -nocase -filter {name =~ "*microblaze*#0" && bscan=="USER2" }
loadhw -hw C:/Users/jacka/lab6_2_try1/workspace/mb_usb_hdmi_top/export/mb_usb_hdmi_top/hw/mb_usb_hdmi_top.xsa -regs
configparams mdm-detect-bscan-mask 2
targets -set -nocase -filter {name =~ "*microblaze*#0" && bscan=="USER2" }
rst -system
after 3000
targets -set -nocase -filter {name =~ "*microblaze*#0" && bscan=="USER2" }
dow C:/Users/jacka/lab6_2_try1/workspace/mb_usb/Debug/mb_usb.elf
----------------End of Script----------------

16:43:31 INFO  : Context for processor 'microblaze_0' is selected.
16:43:31 INFO  : 'con' command is executed.
16:43:31 INFO  : ----------------XSDB Script (After Launch)----------------
targets -set -nocase -filter {name =~ "*microblaze*#0" && bscan=="USER2" }
con
----------------End of Script----------------

16:43:31 INFO  : Disconnected from the channel tcfchan#7.
16:44:28 INFO  : Connected to target on host '127.0.0.1' and port '3121'.
16:44:28 INFO  : Jtag cable 'RealDigital Boo 887100000007A' is selected.
16:44:28 INFO  : 'jtag frequency' command is executed.
16:44:28 INFO  : 'targets -set -filter {jtag_cable_name =~ "RealDigital Boo 887100000007A" && level==0 && jtag_device_ctx=="jsn1-0362f093-0"}' command is executed.
16:44:30 INFO  : Device configured successfully with "C:/Users/jacka/lab6_2_try1/workspace/mb_usb/_ide/bitstream/mb_usb_hdmi_top.bit"
16:44:30 INFO  : Context for processor 'microblaze_0' is selected.
16:44:30 INFO  : Hardware design and registers information is loaded from 'C:/Users/jacka/lab6_2_try1/workspace/mb_usb_hdmi_top/export/mb_usb_hdmi_top/hw/mb_usb_hdmi_top.xsa'.
16:44:30 INFO  : 'configparams mdm-detect-bscan-mask 2' command is executed.
16:44:30 INFO  : Context for processor 'microblaze_0' is selected.
16:44:30 INFO  : System reset is completed.
16:44:33 INFO  : 'after 3000' command is executed.
16:44:33 INFO  : Context for processor 'microblaze_0' is selected.
16:44:33 INFO  : The application 'C:/Users/jacka/lab6_2_try1/workspace/mb_usb/Debug/mb_usb.elf' is downloaded to processor 'microblaze_0'.
16:44:33 INFO  : ----------------XSDB Script----------------
connect -url tcp:127.0.0.1:3121
targets -set -filter {jtag_cable_name =~ "RealDigital Boo 887100000007A" && level==0 && jtag_device_ctx=="jsn1-0362f093-0"}
fpga -file C:/Users/jacka/lab6_2_try1/workspace/mb_usb/_ide/bitstream/mb_usb_hdmi_top.bit
targets -set -nocase -filter {name =~ "*microblaze*#0" && bscan=="USER2" }
loadhw -hw C:/Users/jacka/lab6_2_try1/workspace/mb_usb_hdmi_top/export/mb_usb_hdmi_top/hw/mb_usb_hdmi_top.xsa -regs
configparams mdm-detect-bscan-mask 2
targets -set -nocase -filter {name =~ "*microblaze*#0" && bscan=="USER2" }
rst -system
after 3000
targets -set -nocase -filter {name =~ "*microblaze*#0" && bscan=="USER2" }
dow C:/Users/jacka/lab6_2_try1/workspace/mb_usb/Debug/mb_usb.elf
----------------End of Script----------------

16:44:33 INFO  : Context for processor 'microblaze_0' is selected.
16:44:33 INFO  : 'con' command is executed.
16:44:33 INFO  : ----------------XSDB Script (After Launch)----------------
targets -set -nocase -filter {name =~ "*microblaze*#0" && bscan=="USER2" }
con
----------------End of Script----------------

16:44:33 INFO  : Disconnected from the channel tcfchan#8.
16:55:27 INFO  : Connected to target on host '127.0.0.1' and port '3121'.
16:55:27 INFO  : Jtag cable 'RealDigital Boo 887100000007A' is selected.
16:55:27 INFO  : 'jtag frequency' command is executed.
16:55:27 INFO  : 'targets -set -filter {jtag_cable_name =~ "RealDigital Boo 887100000007A" && level==0 && jtag_device_ctx=="jsn1-0362f093-0"}' command is executed.
16:55:29 INFO  : Device configured successfully with "C:/Users/jacka/lab6_2_try1/workspace/mb_usb/_ide/bitstream/mb_usb_hdmi_top.bit"
16:55:29 INFO  : Context for processor 'microblaze_0' is selected.
16:55:29 INFO  : Hardware design and registers information is loaded from 'C:/Users/jacka/lab6_2_try1/workspace/mb_usb_hdmi_top/export/mb_usb_hdmi_top/hw/mb_usb_hdmi_top.xsa'.
16:55:29 INFO  : 'configparams mdm-detect-bscan-mask 2' command is executed.
16:55:29 INFO  : Context for processor 'microblaze_0' is selected.
16:55:29 INFO  : System reset is completed.
16:55:32 INFO  : 'after 3000' command is executed.
16:55:32 INFO  : Context for processor 'microblaze_0' is selected.
16:55:32 INFO  : The application 'C:/Users/jacka/lab6_2_try1/workspace/mb_usb/Debug/mb_usb.elf' is downloaded to processor 'microblaze_0'.
16:55:32 INFO  : ----------------XSDB Script----------------
connect -url tcp:127.0.0.1:3121
targets -set -filter {jtag_cable_name =~ "RealDigital Boo 887100000007A" && level==0 && jtag_device_ctx=="jsn1-0362f093-0"}
fpga -file C:/Users/jacka/lab6_2_try1/workspace/mb_usb/_ide/bitstream/mb_usb_hdmi_top.bit
targets -set -nocase -filter {name =~ "*microblaze*#0" && bscan=="USER2" }
loadhw -hw C:/Users/jacka/lab6_2_try1/workspace/mb_usb_hdmi_top/export/mb_usb_hdmi_top/hw/mb_usb_hdmi_top.xsa -regs
configparams mdm-detect-bscan-mask 2
targets -set -nocase -filter {name =~ "*microblaze*#0" && bscan=="USER2" }
rst -system
after 3000
targets -set -nocase -filter {name =~ "*microblaze*#0" && bscan=="USER2" }
dow C:/Users/jacka/lab6_2_try1/workspace/mb_usb/Debug/mb_usb.elf
----------------End of Script----------------

16:55:32 INFO  : Context for processor 'microblaze_0' is selected.
16:55:32 INFO  : 'con' command is executed.
16:55:32 INFO  : ----------------XSDB Script (After Launch)----------------
targets -set -nocase -filter {name =~ "*microblaze*#0" && bscan=="USER2" }
con
----------------End of Script----------------

16:55:32 INFO  : Disconnected from the channel tcfchan#9.
16:56:00 INFO  : Connected to target on host '127.0.0.1' and port '3121'.
16:56:00 INFO  : Jtag cable 'RealDigital Boo 887100000007A' is selected.
16:56:00 INFO  : 'jtag frequency' command is executed.
16:56:00 INFO  : 'targets -set -filter {jtag_cable_name =~ "RealDigital Boo 887100000007A" && level==0 && jtag_device_ctx=="jsn1-0362f093-0"}' command is executed.
16:56:02 INFO  : Device configured successfully with "C:/Users/jacka/lab6_2_try1/workspace/mb_usb/_ide/bitstream/mb_usb_hdmi_top.bit"
16:56:02 INFO  : Context for processor 'microblaze_0' is selected.
16:56:02 INFO  : Hardware design and registers information is loaded from 'C:/Users/jacka/lab6_2_try1/workspace/mb_usb_hdmi_top/export/mb_usb_hdmi_top/hw/mb_usb_hdmi_top.xsa'.
16:56:02 INFO  : 'configparams mdm-detect-bscan-mask 2' command is executed.
16:56:02 INFO  : Context for processor 'microblaze_0' is selected.
16:56:02 INFO  : System reset is completed.
16:56:05 INFO  : 'after 3000' command is executed.
16:56:05 INFO  : Context for processor 'microblaze_0' is selected.
16:56:05 INFO  : The application 'C:/Users/jacka/lab6_2_try1/workspace/mb_usb/Debug/mb_usb.elf' is downloaded to processor 'microblaze_0'.
16:56:05 INFO  : ----------------XSDB Script----------------
connect -url tcp:127.0.0.1:3121
targets -set -filter {jtag_cable_name =~ "RealDigital Boo 887100000007A" && level==0 && jtag_device_ctx=="jsn1-0362f093-0"}
fpga -file C:/Users/jacka/lab6_2_try1/workspace/mb_usb/_ide/bitstream/mb_usb_hdmi_top.bit
targets -set -nocase -filter {name =~ "*microblaze*#0" && bscan=="USER2" }
loadhw -hw C:/Users/jacka/lab6_2_try1/workspace/mb_usb_hdmi_top/export/mb_usb_hdmi_top/hw/mb_usb_hdmi_top.xsa -regs
configparams mdm-detect-bscan-mask 2
targets -set -nocase -filter {name =~ "*microblaze*#0" && bscan=="USER2" }
rst -system
after 3000
targets -set -nocase -filter {name =~ "*microblaze*#0" && bscan=="USER2" }
dow C:/Users/jacka/lab6_2_try1/workspace/mb_usb/Debug/mb_usb.elf
----------------End of Script----------------

16:56:05 INFO  : Context for processor 'microblaze_0' is selected.
16:56:05 INFO  : 'con' command is executed.
16:56:05 INFO  : ----------------XSDB Script (After Launch)----------------
targets -set -nocase -filter {name =~ "*microblaze*#0" && bscan=="USER2" }
con
----------------End of Script----------------

16:56:05 INFO  : Disconnected from the channel tcfchan#10.
16:59:25 INFO  : Connected to target on host '127.0.0.1' and port '3121'.
16:59:25 INFO  : Jtag cable 'RealDigital Boo 887100000007A' is selected.
16:59:25 INFO  : 'jtag frequency' command is executed.
16:59:25 INFO  : 'targets -set -filter {jtag_cable_name =~ "RealDigital Boo 887100000007A" && level==0 && jtag_device_ctx=="jsn1-0362f093-0"}' command is executed.
16:59:26 INFO  : Device configured successfully with "C:/Users/jacka/lab6_2_try1/workspace/mb_usb/_ide/bitstream/mb_usb_hdmi_top.bit"
16:59:26 INFO  : Context for processor 'microblaze_0' is selected.
16:59:26 INFO  : Hardware design and registers information is loaded from 'C:/Users/jacka/lab6_2_try1/workspace/mb_usb_hdmi_top/export/mb_usb_hdmi_top/hw/mb_usb_hdmi_top.xsa'.
16:59:26 INFO  : 'configparams mdm-detect-bscan-mask 2' command is executed.
16:59:27 INFO  : Context for processor 'microblaze_0' is selected.
16:59:27 INFO  : System reset is completed.
16:59:30 INFO  : 'after 3000' command is executed.
16:59:30 INFO  : Context for processor 'microblaze_0' is selected.
16:59:30 INFO  : The application 'C:/Users/jacka/lab6_2_try1/workspace/mb_usb/Debug/mb_usb.elf' is downloaded to processor 'microblaze_0'.
16:59:30 INFO  : ----------------XSDB Script----------------
connect -url tcp:127.0.0.1:3121
targets -set -filter {jtag_cable_name =~ "RealDigital Boo 887100000007A" && level==0 && jtag_device_ctx=="jsn1-0362f093-0"}
fpga -file C:/Users/jacka/lab6_2_try1/workspace/mb_usb/_ide/bitstream/mb_usb_hdmi_top.bit
targets -set -nocase -filter {name =~ "*microblaze*#0" && bscan=="USER2" }
loadhw -hw C:/Users/jacka/lab6_2_try1/workspace/mb_usb_hdmi_top/export/mb_usb_hdmi_top/hw/mb_usb_hdmi_top.xsa -regs
configparams mdm-detect-bscan-mask 2
targets -set -nocase -filter {name =~ "*microblaze*#0" && bscan=="USER2" }
rst -system
after 3000
targets -set -nocase -filter {name =~ "*microblaze*#0" && bscan=="USER2" }
dow C:/Users/jacka/lab6_2_try1/workspace/mb_usb/Debug/mb_usb.elf
----------------End of Script----------------

16:59:30 INFO  : Context for processor 'microblaze_0' is selected.
16:59:30 INFO  : 'con' command is executed.
16:59:30 INFO  : ----------------XSDB Script (After Launch)----------------
targets -set -nocase -filter {name =~ "*microblaze*#0" && bscan=="USER2" }
con
----------------End of Script----------------

16:59:30 INFO  : Disconnected from the channel tcfchan#11.
17:16:29 INFO  : Result from executing command 'removePlatformRepo': 
17:16:41 INFO  : Result from executing command 'getProjects': mb_usb_hdmi_top
17:16:41 INFO  : Result from executing command 'getPlatforms': 
17:16:41 INFO  : Checking for BSP changes to sync application flags for project 'mb_usb'...
17:16:54 INFO  : Connected to target on host '127.0.0.1' and port '3121'.
17:16:54 INFO  : Jtag cable 'RealDigital Boo 887100000007A' is selected.
17:16:54 INFO  : 'jtag frequency' command is executed.
17:16:54 INFO  : 'targets -set -filter {jtag_cable_name =~ "RealDigital Boo 887100000007A" && level==0 && jtag_device_ctx=="jsn1-0362f093-0"}' command is executed.
17:16:57 INFO  : Device configured successfully with "C:/Users/jacka/lab6_2_try1/workspace/mb_usb/_ide/bitstream/mb_usb_hdmi_top.bit"
17:16:57 INFO  : Context for processor 'microblaze_0' is selected.
17:16:57 INFO  : Hardware design and registers information is loaded from 'C:/Users/jacka/lab6_2_try1/workspace/mb_usb_hdmi_top/export/mb_usb_hdmi_top/hw/mb_usb_hdmi_top.xsa'.
17:16:57 INFO  : 'configparams mdm-detect-bscan-mask 2' command is executed.
17:16:57 INFO  : Context for processor 'microblaze_0' is selected.
17:16:57 INFO  : System reset is completed.
17:17:00 INFO  : 'after 3000' command is executed.
17:17:00 INFO  : Context for processor 'microblaze_0' is selected.
17:17:00 INFO  : The application 'C:/Users/jacka/lab6_2_try1/workspace/mb_usb/Debug/mb_usb.elf' is downloaded to processor 'microblaze_0'.
17:17:00 INFO  : ----------------XSDB Script----------------
connect -url tcp:127.0.0.1:3121
targets -set -filter {jtag_cable_name =~ "RealDigital Boo 887100000007A" && level==0 && jtag_device_ctx=="jsn1-0362f093-0"}
fpga -file C:/Users/jacka/lab6_2_try1/workspace/mb_usb/_ide/bitstream/mb_usb_hdmi_top.bit
targets -set -nocase -filter {name =~ "*microblaze*#0" && bscan=="USER2" }
loadhw -hw C:/Users/jacka/lab6_2_try1/workspace/mb_usb_hdmi_top/export/mb_usb_hdmi_top/hw/mb_usb_hdmi_top.xsa -regs
configparams mdm-detect-bscan-mask 2
targets -set -nocase -filter {name =~ "*microblaze*#0" && bscan=="USER2" }
rst -system
after 3000
targets -set -nocase -filter {name =~ "*microblaze*#0" && bscan=="USER2" }
dow C:/Users/jacka/lab6_2_try1/workspace/mb_usb/Debug/mb_usb.elf
----------------End of Script----------------

17:17:00 INFO  : Context for processor 'microblaze_0' is selected.
17:17:01 INFO  : 'con' command is executed.
17:17:01 INFO  : ----------------XSDB Script (After Launch)----------------
targets -set -nocase -filter {name =~ "*microblaze*#0" && bscan=="USER2" }
con
----------------End of Script----------------

17:17:01 INFO  : Disconnected from the channel tcfchan#14.
17:17:18 INFO  : Connected to target on host '127.0.0.1' and port '3121'.
17:17:18 INFO  : Jtag cable 'RealDigital Boo 887100000007A' is selected.
17:17:18 INFO  : 'jtag frequency' command is executed.
17:17:18 INFO  : 'targets -set -filter {jtag_cable_name =~ "RealDigital Boo 887100000007A" && level==0 && jtag_device_ctx=="jsn1-0362f093-0"}' command is executed.
17:17:20 INFO  : Device configured successfully with "C:/Users/jacka/lab6_2_try1/workspace/mb_usb/_ide/bitstream/mb_usb_hdmi_top.bit"
17:17:20 INFO  : Context for processor 'microblaze_0' is selected.
17:17:20 INFO  : Hardware design and registers information is loaded from 'C:/Users/jacka/lab6_2_try1/workspace/mb_usb_hdmi_top/export/mb_usb_hdmi_top/hw/mb_usb_hdmi_top.xsa'.
17:17:20 INFO  : 'configparams mdm-detect-bscan-mask 2' command is executed.
17:17:20 INFO  : Context for processor 'microblaze_0' is selected.
17:17:20 INFO  : System reset is completed.
17:17:23 INFO  : 'after 3000' command is executed.
17:17:23 INFO  : Context for processor 'microblaze_0' is selected.
17:17:23 INFO  : The application 'C:/Users/jacka/lab6_2_try1/workspace/mb_usb/Debug/mb_usb.elf' is downloaded to processor 'microblaze_0'.
17:17:23 INFO  : ----------------XSDB Script----------------
connect -url tcp:127.0.0.1:3121
targets -set -filter {jtag_cable_name =~ "RealDigital Boo 887100000007A" && level==0 && jtag_device_ctx=="jsn1-0362f093-0"}
fpga -file C:/Users/jacka/lab6_2_try1/workspace/mb_usb/_ide/bitstream/mb_usb_hdmi_top.bit
targets -set -nocase -filter {name =~ "*microblaze*#0" && bscan=="USER2" }
loadhw -hw C:/Users/jacka/lab6_2_try1/workspace/mb_usb_hdmi_top/export/mb_usb_hdmi_top/hw/mb_usb_hdmi_top.xsa -regs
configparams mdm-detect-bscan-mask 2
targets -set -nocase -filter {name =~ "*microblaze*#0" && bscan=="USER2" }
rst -system
after 3000
targets -set -nocase -filter {name =~ "*microblaze*#0" && bscan=="USER2" }
dow C:/Users/jacka/lab6_2_try1/workspace/mb_usb/Debug/mb_usb.elf
----------------End of Script----------------

17:17:23 INFO  : Context for processor 'microblaze_0' is selected.
17:17:23 INFO  : 'con' command is executed.
17:17:23 INFO  : ----------------XSDB Script (After Launch)----------------
targets -set -nocase -filter {name =~ "*microblaze*#0" && bscan=="USER2" }
con
----------------End of Script----------------

17:17:23 INFO  : Disconnected from the channel tcfchan#15.
17:19:26 INFO  : Connected to target on host '127.0.0.1' and port '3121'.
17:19:26 INFO  : Jtag cable 'RealDigital Boo 887100000007A' is selected.
17:19:26 INFO  : 'jtag frequency' command is executed.
17:19:26 INFO  : 'targets -set -filter {jtag_cable_name =~ "RealDigital Boo 887100000007A" && level==0 && jtag_device_ctx=="jsn1-0362f093-0"}' command is executed.
17:19:28 INFO  : Device configured successfully with "C:/Users/jacka/lab6_2_try1/workspace/mb_usb/_ide/bitstream/mb_usb_hdmi_top.bit"
17:19:28 INFO  : Context for processor 'microblaze_0' is selected.
17:19:28 INFO  : Hardware design and registers information is loaded from 'C:/Users/jacka/lab6_2_try1/workspace/mb_usb_hdmi_top/export/mb_usb_hdmi_top/hw/mb_usb_hdmi_top.xsa'.
17:19:28 INFO  : 'configparams mdm-detect-bscan-mask 2' command is executed.
17:19:28 INFO  : Context for processor 'microblaze_0' is selected.
17:19:28 INFO  : System reset is completed.
17:19:31 INFO  : 'after 3000' command is executed.
17:19:31 INFO  : Context for processor 'microblaze_0' is selected.
17:19:31 INFO  : The application 'C:/Users/jacka/lab6_2_try1/workspace/mb_usb/Debug/mb_usb.elf' is downloaded to processor 'microblaze_0'.
17:19:31 INFO  : ----------------XSDB Script----------------
connect -url tcp:127.0.0.1:3121
targets -set -filter {jtag_cable_name =~ "RealDigital Boo 887100000007A" && level==0 && jtag_device_ctx=="jsn1-0362f093-0"}
fpga -file C:/Users/jacka/lab6_2_try1/workspace/mb_usb/_ide/bitstream/mb_usb_hdmi_top.bit
targets -set -nocase -filter {name =~ "*microblaze*#0" && bscan=="USER2" }
loadhw -hw C:/Users/jacka/lab6_2_try1/workspace/mb_usb_hdmi_top/export/mb_usb_hdmi_top/hw/mb_usb_hdmi_top.xsa -regs
configparams mdm-detect-bscan-mask 2
targets -set -nocase -filter {name =~ "*microblaze*#0" && bscan=="USER2" }
rst -system
after 3000
targets -set -nocase -filter {name =~ "*microblaze*#0" && bscan=="USER2" }
dow C:/Users/jacka/lab6_2_try1/workspace/mb_usb/Debug/mb_usb.elf
----------------End of Script----------------

17:19:31 INFO  : Context for processor 'microblaze_0' is selected.
17:19:31 INFO  : 'con' command is executed.
17:19:31 INFO  : ----------------XSDB Script (After Launch)----------------
targets -set -nocase -filter {name =~ "*microblaze*#0" && bscan=="USER2" }
con
----------------End of Script----------------

17:19:31 INFO  : Disconnected from the channel tcfchan#16.
17:27:21 DEBUG : Logs will be stored at 'C:/Users/jacka/lab6_2_try1/workspace/IDE.log'.
17:27:21 INFO  : Launching XSCT server: xsct.bat -n  -interactive C:\Users\jacka\lab6_2_try1\workspace\temp_xsdb_launch_script.tcl
17:27:24 INFO  : XSCT server has started successfully.
17:27:24 INFO  : plnx-install-location is set to ''
17:27:24 INFO  : Successfully done setting XSCT server connection channel  
17:27:24 INFO  : Successfully done setting workspace for the tool. 
17:27:25 INFO  : Platform repository initialization has completed.
17:27:25 INFO  : Successfully done query RDI_DATADIR 
17:27:25 INFO  : Registering command handlers for Vitis TCF services
17:31:14 INFO  : Result from executing command 'removePlatformRepo': 
17:31:36 INFO  : Hardware specification for platform project 'mb_usb_hdmi_top' is updated.
17:31:53 INFO  : Result from executing command 'getProjects': mb_usb_hdmi_top
17:31:53 INFO  : Result from executing command 'getPlatforms': 
17:31:53 INFO  : Checking for BSP changes to sync application flags for project 'mb_usb'...
17:32:52 INFO  : Connected to target on host '127.0.0.1' and port '3121'.
17:32:53 INFO  : Jtag cable 'RealDigital Boo 887100000007A' is selected.
17:32:53 INFO  : 'jtag frequency' command is executed.
17:32:53 INFO  : 'targets -set -filter {jtag_cable_name =~ "RealDigital Boo 887100000007A" && level==0 && jtag_device_ctx=="jsn1-0362f093-0"}' command is executed.
17:32:54 INFO  : Device configured successfully with "C:/Users/jacka/lab6_2_try1/workspace/mb_usb/_ide/bitstream/mb_usb_hdmi_top.bit"
17:32:54 INFO  : Context for processor 'microblaze_0' is selected.
17:32:54 INFO  : Hardware design and registers information is loaded from 'C:/Users/jacka/lab6_2_try1/workspace/mb_usb_hdmi_top/export/mb_usb_hdmi_top/hw/mb_usb_hdmi_top.xsa'.
17:32:54 INFO  : 'configparams mdm-detect-bscan-mask 2' command is executed.
17:32:54 INFO  : Context for processor 'microblaze_0' is selected.
17:32:54 INFO  : System reset is completed.
17:32:57 INFO  : 'after 3000' command is executed.
17:32:57 INFO  : Context for processor 'microblaze_0' is selected.
17:32:57 INFO  : The application 'C:/Users/jacka/lab6_2_try1/workspace/mb_usb/Debug/mb_usb.elf' is downloaded to processor 'microblaze_0'.
17:32:57 INFO  : ----------------XSDB Script----------------
connect -url tcp:127.0.0.1:3121
targets -set -filter {jtag_cable_name =~ "RealDigital Boo 887100000007A" && level==0 && jtag_device_ctx=="jsn1-0362f093-0"}
fpga -file C:/Users/jacka/lab6_2_try1/workspace/mb_usb/_ide/bitstream/mb_usb_hdmi_top.bit
targets -set -nocase -filter {name =~ "*microblaze*#0" && bscan=="USER2" }
loadhw -hw C:/Users/jacka/lab6_2_try1/workspace/mb_usb_hdmi_top/export/mb_usb_hdmi_top/hw/mb_usb_hdmi_top.xsa -regs
configparams mdm-detect-bscan-mask 2
targets -set -nocase -filter {name =~ "*microblaze*#0" && bscan=="USER2" }
rst -system
after 3000
targets -set -nocase -filter {name =~ "*microblaze*#0" && bscan=="USER2" }
dow C:/Users/jacka/lab6_2_try1/workspace/mb_usb/Debug/mb_usb.elf
----------------End of Script----------------

17:32:57 INFO  : Context for processor 'microblaze_0' is selected.
17:32:57 INFO  : 'con' command is executed.
17:32:57 INFO  : ----------------XSDB Script (After Launch)----------------
targets -set -nocase -filter {name =~ "*microblaze*#0" && bscan=="USER2" }
con
----------------End of Script----------------

17:32:57 INFO  : Disconnected from the channel tcfchan#3.
