Copyright 1986-2022 Xilinx, Inc. All Rights Reserved.
------------------------------------------------------------------------------------
| Tool Version : Vivado v.2022.2 (win64) Build 3671981 Fri Oct 14 05:00:03 MDT 2022
| Date         : Mon Apr 21 23:17:46 2025
| Host         : jasper running 64-bit major release  (build 9200)
| Command      : upgrade_ip
| Device       : xc7s50csga324-1
------------------------------------------------------------------------------------

Upgrade Log for IP 'lab7_1_mb_hdmi_text_controller_0_3'

1. Summary
----------

SUCCESS in the upgrade of lab7_1_mb_hdmi_text_controller_0_3 (xilinx.com:user:hdmi_text_controller:2.5) from (Rev. 51) to (Rev. 52)






Copyright 1986-2022 Xilinx, Inc. All Rights Reserved.
------------------------------------------------------------------------------------
| Tool Version : Vivado v.2022.2 (win64) Build 3671981 Fri Oct 14 05:00:03 MDT 2022
| Date         : Mon Apr 21 23:16:30 2025
| Host         : jasper running 64-bit major release  (build 9200)
| Command      : upgrade_ip
| Device       : xc7s50csga324-1
------------------------------------------------------------------------------------

Upgrade Log for IP 'lab7_1_mb_hdmi_text_controller_0_3'

1. Summary
----------

SUCCESS in the upgrade of lab7_1_mb_hdmi_text_controller_0_3 (xilinx.com:user:hdmi_text_controller:2.5) from (Rev. 50) to (Rev. 51)






Copyright 1986-2022 Xilinx, Inc. All Rights Reserved.
------------------------------------------------------------------------------------
| Tool Version : Vivado v.2022.2 (win64) Build 3671981 Fri Oct 14 05:00:03 MDT 2022
| Date         : Mon Apr 21 23:08:30 2025
| Host         : jasper running 64-bit major release  (build 9200)
| Command      : upgrade_ip
| Device       : xc7s50csga324-1
------------------------------------------------------------------------------------

Upgrade Log for IP 'lab7_1_mb_hdmi_text_controller_0_3'

1. Summary
----------

SUCCESS in the upgrade of lab7_1_mb_hdmi_text_controller_0_3 (xilinx.com:user:hdmi_text_controller:2.5) from (Rev. 49) to (Rev. 50)






Copyright 1986-2022 Xilinx, Inc. All Rights Reserved.
------------------------------------------------------------------------------------
| Tool Version : Vivado v.2022.2 (win64) Build 3671981 Fri Oct 14 05:00:03 MDT 2022
| Date         : Mon Apr 21 22:21:37 2025
| Host         : jasper running 64-bit major release  (build 9200)
| Command      : upgrade_ip
| Device       : xc7s50csga324-1
------------------------------------------------------------------------------------

Upgrade Log for IP 'lab7_1_mb_hdmi_text_controller_0_3'

1. Summary
----------

SUCCESS in the upgrade of lab7_1_mb_hdmi_text_controller_0_3 (xilinx.com:user:hdmi_text_controller:2.5) from (Rev. 48) to (Rev. 49)






Copyright 1986-2022 Xilinx, Inc. All Rights Reserved.
------------------------------------------------------------------------------------
| Tool Version : Vivado v.2022.2 (win64) Build 3671981 Fri Oct 14 05:00:03 MDT 2022
| Date         : Mon Apr 21 20:35:13 2025
| Host         : jasper running 64-bit major release  (build 9200)
| Command      : upgrade_ip
| Device       : xc7s50csga324-1
------------------------------------------------------------------------------------

Upgrade Log for IP 'lab7_1_mb_hdmi_text_controller_0_3'

1. Summary
----------

SUCCESS in the upgrade of lab7_1_mb_hdmi_text_controller_0_3 (xilinx.com:user:hdmi_text_controller:2.5) from (Rev. 46) to (Rev. 48)






Copyright 1986-2022 Xilinx, Inc. All Rights Reserved.
------------------------------------------------------------------------------------
| Tool Version : Vivado v.2022.2 (win64) Build 3671981 Fri Oct 14 05:00:03 MDT 2022
| Date         : Mon Apr 21 19:04:50 2025
| Host         : jasper running 64-bit major release  (build 9200)
| Command      : upgrade_ip
| Device       : xc7s50csga324-1
------------------------------------------------------------------------------------

Upgrade Log for IP 'lab7_1_mb_hdmi_text_controller_0_3'

1. Summary
----------

SUCCESS in the upgrade of lab7_1_mb_hdmi_text_controller_0_3 (xilinx.com:user:hdmi_text_controller:2.5) from (Rev. 44) to (Rev. 46)






Copyright 1986-2022 Xilinx, Inc. All Rights Reserved.
------------------------------------------------------------------------------------
| Tool Version : Vivado v.2022.2 (win64) Build 3671981 Fri Oct 14 05:00:03 MDT 2022
| Date         : Mon Apr 21 18:33:29 2025
| Host         : jasper running 64-bit major release  (build 9200)
| Command      : upgrade_ip
| Device       : xc7s50csga324-1
------------------------------------------------------------------------------------

Upgrade Log for IP 'lab7_1_mb_hdmi_text_controller_0_3'

1. Summary
----------

SUCCESS in the upgrade of lab7_1_mb_hdmi_text_controller_0_3 (xilinx.com:user:hdmi_text_controller:2.5) from (Rev. 43) to (Rev. 44)






Copyright 1986-2022 Xilinx, Inc. All Rights Reserved.
------------------------------------------------------------------------------------
| Tool Version : Vivado v.2022.2 (win64) Build 3671981 Fri Oct 14 05:00:03 MDT 2022
| Date         : Mon Apr 21 18:17:47 2025
| Host         : jasper running 64-bit major release  (build 9200)
| Command      : upgrade_ip
| Device       : xc7s50csga324-1
------------------------------------------------------------------------------------

Upgrade Log for IP 'lab7_1_mb_hdmi_text_controller_0_3'

1. Summary
----------

SUCCESS in the upgrade of lab7_1_mb_hdmi_text_controller_0_3 (xilinx.com:user:hdmi_text_controller:2.5) from (Rev. 41) to (Rev. 43)






Copyright 1986-2022 Xilinx, Inc. All Rights Reserved.
------------------------------------------------------------------------------------
| Tool Version : Vivado v.2022.2 (win64) Build 3671981 Fri Oct 14 05:00:03 MDT 2022
| Date         : Mon Apr 21 17:33:13 2025
| Host         : jasper running 64-bit major release  (build 9200)
| Command      : upgrade_ip
| Device       : xc7s50csga324-1
------------------------------------------------------------------------------------

Upgrade Log for IP 'lab7_1_mb_hdmi_text_controller_0_3'

1. Summary
----------

SUCCESS in the upgrade of lab7_1_mb_hdmi_text_controller_0_3 (xilinx.com:user:hdmi_text_controller:2.5) from (Rev. 40) to (Rev. 41)






Copyright 1986-2022 Xilinx, Inc. All Rights Reserved.
------------------------------------------------------------------------------------
| Tool Version : Vivado v.2022.2 (win64) Build 3671981 Fri Oct 14 05:00:03 MDT 2022
| Date         : Fri Apr 11 12:46:26 2025
| Host         : jasper running 64-bit major release  (build 9200)
| Command      : upgrade_ip
| Device       : xc7s50csga324-1
------------------------------------------------------------------------------------

Upgrade Log for IP 'lab7_1_mb_hdmi_text_controller_0_3'

1. Summary
----------

SUCCESS in the upgrade of lab7_1_mb_hdmi_text_controller_0_3 (xilinx.com:user:hdmi_text_controller:2.5) from (Rev. 39) to (Rev. 40)






Copyright 1986-2022 Xilinx, Inc. All Rights Reserved.
------------------------------------------------------------------------------------
| Tool Version : Vivado v.2022.2 (win64) Build 3671981 Fri Oct 14 05:00:03 MDT 2022
| Date         : Fri Apr 11 12:35:13 2025
| Host         : jasper running 64-bit major release  (build 9200)
| Command      : upgrade_ip
| Device       : xc7s50csga324-1
------------------------------------------------------------------------------------

Upgrade Log for IP 'lab7_1_mb_hdmi_text_controller_0_3'

1. Summary
----------

SUCCESS in the upgrade of lab7_1_mb_hdmi_text_controller_0_3 (xilinx.com:user:hdmi_text_controller:2.5) from (Rev. 38) to (Rev. 39)






Copyright 1986-2022 Xilinx, Inc. All Rights Reserved.
------------------------------------------------------------------------------------
| Tool Version : Vivado v.2022.2 (win64) Build 3671981 Fri Oct 14 05:00:03 MDT 2022
| Date         : Fri Apr 11 12:00:52 2025
| Host         : jasper running 64-bit major release  (build 9200)
| Command      : upgrade_ip
| Device       : xc7s50csga324-1
------------------------------------------------------------------------------------

Upgrade Log for IP 'lab7_1_mb_hdmi_text_controller_0_3'

1. Summary
----------

SUCCESS in the upgrade of lab7_1_mb_hdmi_text_controller_0_3 (xilinx.com:user:hdmi_text_controller:2.5) from (Rev. 37) to (Rev. 38)






Copyright 1986-2022 Xilinx, Inc. All Rights Reserved.
------------------------------------------------------------------------------------
| Tool Version : Vivado v.2022.2 (win64) Build 3671981 Fri Oct 14 05:00:03 MDT 2022
| Date         : Fri Apr 11 05:49:41 2025
| Host         : jasper running 64-bit major release  (build 9200)
| Command      : upgrade_ip
| Device       : xc7s50csga324-1
------------------------------------------------------------------------------------

Upgrade Log for IP 'lab7_1_mb_hdmi_text_controller_0_3'

1. Summary
----------

SUCCESS in the upgrade of lab7_1_mb_hdmi_text_controller_0_3 (xilinx.com:user:hdmi_text_controller:2.5) from (Rev. 36) to (Rev. 37)






Copyright 1986-2022 Xilinx, Inc. All Rights Reserved.
------------------------------------------------------------------------------------
| Tool Version : Vivado v.2022.2 (win64) Build 3671981 Fri Oct 14 05:00:03 MDT 2022
| Date         : Fri Apr 11 05:34:43 2025
| Host         : jasper running 64-bit major release  (build 9200)
| Command      : upgrade_ip
| Device       : xc7s50csga324-1
------------------------------------------------------------------------------------

Upgrade Log for IP 'lab7_1_mb_hdmi_text_controller_0_3'

1. Summary
----------

SUCCESS in the upgrade of lab7_1_mb_hdmi_text_controller_0_3 (xilinx.com:user:hdmi_text_controller:2.5) from (Rev. 35) to (Rev. 36)






Copyright 1986-2022 Xilinx, Inc. All Rights Reserved.
------------------------------------------------------------------------------------
| Tool Version : Vivado v.2022.2 (win64) Build 3671981 Fri Oct 14 05:00:03 MDT 2022
| Date         : Fri Apr 11 04:55:50 2025
| Host         : jasper running 64-bit major release  (build 9200)
| Command      : upgrade_ip
| Device       : xc7s50csga324-1
------------------------------------------------------------------------------------

Upgrade Log for IP 'lab7_1_mb_hdmi_text_controller_0_3'

1. Summary
----------

SUCCESS in the upgrade of lab7_1_mb_hdmi_text_controller_0_3 (xilinx.com:user:hdmi_text_controller:2.5) from (Rev. 34) to (Rev. 35)






Copyright 1986-2022 Xilinx, Inc. All Rights Reserved.
------------------------------------------------------------------------------------
| Tool Version : Vivado v.2022.2 (win64) Build 3671981 Fri Oct 14 05:00:03 MDT 2022
| Date         : Fri Apr 11 04:50:35 2025
| Host         : jasper running 64-bit major release  (build 9200)
| Command      : upgrade_ip
| Device       : xc7s50csga324-1
------------------------------------------------------------------------------------

Upgrade Log for IP 'lab7_1_mb_hdmi_text_controller_0_3'

1. Summary
----------

SUCCESS in the upgrade of lab7_1_mb_hdmi_text_controller_0_3 (xilinx.com:user:hdmi_text_controller:2.5) from (Rev. 33) to (Rev. 34)






Copyright 1986-2022 Xilinx, Inc. All Rights Reserved.
------------------------------------------------------------------------------------
| Tool Version : Vivado v.2022.2 (win64) Build 3671981 Fri Oct 14 05:00:03 MDT 2022
| Date         : Fri Apr 11 04:30:50 2025
| Host         : jasper running 64-bit major release  (build 9200)
| Command      : upgrade_ip
| Device       : xc7s50csga324-1
------------------------------------------------------------------------------------

Upgrade Log for IP 'lab7_1_mb_hdmi_text_controller_0_3'

1. Summary
----------

SUCCESS in the upgrade of lab7_1_mb_hdmi_text_controller_0_3 (xilinx.com:user:hdmi_text_controller:2.5) from (Rev. 32) to (Rev. 33)






Copyright 1986-2022 Xilinx, Inc. All Rights Reserved.
------------------------------------------------------------------------------------
| Tool Version : Vivado v.2022.2 (win64) Build 3671981 Fri Oct 14 05:00:03 MDT 2022
| Date         : Fri Apr 11 02:14:55 2025
| Host         : jasper running 64-bit major release  (build 9200)
| Command      : upgrade_ip
| Device       : xc7s50csga324-1
------------------------------------------------------------------------------------

Upgrade Log for IP 'lab7_1_mb_hdmi_text_controller_0_3'

1. Summary
----------

SUCCESS in the upgrade of lab7_1_mb_hdmi_text_controller_0_3 (xilinx.com:user:hdmi_text_controller:2.5) from (Rev. 31) to (Rev. 32)






Copyright 1986-2022 Xilinx, Inc. All Rights Reserved.
------------------------------------------------------------------------------------
| Tool Version : Vivado v.2022.2 (win64) Build 3671981 Fri Oct 14 05:00:03 MDT 2022
| Date         : Fri Apr 11 01:49:20 2025
| Host         : jasper running 64-bit major release  (build 9200)
| Command      : upgrade_ip
| Device       : xc7s50csga324-1
------------------------------------------------------------------------------------

Upgrade Log for IP 'lab7_1_mb_hdmi_text_controller_0_3'

1. Summary
----------

SUCCESS in the upgrade of lab7_1_mb_hdmi_text_controller_0_3 (xilinx.com:user:hdmi_text_controller:2.5) from (Rev. 30) to (Rev. 31)






Copyright 1986-2022 Xilinx, Inc. All Rights Reserved.
------------------------------------------------------------------------------------
| Tool Version : Vivado v.2022.2 (win64) Build 3671981 Fri Oct 14 05:00:03 MDT 2022
| Date         : Fri Apr 11 01:29:10 2025
| Host         : jasper running 64-bit major release  (build 9200)
| Command      : upgrade_ip
| Device       : xc7s50csga324-1
------------------------------------------------------------------------------------

Upgrade Log for IP 'lab7_1_mb_hdmi_text_controller_0_3'

1. Summary
----------

SUCCESS in the upgrade of lab7_1_mb_hdmi_text_controller_0_3 (xilinx.com:user:hdmi_text_controller:2.5) from (Rev. 29) to (Rev. 30)






Copyright 1986-2022 Xilinx, Inc. All Rights Reserved.
------------------------------------------------------------------------------------
| Tool Version : Vivado v.2022.2 (win64) Build 3671981 Fri Oct 14 05:00:03 MDT 2022
| Date         : Fri Apr 11 01:08:27 2025
| Host         : jasper running 64-bit major release  (build 9200)
| Command      : upgrade_ip
| Device       : xc7s50csga324-1
------------------------------------------------------------------------------------

Upgrade Log for IP 'lab7_1_mb_hdmi_text_controller_0_3'

1. Summary
----------

SUCCESS in the upgrade of lab7_1_mb_hdmi_text_controller_0_3 (xilinx.com:user:hdmi_text_controller:2.5) from (Rev. 28) to (Rev. 29)






Copyright 1986-2022 Xilinx, Inc. All Rights Reserved.
------------------------------------------------------------------------------------
| Tool Version : Vivado v.2022.2 (win64) Build 3671981 Fri Oct 14 05:00:03 MDT 2022
| Date         : Fri Apr 11 00:50:38 2025
| Host         : jasper running 64-bit major release  (build 9200)
| Command      : upgrade_ip
| Device       : xc7s50csga324-1
------------------------------------------------------------------------------------

Upgrade Log for IP 'lab7_1_mb_hdmi_text_controller_0_3'

1. Summary
----------

SUCCESS in the upgrade of lab7_1_mb_hdmi_text_controller_0_3 (xilinx.com:user:hdmi_text_controller:2.5) from (Rev. 27) to (Rev. 28)






Copyright 1986-2022 Xilinx, Inc. All Rights Reserved.
------------------------------------------------------------------------------------
| Tool Version : Vivado v.2022.2 (win64) Build 3671981 Fri Oct 14 05:00:03 MDT 2022
| Date         : Thu Apr 10 23:42:52 2025
| Host         : jasper running 64-bit major release  (build 9200)
| Command      : upgrade_ip
| Device       : xc7s50csga324-1
------------------------------------------------------------------------------------

Upgrade Log for IP 'lab7_1_mb_hdmi_text_controller_0_3'

1. Summary
----------

SUCCESS in the upgrade of lab7_1_mb_hdmi_text_controller_0_3 (xilinx.com:user:hdmi_text_controller:2.5) from (Rev. 26) to (Rev. 27)






Copyright 1986-2022 Xilinx, Inc. All Rights Reserved.
------------------------------------------------------------------------------------
| Tool Version : Vivado v.2022.2 (win64) Build 3671981 Fri Oct 14 05:00:03 MDT 2022
| Date         : Thu Apr 10 23:23:20 2025
| Host         : jasper running 64-bit major release  (build 9200)
| Command      : upgrade_ip
| Device       : xc7s50csga324-1
------------------------------------------------------------------------------------

Upgrade Log for IP 'lab7_1_mb_hdmi_text_controller_0_3'

1. Summary
----------

SUCCESS in the upgrade of lab7_1_mb_hdmi_text_controller_0_3 (xilinx.com:user:hdmi_text_controller:2.5) from (Rev. 25) to (Rev. 26)






Copyright 1986-2022 Xilinx, Inc. All Rights Reserved.
------------------------------------------------------------------------------------
| Tool Version : Vivado v.2022.2 (win64) Build 3671981 Fri Oct 14 05:00:03 MDT 2022
| Date         : Thu Apr 10 22:59:08 2025
| Host         : jasper running 64-bit major release  (build 9200)
| Command      : upgrade_ip
| Device       : xc7s50csga324-1
------------------------------------------------------------------------------------

Upgrade Log for IP 'lab7_1_mb_hdmi_text_controller_0_3'

1. Summary
----------

SUCCESS in the upgrade of lab7_1_mb_hdmi_text_controller_0_3 (xilinx.com:user:hdmi_text_controller:2.5) from (Rev. 24) to (Rev. 25)






Copyright 1986-2022 Xilinx, Inc. All Rights Reserved.
------------------------------------------------------------------------------------
| Tool Version : Vivado v.2022.2 (win64) Build 3671981 Fri Oct 14 05:00:03 MDT 2022
| Date         : Thu Apr 10 22:42:53 2025
| Host         : jasper running 64-bit major release  (build 9200)
| Command      : upgrade_ip
| Device       : xc7s50csga324-1
------------------------------------------------------------------------------------

Upgrade Log for IP 'lab7_1_mb_hdmi_text_controller_0_3'

1. Summary
----------

SUCCESS in the upgrade of lab7_1_mb_hdmi_text_controller_0_3 (xilinx.com:user:hdmi_text_controller:2.5) from (Rev. 23) to (Rev. 24)






Copyright 1986-2022 Xilinx, Inc. All Rights Reserved.
------------------------------------------------------------------------------------
| Tool Version : Vivado v.2022.2 (win64) Build 3671981 Fri Oct 14 05:00:03 MDT 2022
| Date         : Thu Apr 10 21:54:07 2025
| Host         : jasper running 64-bit major release  (build 9200)
| Command      : upgrade_ip
| Device       : xc7s50csga324-1
------------------------------------------------------------------------------------

Upgrade Log for IP 'lab7_1_mb_hdmi_text_controller_0_3'

1. Summary
----------

SUCCESS in the upgrade of lab7_1_mb_hdmi_text_controller_0_3 (xilinx.com:user:hdmi_text_controller:2.5) from (Rev. 21) to (Rev. 23)






Copyright 1986-2022 Xilinx, Inc. All Rights Reserved.
------------------------------------------------------------------------------------
| Tool Version : Vivado v.2022.2 (win64) Build 3671981 Fri Oct 14 05:00:03 MDT 2022
| Date         : Thu Apr 10 21:32:46 2025
| Host         : jasper running 64-bit major release  (build 9200)
| Command      : upgrade_ip
| Device       : xc7s50csga324-1
------------------------------------------------------------------------------------

Upgrade Log for IP 'lab7_1_mb_hdmi_text_controller_0_3'

1. Summary
----------

SUCCESS in the upgrade of lab7_1_mb_hdmi_text_controller_0_3 (xilinx.com:user:hdmi_text_controller:2.5) from (Rev. 20) to (Rev. 21)






Copyright 1986-2022 Xilinx, Inc. All Rights Reserved.
------------------------------------------------------------------------------------
| Tool Version : Vivado v.2022.2 (win64) Build 3671981 Fri Oct 14 05:00:03 MDT 2022
| Date         : Thu Apr 10 21:22:38 2025
| Host         : jasper running 64-bit major release  (build 9200)
| Command      : upgrade_ip
| Device       : xc7s50csga324-1
------------------------------------------------------------------------------------

Upgrade Log for IP 'lab7_1_mb_hdmi_text_controller_0_3'

1. Summary
----------

SUCCESS in the upgrade of lab7_1_mb_hdmi_text_controller_0_3 (xilinx.com:user:hdmi_text_controller:2.5) from (Rev. 19) to (Rev. 20)






Copyright 1986-2022 Xilinx, Inc. All Rights Reserved.
------------------------------------------------------------------------------------
| Tool Version : Vivado v.2022.2 (win64) Build 3671981 Fri Oct 14 05:00:03 MDT 2022
| Date         : Thu Apr 10 20:58:59 2025
| Host         : jasper running 64-bit major release  (build 9200)
| Command      : upgrade_ip
| Device       : xc7s50csga324-1
------------------------------------------------------------------------------------

Upgrade Log for IP 'lab7_1_mb_hdmi_text_controller_0_3'

1. Summary
----------

SUCCESS in the upgrade of lab7_1_mb_hdmi_text_controller_0_3 (xilinx.com:user:hdmi_text_controller:2.5) from (Rev. 18) to (Rev. 19)






Copyright 1986-2022 Xilinx, Inc. All Rights Reserved.
------------------------------------------------------------------------------------
| Tool Version : Vivado v.2022.2 (win64) Build 3671981 Fri Oct 14 05:00:03 MDT 2022
| Date         : Thu Apr 10 20:41:38 2025
| Host         : jasper running 64-bit major release  (build 9200)
| Command      : upgrade_ip
| Device       : xc7s50csga324-1
------------------------------------------------------------------------------------

Upgrade Log for IP 'lab7_1_mb_hdmi_text_controller_0_3'

1. Summary
----------

SUCCESS in the upgrade of lab7_1_mb_hdmi_text_controller_0_3 (xilinx.com:user:hdmi_text_controller:2.5) from (Rev. 17) to (Rev. 18)






Copyright 1986-2022 Xilinx, Inc. All Rights Reserved.
------------------------------------------------------------------------------------
| Tool Version : Vivado v.2022.2 (win64) Build 3671981 Fri Oct 14 05:00:03 MDT 2022
| Date         : Thu Apr 10 20:25:21 2025
| Host         : jasper running 64-bit major release  (build 9200)
| Command      : upgrade_ip
| Device       : xc7s50csga324-1
------------------------------------------------------------------------------------

Upgrade Log for IP 'lab7_1_mb_hdmi_text_controller_0_3'

1. Summary
----------

SUCCESS in the upgrade of lab7_1_mb_hdmi_text_controller_0_3 (xilinx.com:user:hdmi_text_controller:2.5) from (Rev. 16) to (Rev. 17)






Copyright 1986-2022 Xilinx, Inc. All Rights Reserved.
------------------------------------------------------------------------------------
| Tool Version : Vivado v.2022.2 (win64) Build 3671981 Fri Oct 14 05:00:03 MDT 2022
| Date         : Thu Apr 10 19:19:28 2025
| Host         : jasper running 64-bit major release  (build 9200)
| Command      : upgrade_ip
| Device       : xc7s50csga324-1
------------------------------------------------------------------------------------

Upgrade Log for IP 'lab7_1_mb_hdmi_text_controller_0_3'

1. Summary
----------

SUCCESS in the upgrade of lab7_1_mb_hdmi_text_controller_0_3 (xilinx.com:user:hdmi_text_controller:2.5) from (Rev. 15) to (Rev. 16)






Copyright 1986-2022 Xilinx, Inc. All Rights Reserved.
------------------------------------------------------------------------------------
| Tool Version : Vivado v.2022.2 (win64) Build 3671981 Fri Oct 14 05:00:03 MDT 2022
| Date         : Thu Apr 10 19:17:49 2025
| Host         : jasper running 64-bit major release  (build 9200)
| Command      : upgrade_ip
| Device       : xc7s50csga324-1
------------------------------------------------------------------------------------

Upgrade Log for IP 'lab7_1_mb_hdmi_text_controller_0_3'

1. Summary
----------

SUCCESS in the upgrade of lab7_1_mb_hdmi_text_controller_0_3 (xilinx.com:user:hdmi_text_controller:2.5) from (Rev. 14) to (Rev. 15)






Copyright 1986-2022 Xilinx, Inc. All Rights Reserved.
------------------------------------------------------------------------------------
| Tool Version : Vivado v.2022.2 (win64) Build 3671981 Fri Oct 14 05:00:03 MDT 2022
| Date         : Thu Apr 10 18:24:04 2025
| Host         : jasper running 64-bit major release  (build 9200)
| Command      : upgrade_ip
| Device       : xc7s50csga324-1
------------------------------------------------------------------------------------

Upgrade Log for IP 'lab7_1_mb_hdmi_text_controller_0_3'

1. Summary
----------

SUCCESS in the upgrade of lab7_1_mb_hdmi_text_controller_0_3 (xilinx.com:user:hdmi_text_controller:2.5) from (Rev. 13) to (Rev. 14)






Copyright 1986-2022 Xilinx, Inc. All Rights Reserved.
------------------------------------------------------------------------------------
| Tool Version : Vivado v.2022.2 (win64) Build 3671981 Fri Oct 14 05:00:03 MDT 2022
| Date         : Thu Apr 10 18:12:25 2025
| Host         : jasper running 64-bit major release  (build 9200)
| Command      : upgrade_ip
| Device       : xc7s50csga324-1
------------------------------------------------------------------------------------

Upgrade Log for IP 'lab7_1_mb_hdmi_text_controller_0_3'

1. Summary
----------

SUCCESS in the upgrade of lab7_1_mb_hdmi_text_controller_0_3 (xilinx.com:user:hdmi_text_controller:2.5) from (Rev. 12) to (Rev. 13)






Copyright 1986-2022 Xilinx, Inc. All Rights Reserved.
------------------------------------------------------------------------------------
| Tool Version : Vivado v.2022.2 (win64) Build 3671981 Fri Oct 14 05:00:03 MDT 2022
| Date         : Thu Apr 10 17:10:48 2025
| Host         : jasper running 64-bit major release  (build 9200)
| Command      : upgrade_ip
| Device       : xc7s50csga324-1
------------------------------------------------------------------------------------

Upgrade Log for IP 'lab7_1_mb_hdmi_text_controller_0_3'

1. Summary
----------

SUCCESS in the upgrade of lab7_1_mb_hdmi_text_controller_0_3 (xilinx.com:user:hdmi_text_controller:2.5) from (Rev. 10) to (Rev. 12)






Copyright 1986-2022 Xilinx, Inc. All Rights Reserved.
------------------------------------------------------------------------------------
| Tool Version : Vivado v.2022.2 (win64) Build 3671981 Fri Oct 14 05:00:03 MDT 2022
| Date         : Thu Apr 10 15:44:05 2025
| Host         : jasper running 64-bit major release  (build 9200)
| Command      : upgrade_ip
| Device       : xc7s50csga324-1
------------------------------------------------------------------------------------

Upgrade Log for IP 'lab7_1_mb_hdmi_text_controller_0_3'

1. Summary
----------

SUCCESS in the upgrade of lab7_1_mb_hdmi_text_controller_0_3 (xilinx.com:user:hdmi_text_controller:2.5) from (Rev. 8) to (Rev. 10)






Copyright 1986-2022 Xilinx, Inc. All Rights Reserved.
------------------------------------------------------------------------------------
| Tool Version : Vivado v.2022.2 (win64) Build 3671981 Fri Oct 14 05:00:03 MDT 2022
| Date         : Thu Apr 10 15:17:46 2025
| Host         : jasper running 64-bit major release  (build 9200)
| Command      : upgrade_ip
| Device       : xc7s50csga324-1
------------------------------------------------------------------------------------

Upgrade Log for IP 'lab7_1_mb_hdmi_text_controller_0_3'

1. Summary
----------

SUCCESS in the upgrade of lab7_1_mb_hdmi_text_controller_0_3 (xilinx.com:user:hdmi_text_controller:2.5) from (Rev. 7) to (Rev. 8)

